10Jan19 13:24:57 pid=17857 - vidit === NEW RUN MARKER ============================
10Jan19 13:24:57 pid=17857 L vidit Reading parameters and values from '/home/vidit/GIT/dump1090.socket30003/socket30003.cfg' config file:
10Jan19 13:24:57 pid=17857 L vidit Section: [common]
10Jan19 13:24:57 pid=17857 L vidit    filemask = dump*.txt
10Jan19 13:24:57 pid=17857 L vidit    #datadirectory = /tmp
10Jan19 13:24:57 pid=17857 L vidit    #logdirectory = /tmp
10Jan19 13:24:57 pid=17857 L vidit    piddirectory = /tmp
10Jan19 13:24:57 pid=17857 L vidit    #outputdirectory = /tmp
10Jan19 13:24:57 pid=17857 L vidit    distanceunit = kilometer
10Jan19 13:24:57 pid=17857 L vidit    altitudeunit = meter
10Jan19 13:24:57 pid=17857 L vidit    speedunit = kilometerph
10Jan19 13:24:57 pid=17857 L vidit    latitude = 49.9455248
10Jan19 13:24:57 pid=17857 L vidit    longitude = 7.9430989
10Jan19 13:24:57 pid=17857 L vidit    override = no
10Jan19 13:24:57 pid=17857 L vidit    timestamp = no
10Jan19 13:24:57 pid=17857 L vidit    sequencenumber = no
10Jan19 13:24:57 pid=17857 L vidit Section: [socket30003]
10Jan19 13:24:57 pid=17857 L vidit    PEER_HOST = 127.0.0.1
10Jan19 13:24:57 pid=17857 L vidit    TIME_MESSAGE_MARGIN = 10
10Jan19 13:24:57 pid=17857 L vidit    showpositions = no
10Jan19 13:24:57 pid=17857 L vidit    #datadirectory = /tmp
10Jan19 13:24:57 pid=17857 L vidit    #logdirectory = /tmp
10Jan19 13:24:57 pid=17857 L vidit    #piddirectory = /tmp
10Jan19 13:24:57 pid=17857 L vidit    #distanceunit = kilometer
10Jan19 13:24:57 pid=17857 L vidit    #altitudeunit = meter
10Jan19 13:24:57 pid=17857 L vidit    #speedunit = kilometerph
10Jan19 13:24:57 pid=17857 L vidit    #latitude = 52.085624
10Jan19 13:24:57 pid=17857 L vidit    #longitude = 5.0890591
10Jan19 13:24:57 pid=17857 I vidit Using the unit 'kilometer' for the distance, 'meter' for the altitude and 'kilometerph' for the speed.
10Jan19 13:24:57 pid=17857 I vidit Trying to connect to peer host '127.0.0.1'...
10Jan19 13:24:57 pid=17857 I vidit The antenna latitude & longitude are: '49.9455248','7.9430989'
10Jan19 13:24:57 pid=17857 I vidit The data directory/file is: ./dump/dump1090-127_0_0_1-190110.txt
10Jan19 13:24:57 pid=17857 I vidit The log  directory/file is: ./dump/dump1090-127_0_0_1-190110.log
10Jan19 13:24:57 pid=17857 I vidit Starting 'socket30003.pl'....
10Jan19 13:24:57 pid=17857 I vidit 'socket30003.pl' (17857) is started! Using pidfile /tmp/dump1090-127_0_0_1.pid.
10Jan19 13:24:57 pid=17857 I vidit Log file: './dump/dump1090-127_0_0_1-190110.log'
10Jan19 13:24:57 pid=17857 L vidit current number of flights=1,epoch=2019-01-10/13:24:57,msg_count=1,pos_count=4,flight_count=1,con_lost=1.
10Jan19 13:25:00 pid=17857 L vidit current number of flights=5,epoch=2019-01-10/13:25:00,msg_count=72,pos_count=7,flight_count=5,con_lost=1.
10Jan19 13:26:00 pid=17857 L vidit current number of flights=9,epoch=2019-01-10/13:26:00,msg_count=1895,pos_count=79,flight_count=9,con_lost=1.
10Jan19 13:27:00 pid=17857 L vidit current number of flights=11,epoch=2019-01-10/13:27:00,msg_count=4187,pos_count=164,flight_count=11,con_lost=1.
10Jan19 13:28:00 pid=17857 L vidit current number of flights=15,epoch=2019-01-10/13:28:00,msg_count=7506,pos_count=299,flight_count=15,con_lost=1.
10Jan19 13:28:00 pid=17857 L vidit removed:4BAB48,first seen=2019-01-10/13:25:27,last seen=2019-01-10/13:25:27,message_count=1,position_count=0.
10Jan19 13:29:00 pid=17857 L vidit current number of flights=14,epoch=2019-01-10/13:29:00,msg_count=10545,pos_count=415,flight_count=15,con_lost=1.
10Jan19 13:29:00 pid=17857 L vidit removed:E48DF6,first seen=2019-01-10/13:24:57,last seen=2019-01-10/13:26:54,message_count=376,position_count=43.
10Jan19 13:29:00 pid=17857 L vidit removed:4CA65D,first seen=2019-01-10/13:26:04,last seen=2019-01-10/13:26:04,message_count=1,position_count=0.
10Jan19 13:30:00 pid=17857 L vidit current number of flights=13,epoch=2019-01-10/13:30:00,msg_count=11740,pos_count=454,flight_count=16,con_lost=1.
10Jan19 13:30:00 pid=17857 L vidit removed:44CE73,first seen=2019-01-10/13:27:23,last seen=2019-01-10/13:27:42,message_count=3,position_count=1.
10Jan19 13:31:00 pid=17857 L vidit current number of flights=13,epoch=2019-01-10/13:31:00,msg_count=12598,pos_count=478,flight_count=17,con_lost=1.
10Jan19 13:31:00 pid=17857 L vidit removed:3D3806,first seen=2019-01-10/13:24:57,last seen=2019-01-10/13:28:07,message_count=373,position_count=0.
10Jan19 13:32:00 pid=17857 L vidit current number of flights=13,epoch=2019-01-10/13:32:00,msg_count=13419,pos_count=503,flight_count=18,con_lost=1.
10Jan19 13:32:00 pid=17857 L vidit removed:78022D,first seen=2019-01-10/13:24:57,last seen=2019-01-10/13:29:41,message_count=102,position_count=11.
10Jan19 13:32:00 pid=17857 L vidit removed:398560,first seen=2019-01-10/13:25:02,last seen=2019-01-10/13:29:29,message_count=1298,position_count=0.
10Jan19 13:32:00 pid=17857 L vidit removed:4A09AD,first seen=2019-01-10/13:24:57,last seen=2019-01-10/13:29:55,message_count=1134,position_count=40.
10Jan19 13:32:00 pid=17857 L vidit removed:392AF5,first seen=2019-01-10/13:26:40,last seen=2019-01-10/13:29:45,message_count=769,position_count=50.
10Jan19 13:32:00 pid=17857 L vidit removed:ADD143,first seen=2019-01-10/13:27:09,last seen=2019-01-10/13:29:30,message_count=556,position_count=19.
10Jan19 13:33:00 pid=17857 L vidit current number of flights=8,epoch=2019-01-10/13:33:00,msg_count=15145,pos_count=539,flight_count=18,con_lost=1.
10Jan19 13:33:00 pid=17857 L vidit removed:3C6595,first seen=2019-01-10/13:27:16,last seen=2019-01-10/13:30:00,message_count=4,position_count=0.
10Jan19 13:33:00 pid=17857 L vidit removed:4853D4,first seen=2019-01-10/13:25:44,last seen=2019-01-10/13:30:29,message_count=3065,position_count=131.
10Jan19 13:34:00 pid=17857 L vidit current number of flights=8,epoch=2019-01-10/13:34:00,msg_count=17209,pos_count=562,flight_count=20,con_lost=1.
10Jan19 13:34:00 pid=17857 L vidit removed:406FD8,first seen=2019-01-10/13:30:28,last seen=2019-01-10/13:31:49,message_count=95,position_count=1.
10Jan19 13:35:00 pid=17857 L vidit current number of flights=9,epoch=2019-01-10/13:35:00,msg_count=18252,pos_count=564,flight_count=22,con_lost=1.
10Jan19 13:35:00 pid=17857 L vidit removed:440031,first seen=2019-01-10/13:25:46,last seen=2019-01-10/13:32:24,message_count=2862,position_count=106.
10Jan19 13:36:00 pid=17857 L vidit current number of flights=9,epoch=2019-01-10/13:36:00,msg_count=19571,pos_count=640,flight_count=23,con_lost=1.
10Jan19 13:36:00 pid=17857 L vidit removed:4D2130,first seen=2019-01-10/13:24:58,last seen=2019-01-10/13:33:39,message_count=1890,position_count=70.
10Jan19 13:36:00 pid=17857 L vidit removed:3C6643,first seen=2019-01-10/13:33:26,last seen=2019-01-10/13:33:27,message_count=5,position_count=1.
10Jan19 13:37:00 pid=17857 L vidit current number of flights=10,epoch=2019-01-10/13:37:00,msg_count=20866,pos_count=709,flight_count=26,con_lost=1.
10Jan19 13:37:00 pid=17857 L vidit removed:39CD02,first seen=2019-01-10/13:27:31,last seen=2019-01-10/13:34:19,message_count=2348,position_count=85.
10Jan19 13:38:00 pid=17857 L vidit current number of flights=11,epoch=2019-01-10/13:38:00,msg_count=21628,pos_count=741,flight_count=28,con_lost=1.
10Jan19 13:39:00 pid=17857 L vidit current number of flights=11,epoch=2019-01-10/13:39:00,msg_count=22804,pos_count=796,flight_count=28,con_lost=1.
10Jan19 13:39:00 pid=17857 L vidit removed:398561,first seen=2019-01-10/13:29:05,last seen=2019-01-10/13:36:03,message_count=1899,position_count=0.
10Jan19 13:40:00 pid=17857 L vidit current number of flights=11,epoch=2019-01-10/13:40:00,msg_count=24008,pos_count=840,flight_count=29,con_lost=1.
10Jan19 13:40:00 pid=17857 L vidit removed:780D9C,first seen=2019-01-10/13:34:51,last seen=2019-01-10/13:37:11,message_count=948,position_count=39.
10Jan19 13:40:00 pid=17857 L vidit removed:4692C8,first seen=2019-01-10/13:36:49,last seen=2019-01-10/13:37:26,message_count=8,position_count=0.
10Jan19 13:40:00 pid=17857 L vidit removed:C01723,first seen=2019-01-10/13:36:23,last seen=2019-01-10/13:37:17,message_count=16,position_count=1.
10Jan19 13:40:00 pid=17857 L vidit removed:3C6445,first seen=2019-01-10/13:37:28,last seen=2019-01-10/13:37:28,message_count=4,position_count=0.
10Jan19 13:40:00 pid=17857 L vidit removed:344455,first seen=2019-01-10/13:36:51,last seen=2019-01-10/13:37:06,message_count=10,position_count=0.
10Jan19 13:41:00 pid=17857 L vidit current number of flights=7,epoch=2019-01-10/13:41:00,msg_count=25057,pos_count=896,flight_count=30,con_lost=1.
10Jan19 13:41:00 pid=17857 L vidit removed:406FD8,first seen=2019-01-10/13:34:33,last seen=2019-01-10/13:38:31,message_count=652,position_count=23.
10Jan19 13:41:00 pid=17857 L vidit removed:44034E,first seen=2019-01-10/13:31:31,last seen=2019-01-10/13:38:45,message_count=1774,position_count=0.
10Jan19 13:42:00 pid=17857 L vidit current number of flights=9,epoch=2019-01-10/13:42:00,msg_count=26027,pos_count=946,flight_count=34,con_lost=1.
10Jan19 13:42:00 pid=17857 L vidit removed:4076BA,first seen=2019-01-10/13:33:50,last seen=2019-01-10/13:39:35,message_count=1787,position_count=157.
10Jan19 13:43:00 pid=17857 L vidit current number of flights=11,epoch=2019-01-10/13:43:00,msg_count=27110,pos_count=1024,flight_count=37,con_lost=1.
10Jan19 13:43:00 pid=17857 L vidit removed:43E879,first seen=2019-01-10/13:37:27,last seen=2019-01-10/13:40:54,message_count=1353,position_count=0.
10Jan19 13:44:00 pid=17857 L vidit current number of flights=14,epoch=2019-01-10/13:44:00,msg_count=28582,pos_count=1094,flight_count=41,con_lost=1.
10Jan19 13:44:00 pid=17857 L vidit removed:3C65A7,first seen=2019-01-10/13:41:03,last seen=2019-01-10/13:41:03,message_count=2,position_count=0.
10Jan19 13:44:00 pid=17857 L vidit removed:4CAABF,first seen=2019-01-10/13:41:13,last seen=2019-01-10/13:41:13,message_count=2,position_count=0.
10Jan19 13:45:00 pid=17857 L vidit current number of flights=15,epoch=2019-01-10/13:45:00,msg_count=31433,pos_count=1274,flight_count=44,con_lost=1.
10Jan19 13:45:00 pid=17857 L vidit removed:4BAA6F,first seen=2019-01-10/13:42:23,last seen=2019-01-10/13:42:54,message_count=19,position_count=2.
10Jan19 13:46:00 pid=17857 L vidit current number of flights=15,epoch=2019-01-10/13:46:00,msg_count=33707,pos_count=1410,flight_count=45,con_lost=1.
10Jan19 13:46:00 pid=17857 L vidit removed:AE04F2,first seen=2019-01-10/13:35:30,last seen=2019-01-10/13:43:28,message_count=565,position_count=42.
10Jan19 13:46:00 pid=17857 L vidit removed:C01723,first seen=2019-01-10/13:40:55,last seen=2019-01-10/13:43:57,message_count=226,position_count=11.
10Jan19 13:46:00 pid=17857 L vidit removed:43E879,first seen=2019-01-10/13:43:50,last seen=2019-01-10/13:43:50,message_count=1,position_count=0.
10Jan19 13:47:00 pid=17857 L vidit current number of flights=12,epoch=2019-01-10/13:47:00,msg_count=35395,pos_count=1550,flight_count=45,con_lost=1.
10Jan19 13:48:00 pid=17857 L vidit current number of flights=15,epoch=2019-01-10/13:48:00,msg_count=36207,pos_count=1604,flight_count=48,con_lost=1.
10Jan19 13:48:00 pid=17857 L vidit removed:A8CD6A,first seen=2019-01-10/13:44:25,last seen=2019-01-10/13:45:35,message_count=159,position_count=26.
10Jan19 13:48:00 pid=17857 L vidit removed:4CA6D3,first seen=2019-01-10/13:42:33,last seen=2019-01-10/13:45:35,message_count=980,position_count=68.
10Jan19 13:48:00 pid=17857 L vidit removed:3C6671,first seen=2019-01-10/13:43:52,last seen=2019-01-10/13:45:39,message_count=31,position_count=4.
10Jan19 13:49:00 pid=17857 L vidit current number of flights=13,epoch=2019-01-10/13:49:00,msg_count=36844,pos_count=1612,flight_count=49,con_lost=1.
10Jan19 13:50:00 pid=17857 L vidit current number of flights=16,epoch=2019-01-10/13:50:00,msg_count=39082,pos_count=1653,flight_count=52,con_lost=1.
10Jan19 13:50:00 pid=17857 L vidit removed:3C674D,first seen=2019-01-10/13:39:10,last seen=2019-01-10/13:47:51,message_count=2419,position_count=132.
10Jan19 13:50:00 pid=17857 L vidit removed:000000,first seen=2019-01-10/13:44:09,last seen=2019-01-10/13:47:53,message_count=57,position_count=0.
10Jan19 13:50:00 pid=17857 L vidit removed:3C6670,first seen=2019-01-10/13:47:13,last seen=2019-01-10/13:47:28,message_count=8,position_count=0.
10Jan19 13:51:56 pid=14095 - vidit === NEW RUN MARKER ============================
10Jan19 13:51:56 pid=14095 L vidit Reading parameters and values from '/home/vidit/GIT/dump1090.socket30003/socket30003.cfg' config file:
10Jan19 13:51:56 pid=14095 L vidit Section: [common]
10Jan19 13:51:56 pid=14095 L vidit    filemask = dump*.txt
10Jan19 13:51:56 pid=14095 L vidit    #datadirectory = /tmp
10Jan19 13:51:56 pid=14095 L vidit    #logdirectory = /tmp
10Jan19 13:51:56 pid=14095 L vidit    piddirectory = /tmp
10Jan19 13:51:56 pid=14095 L vidit    #outputdirectory = /tmp
10Jan19 13:51:56 pid=14095 L vidit    distanceunit = kilometer
10Jan19 13:51:56 pid=14095 L vidit    altitudeunit = meter
10Jan19 13:51:56 pid=14095 L vidit    speedunit = kilometerph
10Jan19 13:51:56 pid=14095 L vidit    latitude = 49.9455248
10Jan19 13:51:56 pid=14095 L vidit    longitude = 7.9430989
10Jan19 13:51:56 pid=14095 L vidit    override = no
10Jan19 13:51:56 pid=14095 L vidit    timestamp = no
10Jan19 13:51:56 pid=14095 L vidit    sequencenumber = no
10Jan19 13:51:56 pid=14095 L vidit Section: [socket30003]
10Jan19 13:51:56 pid=14095 L vidit    PEER_HOST = 127.0.0.1
10Jan19 13:51:56 pid=14095 L vidit    TIME_MESSAGE_MARGIN = 10
10Jan19 13:51:56 pid=14095 L vidit    showpositions = no
10Jan19 13:51:56 pid=14095 L vidit    #datadirectory = /tmp
10Jan19 13:51:56 pid=14095 L vidit    #logdirectory = /tmp
10Jan19 13:51:56 pid=14095 L vidit    #piddirectory = /tmp
10Jan19 13:51:56 pid=14095 L vidit    #distanceunit = kilometer
10Jan19 13:51:56 pid=14095 L vidit    #altitudeunit = meter
10Jan19 13:51:56 pid=14095 L vidit    #speedunit = kilometerph
10Jan19 13:51:56 pid=14095 L vidit    #latitude = 52.085624
10Jan19 13:51:56 pid=14095 L vidit    #longitude = 5.0890591
10Jan19 13:51:56 pid=14095 I vidit Using the unit 'kilometer' for the distance, 'meter' for the altitude and 'kilometerph' for the speed.
10Jan19 13:51:56 pid=14095 I vidit Trying to connect to peer host '127.0.0.1'...
10Jan19 13:51:56 pid=14095 I vidit The antenna latitude & longitude are: '49.9455248','7.9430989'
10Jan19 13:51:56 pid=14095 I vidit The data directory/file is: ./dump/dump1090-127_0_0_1-190110.txt
10Jan19 13:51:56 pid=14095 I vidit The log  directory/file is: ./dump/dump1090-127_0_0_1-190110.log
10Jan19 13:51:56 pid=14095 I vidit Starting 'socket30003.pl'....
10Jan19 13:51:56 pid=14095 I vidit 'socket30003.pl' (14095) is started! Using pidfile /tmp/dump1090-127_0_0_1.pid.
10Jan19 13:51:56 pid=14095 I vidit Log file: './dump/dump1090-127_0_0_1-190110.log'
10Jan19 13:51:56 pid=14095 L vidit current number of flights=1,epoch=2019-01-10/13:51:56,msg_count=1,pos_count=4,flight_count=1,con_lost=1.
10Jan19 13:52:00 pid=14095 L vidit current number of flights=5,epoch=2019-01-10/13:52:00,msg_count=206,pos_count=16,flight_count=5,con_lost=1.
10Jan19 13:53:00 pid=14095 L vidit current number of flights=8,epoch=2019-01-10/13:53:00,msg_count=2501,pos_count=137,flight_count=8,con_lost=1.
10Jan19 13:54:00 pid=14095 L vidit current number of flights=9,epoch=2019-01-10/13:54:00,msg_count=3280,pos_count=185,flight_count=9,con_lost=1.
10Jan19 13:55:00 pid=14095 L vidit current number of flights=11,epoch=2019-01-10/13:55:00,msg_count=4297,pos_count=233,flight_count=11,con_lost=1.
10Jan19 13:55:00 pid=14095 L vidit removed:407025,first seen=2019-01-10/13:51:56,last seen=2019-01-10/13:52:49,message_count=82,position_count=0.
10Jan19 13:56:00 pid=14095 L vidit current number of flights=13,epoch=2019-01-10/13:56:00,msg_count=6651,pos_count=347,flight_count=14,con_lost=1.
10Jan19 13:56:00 pid=14095 L vidit removed:3C4D6A,first seen=2019-01-10/13:52:04,last seen=2019-01-10/13:53:53,message_count=46,position_count=0.
10Jan19 13:56:00 pid=14095 L vidit removed:4CA6A6,first seen=2019-01-10/13:51:56,last seen=2019-01-10/13:53:04,message_count=144,position_count=8.
10Jan19 13:56:00 pid=14095 L vidit removed:400969,first seen=2019-01-10/13:51:56,last seen=2019-01-10/13:53:34,message_count=342,position_count=0.
10Jan19 13:57:00 pid=14095 L vidit current number of flights=12,epoch=2019-01-10/13:57:00,msg_count=9426,pos_count=505,flight_count=16,con_lost=1.
10Jan19 13:58:00 pid=14095 L vidit current number of flights=14,epoch=2019-01-10/13:58:00,msg_count=11714,pos_count=677,flight_count=18,con_lost=1.
10Jan19 13:58:00 pid=14095 L vidit removed:4CA2BF,first seen=2019-01-10/13:52:45,last seen=2019-01-10/13:55:36,message_count=125,position_count=4.
10Jan19 13:58:00 pid=14095 L vidit removed:4BAA4E,first seen=2019-01-10/13:51:56,last seen=2019-01-10/13:55:01,message_count=930,position_count=43.
10Jan19 13:58:00 pid=14095 L vidit removed:3C6614,first seen=2019-01-10/13:51:56,last seen=2019-01-10/13:55:09,message_count=1504,position_count=115.
10Jan19 13:59:00 pid=14095 L vidit current number of flights=14,epoch=2019-01-10/13:59:00,msg_count=13423,pos_count=792,flight_count=21,con_lost=1.
10Jan19 13:59:00 pid=14095 L vidit removed:3C6583,first seen=2019-01-10/13:54:27,last seen=2019-01-10/13:56:31,message_count=14,position_count=0.
10Jan19 14:00:00 pid=14095 L vidit current number of flights=17,epoch=2019-01-10/14:00:00,msg_count=15645,pos_count=919,flight_count=25,con_lost=1.
10Jan19 14:00:00 pid=14095 L vidit removed:4CA769,first seen=2019-01-10/13:52:36,last seen=2019-01-10/13:57:31,message_count=1655,position_count=98.
10Jan19 14:01:00 pid=14095 L vidit current number of flights=16,epoch=2019-01-10/14:01:00,msg_count=18223,pos_count=1048,flight_count=25,con_lost=1.
10Jan19 14:01:00 pid=14095 L vidit removed:A7D6B7,first seen=2019-01-10/13:54:17,last seen=2019-01-10/13:58:33,message_count=2063,position_count=0.
10Jan19 14:01:00 pid=14095 L vidit removed:3C70C3,first seen=2019-01-10/13:55:18,last seen=2019-01-10/13:58:29,message_count=622,position_count=46.
10Jan19 14:02:00 pid=14095 L vidit current number of flights=17,epoch=2019-01-10/14:02:00,msg_count=20027,pos_count=1149,flight_count=28,con_lost=1.
10Jan19 14:02:00 pid=14095 L vidit removed:88510B,first seen=2019-01-10/13:55:17,last seen=2019-01-10/13:59:45,message_count=1650,position_count=98.
10Jan19 14:02:00 pid=14095 L vidit removed:AE16F4,first seen=2019-01-10/13:59:49,last seen=2019-01-10/13:59:49,message_count=2,position_count=0.
10Jan19 14:03:00 pid=14095 L vidit current number of flights=15,epoch=2019-01-10/14:03:00,msg_count=22451,pos_count=1271,flight_count=28,con_lost=1.
10Jan19 14:03:00 pid=14095 L vidit removed:406F79,first seen=2019-01-10/13:57:31,last seen=2019-01-10/14:00:36,message_count=156,position_count=7.
10Jan19 14:03:00 pid=14095 L vidit removed:440062,first seen=2019-01-10/13:59:33,last seen=2019-01-10/14:00:13,message_count=31,position_count=2.
10Jan19 14:03:00 pid=14095 L vidit removed:40087A,first seen=2019-01-10/13:53:53,last seen=2019-01-10/14:00:13,message_count=2291,position_count=242.
10Jan19 14:04:00 pid=14095 L vidit current number of flights=15,epoch=2019-01-10/14:04:00,msg_count=24945,pos_count=1426,flight_count=31,con_lost=1.
10Jan19 14:04:00 pid=14095 L vidit removed:40095D,first seen=2019-01-10/13:56:15,last seen=2019-01-10/14:01:36,message_count=1406,position_count=135.
10Jan19 14:04:00 pid=14095 L vidit removed:484CC3,first seen=2019-01-10/14:01:02,last seen=2019-01-10/14:01:02,message_count=2,position_count=0.
10Jan19 14:04:00 pid=14095 L vidit removed:AE1708,first seen=2019-01-10/13:55:59,last seen=2019-01-10/14:01:55,message_count=107,position_count=0.
10Jan19 14:04:00 pid=14095 L vidit removed:A1AA10,first seen=2019-01-10/13:58:40,last seen=2019-01-10/14:01:21,message_count=75,position_count=3.
10Jan19 14:05:00 pid=14095 L vidit current number of flights=13,epoch=2019-01-10/14:05:00,msg_count=26958,pos_count=1515,flight_count=33,con_lost=1.
10Jan19 14:05:00 pid=14095 L vidit removed:A4095F,first seen=2019-01-10/13:59:02,last seen=2019-01-10/14:02:45,message_count=827,position_count=86.
10Jan19 14:05:00 pid=14095 L vidit removed:40750D,first seen=2019-01-10/13:58:40,last seen=2019-01-10/14:02:39,message_count=3091,position_count=138.
10Jan19 14:05:00 pid=14095 L vidit removed:AE170D,first seen=2019-01-10/13:56:28,last seen=2019-01-10/14:02:00,message_count=55,position_count=0.
10Jan19 14:06:00 pid=14095 L vidit current number of flights=11,epoch=2019-01-10/14:06:00,msg_count=28495,pos_count=1595,flight_count=34,con_lost=1.
10Jan19 14:06:00 pid=14095 L vidit removed:44096D,first seen=2019-01-10/13:59:38,last seen=2019-01-10/14:03:32,message_count=671,position_count=30.
10Jan19 14:07:00 pid=14095 L vidit current number of flights=17,epoch=2019-01-10/14:07:00,msg_count=29785,pos_count=1657,flight_count=41,con_lost=1.
10Jan19 14:07:00 pid=14095 L vidit removed:4242E0,first seen=2019-01-10/13:57:55,last seen=2019-01-10/14:04:05,message_count=1770,position_count=62.
10Jan19 14:07:00 pid=14095 L vidit removed:44CE6B,first seen=2019-01-10/13:58:05,last seen=2019-01-10/14:04:27,message_count=2345,position_count=116.
10Jan19 14:07:00 pid=14095 L vidit removed:706057,first seen=2019-01-10/14:03:07,last seen=2019-01-10/14:04:55,message_count=142,position_count=2.
10Jan19 14:08:00 pid=14095 L vidit current number of flights=17,epoch=2019-01-10/14:08:00,msg_count=30594,pos_count=1702,flight_count=44,con_lost=1.
10Jan19 14:08:00 pid=14095 L vidit removed:3C6641,first seen=2019-01-10/14:04:48,last seen=2019-01-10/14:05:24,message_count=33,position_count=2.
10Jan19 14:08:00 pid=14095 L vidit removed:3C664D,first seen=2019-01-10/14:01:23,last seen=2019-01-10/14:05:24,message_count=2599,position_count=120.
10Jan19 14:09:00 pid=14095 L vidit current number of flights=21,epoch=2019-01-10/14:09:00,msg_count=32433,pos_count=1832,flight_count=50,con_lost=1.
10Jan19 14:09:00 pid=14095 L vidit removed:88516F,first seen=2019-01-10/14:03:51,last seen=2019-01-10/14:06:50,message_count=874,position_count=31.
10Jan19 14:09:00 pid=14095 L vidit removed:440062,first seen=2019-01-10/14:06:36,last seen=2019-01-10/14:06:47,message_count=11,position_count=1.
10Jan19 14:10:00 pid=14095 L vidit current number of flights=21,epoch=2019-01-10/14:10:00,msg_count=34534,pos_count=1961,flight_count=52,con_lost=1.
10Jan19 14:10:00 pid=14095 L vidit removed:AE161D,first seen=2019-01-10/14:06:57,last seen=2019-01-10/14:07:37,message_count=6,position_count=0.
10Jan19 14:10:00 pid=14095 L vidit removed:AE1708,first seen=2019-01-10/14:06:13,last seen=2019-01-10/14:07:59,message_count=30,position_count=0.
10Jan19 14:10:00 pid=14095 L vidit removed:AE170D,first seen=2019-01-10/14:06:50,last seen=2019-01-10/14:07:35,message_count=31,position_count=0.
10Jan19 14:10:00 pid=14095 L vidit removed:3C5464,first seen=2019-01-10/14:01:18,last seen=2019-01-10/14:07:01,message_count=1730,position_count=143.
10Jan19 14:10:00 pid=14095 L vidit removed:4CA6FE,first seen=2019-01-10/14:03:51,last seen=2019-01-10/14:07:21,message_count=504,position_count=13.
10Jan19 14:11:00 pid=14095 L vidit current number of flights=17,epoch=2019-01-10/14:11:00,msg_count=37373,pos_count=2160,flight_count=53,con_lost=1.
10Jan19 14:11:00 pid=14095 L vidit removed:3C6467,first seen=2019-01-10/14:07:55,last seen=2019-01-10/14:08:47,message_count=20,position_count=1.
10Jan19 14:11:00 pid=14095 L vidit removed:AE16F4,first seen=2019-01-10/14:08:28,last seen=2019-01-10/14:08:28,message_count=2,position_count=0.
10Jan19 14:12:00 pid=14095 L vidit current number of flights=17,epoch=2019-01-10/14:12:00,msg_count=39151,pos_count=2266,flight_count=55,con_lost=1.
10Jan19 14:12:00 pid=14095 L vidit removed:407261,first seen=2019-01-10/14:09:00,last seen=2019-01-10/14:09:06,message_count=13,position_count=0.
10Jan19 14:13:00 pid=14095 L vidit current number of flights=21,epoch=2019-01-10/14:13:00,msg_count=39974,pos_count=2317,flight_count=60,con_lost=1.
10Jan19 14:13:00 pid=14095 L vidit removed:AE16ED,first seen=2019-01-10/14:08:33,last seen=2019-01-10/14:10:21,message_count=10,position_count=0.
10Jan19 14:13:00 pid=14095 L vidit removed:3991E7,first seen=2019-01-10/14:07:28,last seen=2019-01-10/14:10:37,message_count=1270,position_count=73.
10Jan19 14:13:00 pid=14095 L vidit removed:748021,first seen=2019-01-10/14:06:20,last seen=2019-01-10/14:10:57,message_count=770,position_count=44.
10Jan19 14:13:00 pid=14095 L vidit removed:400940,first seen=2019-01-10/14:06:54,last seen=2019-01-10/14:10:16,message_count=108,position_count=5.
10Jan19 14:13:00 pid=14095 L vidit removed:3C66A7,first seen=2019-01-10/14:07:21,last seen=2019-01-10/14:10:53,message_count=672,position_count=56.
10Jan19 14:14:00 pid=14095 L vidit current number of flights=19,epoch=2019-01-10/14:14:00,msg_count=41241,pos_count=2400,flight_count=63,con_lost=1.
10Jan19 14:14:00 pid=14095 L vidit removed:44096D,first seen=2019-01-10/14:08:14,last seen=2019-01-10/14:11:10,message_count=33,position_count=0.
10Jan19 14:14:00 pid=14095 L vidit removed:49D3D4,first seen=2019-01-10/14:11:48,last seen=2019-01-10/14:11:53,message_count=8,position_count=0.
10Jan19 14:14:00 pid=14095 L vidit removed:706057,first seen=2019-01-10/14:08:29,last seen=2019-01-10/14:11:44,message_count=730,position_count=33.
10Jan19 14:15:00 pid=14095 L vidit current number of flights=17,epoch=2019-01-10/14:15:00,msg_count=44079,pos_count=2543,flight_count=64,con_lost=1.
10Jan19 14:15:00 pid=14095 L vidit removed:88516F,first seen=2019-01-10/14:10:13,last seen=2019-01-10/14:12:03,message_count=26,position_count=0.
10Jan19 14:15:00 pid=14095 L vidit removed:440128,first seen=2019-01-10/14:04:08,last seen=2019-01-10/14:12:41,message_count=2114,position_count=117.
10Jan19 14:15:00 pid=14095 L vidit removed:3C6504,first seen=2019-01-10/14:05:38,last seen=2019-01-10/14:12:43,message_count=1671,position_count=149.
10Jan19 14:15:00 pid=14095 L vidit removed:3C64EF,first seen=2019-01-10/14:08:13,last seen=2019-01-10/14:12:23,message_count=1845,position_count=139.
10Jan19 14:15:00 pid=14095 L vidit removed:780462,first seen=2019-01-10/14:08:31,last seen=2019-01-10/14:12:34,message_count=851,position_count=50.
10Jan19 14:15:00 pid=14095 L vidit removed:407261,first seen=2019-01-10/14:12:45,last seen=2019-01-10/14:12:45,message_count=1,position_count=0.
10Jan19 14:15:00 pid=14095 L vidit removed:000000,first seen=2019-01-10/14:06:55,last seen=2019-01-10/14:12:14,message_count=98,position_count=0.
10Jan19 14:16:00 pid=14095 L vidit current number of flights=13,epoch=2019-01-10/14:16:00,msg_count=47075,pos_count=2659,flight_count=67,con_lost=1.
10Jan19 14:17:00 pid=14095 L vidit current number of flights=15,epoch=2019-01-10/14:17:00,msg_count=50179,pos_count=2733,flight_count=69,con_lost=1.
10Jan19 14:17:00 pid=14095 L vidit removed:4408B6,first seen=2019-01-10/14:12:14,last seen=2019-01-10/14:14:48,message_count=146,position_count=0.
10Jan19 14:17:00 pid=14095 L vidit removed:4CA6FE,first seen=2019-01-10/14:12:10,last seen=2019-01-10/14:14:47,message_count=36,position_count=0.
10Jan19 14:18:00 pid=14095 L vidit current number of flights=14,epoch=2019-01-10/14:18:00,msg_count=53235,pos_count=2809,flight_count=70,con_lost=1.
10Jan19 14:18:00 pid=14095 L vidit removed:A2D1C9,first seen=2019-01-10/14:12:19,last seen=2019-01-10/14:15:13,message_count=319,position_count=15.
10Jan19 14:18:00 pid=14095 L vidit removed:4B1534,first seen=2019-01-10/14:13:05,last seen=2019-01-10/14:15:05,message_count=18,position_count=0.
10Jan19 14:19:00 pid=14095 L vidit current number of flights=16,epoch=2019-01-10/14:19:00,msg_count=54243,pos_count=2859,flight_count=74,con_lost=1.
10Jan19 14:19:00 pid=14095 L vidit removed:471F87,first seen=2019-01-10/14:15:49,last seen=2019-01-10/14:16:21,message_count=21,position_count=1.
10Jan19 14:19:00 pid=14095 L vidit removed:AA92FB,first seen=2019-01-10/14:16:06,last seen=2019-01-10/14:16:06,message_count=2,position_count=0.
10Jan19 14:19:00 pid=14095 L vidit removed:3D7E93,first seen=2019-01-10/14:16:58,last seen=2019-01-10/14:16:58,message_count=2,position_count=0.
10Jan19 14:20:00 pid=14095 L vidit current number of flights=15,epoch=2019-01-10/14:20:00,msg_count=55454,pos_count=2920,flight_count=76,con_lost=1.
10Jan19 14:20:00 pid=14095 L vidit removed:4CACC0,first seen=2019-01-10/14:11:18,last seen=2019-01-10/14:17:18,message_count=1771,position_count=179.
10Jan19 14:20:00 pid=14095 L vidit removed:4841D8,first seen=2019-01-10/14:17:28,last seen=2019-01-10/14:17:29,message_count=4,position_count=0.
10Jan19 14:20:00 pid=14095 L vidit removed:7C8067,first seen=2019-01-10/14:09:32,last seen=2019-01-10/14:17:54,message_count=1409,position_count=73.
10Jan19 14:21:00 pid=14095 L vidit current number of flights=14,epoch=2019-01-10/14:21:00,msg_count=56454,pos_count=2966,flight_count=78,con_lost=1.
10Jan19 14:21:00 pid=14095 L vidit removed:3C6515,first seen=2019-01-10/14:15:37,last seen=2019-01-10/14:18:32,message_count=345,position_count=15.
10Jan19 14:21:00 pid=14095 L vidit removed:3C6747,first seen=2019-01-10/14:18:35,last seen=2019-01-10/14:18:40,message_count=3,position_count=0.
10Jan19 14:21:00 pid=14095 L vidit removed:406755,first seen=2019-01-10/14:18:01,last seen=2019-01-10/14:18:01,message_count=2,position_count=0.
10Jan19 14:22:00 pid=14095 L vidit current number of flights=13,epoch=2019-01-10/14:22:00,msg_count=57251,pos_count=2995,flight_count=80,con_lost=1.
10Jan19 14:22:00 pid=14095 L vidit removed:4D00C6,first seen=2019-01-10/14:14:51,last seen=2019-01-10/14:19:31,message_count=1203,position_count=0.
10Jan19 14:22:00 pid=14095 L vidit removed:484C1B,first seen=2019-01-10/14:19:42,last seen=2019-01-10/14:19:44,message_count=4,position_count=0.
10Jan19 14:22:00 pid=14095 L vidit removed:AE16F2,first seen=2019-01-10/14:19:26,last seen=2019-01-10/14:19:26,message_count=2,position_count=0.
10Jan19 14:22:00 pid=14095 L vidit removed:740734,first seen=2019-01-10/14:18:33,last seen=2019-01-10/14:19:22,message_count=8,position_count=1.
10Jan19 14:23:00 pid=14095 L vidit current number of flights=12,epoch=2019-01-10/14:23:00,msg_count=58899,pos_count=3071,flight_count=83,con_lost=1.
10Jan19 14:23:00 pid=14095 L vidit removed:506C2E,first seen=2019-01-10/14:15:48,last seen=2019-01-10/14:20:30,message_count=785,position_count=0.
10Jan19 14:23:00 pid=14095 L vidit removed:33FE9E,first seen=2019-01-10/14:13:37,last seen=2019-01-10/14:20:58,message_count=5245,position_count=0.
10Jan19 14:24:00 pid=14095 L vidit current number of flights=13,epoch=2019-01-10/14:24:00,msg_count=61175,pos_count=3171,flight_count=86,con_lost=1.
10Jan19 14:24:00 pid=14095 L vidit removed:3C7064,first seen=2019-01-10/14:13:25,last seen=2019-01-10/14:21:25,message_count=1880,position_count=204.
10Jan19 14:24:00 pid=14095 L vidit removed:3950CD,first seen=2019-01-10/14:12:51,last seen=2019-01-10/14:21:15,message_count=2577,position_count=143.
10Jan19 14:24:00 pid=14095 L vidit removed:4408B6,first seen=2019-01-10/14:21:53,last seen=2019-01-10/14:21:53,message_count=2,position_count=0.
10Jan19 14:25:00 pid=14095 L vidit current number of flights=11,epoch=2019-01-10/14:25:00,msg_count=62533,pos_count=3236,flight_count=87,con_lost=1.
10Jan19 14:25:00 pid=14095 L vidit removed:4D21AE,first seen=2019-01-10/14:18:02,last seen=2019-01-10/14:22:36,message_count=2760,position_count=129.
10Jan19 14:25:00 pid=14095 L vidit removed:3C6442,first seen=2019-01-10/14:21:32,last seen=2019-01-10/14:22:43,message_count=58,position_count=3.
10Jan19 14:25:00 pid=14095 L vidit removed:AE04F2,first seen=2019-01-10/14:22:09,last seen=2019-01-10/14:22:32,message_count=3,position_count=0.
10Jan19 14:26:00 pid=14095 L vidit current number of flights=9,epoch=2019-01-10/14:26:00,msg_count=62670,pos_count=3244,flight_count=88,con_lost=1.
10Jan19 14:27:00 pid=14095 L vidit current number of flights=10,epoch=2019-01-10/14:27:00,msg_count=63031,pos_count=3274,flight_count=89,con_lost=1.
10Jan19 14:27:00 pid=14095 L vidit removed:471F87,first seen=2019-01-10/14:20:34,last seen=2019-01-10/14:24:49,message_count=851,position_count=43.
10Jan19 14:27:00 pid=14095 L vidit removed:AE16ED,first seen=2019-01-10/14:23:49,last seen=2019-01-10/14:24:21,message_count=4,position_count=0.
10Jan19 14:28:00 pid=14095 L vidit current number of flights=10,epoch=2019-01-10/14:28:00,msg_count=64948,pos_count=3368,flight_count=91,con_lost=1.
10Jan19 14:28:00 pid=14095 L vidit removed:48418A,first seen=2019-01-10/14:25:16,last seen=2019-01-10/14:25:19,message_count=3,position_count=0.
10Jan19 14:29:00 pid=14095 L vidit current number of flights=12,epoch=2019-01-10/14:29:00,msg_count=68522,pos_count=3540,flight_count=94,con_lost=1.
10Jan19 14:29:00 pid=14095 L vidit removed:44D1A2,first seen=2019-01-10/14:20:55,last seen=2019-01-10/14:26:47,message_count=3110,position_count=105.
10Jan19 14:29:00 pid=14095 L vidit removed:71C284,first seen=2019-01-10/14:22:21,last seen=2019-01-10/14:26:40,message_count=287,position_count=30.
10Jan19 14:30:00 pid=14095 L vidit current number of flights=12,epoch=2019-01-10/14:30:00,msg_count=71624,pos_count=3711,flight_count=96,con_lost=1.
10Jan19 14:31:00 pid=14095 L vidit current number of flights=17,epoch=2019-01-10/14:31:00,msg_count=73860,pos_count=3827,flight_count=101,con_lost=1.
10Jan19 14:31:00 pid=14095 L vidit removed:400801,first seen=2019-01-10/14:22:13,last seen=2019-01-10/14:28:05,message_count=1411,position_count=86.
10Jan19 14:32:00 pid=14095 L vidit current number of flights=18,epoch=2019-01-10/14:32:00,msg_count=75340,pos_count=3915,flight_count=103,con_lost=1.
10Jan19 14:32:00 pid=14095 L vidit removed:3946EB,first seen=2019-01-10/14:23:20,last seen=2019-01-10/14:29:53,message_count=2252,position_count=94.
10Jan19 14:33:00 pid=14095 L vidit current number of flights=17,epoch=2019-01-10/14:33:00,msg_count=78314,pos_count=4072,flight_count=103,con_lost=1.
10Jan19 14:33:00 pid=14095 L vidit removed:86E496,first seen=2019-01-10/14:27:31,last seen=2019-01-10/14:30:34,message_count=472,position_count=40.
10Jan19 14:33:00 pid=14095 L vidit removed:400846,first seen=2019-01-10/14:28:43,last seen=2019-01-10/14:30:26,message_count=96,position_count=0.
10Jan19 14:34:00 pid=14095 L vidit current number of flights=17,epoch=2019-01-10/14:34:00,msg_count=80955,pos_count=4229,flight_count=105,con_lost=1.
10Jan19 14:34:00 pid=14095 L vidit removed:740823,first seen=2019-01-10/14:29:05,last seen=2019-01-10/14:31:50,message_count=213,position_count=8.
10Jan19 14:34:00 pid=14095 L vidit removed:AE04F2,first seen=2019-01-10/14:28:13,last seen=2019-01-10/14:31:56,message_count=615,position_count=64.
10Jan19 14:35:00 pid=14095 L vidit current number of flights=18,epoch=2019-01-10/14:35:00,msg_count=84538,pos_count=4430,flight_count=108,con_lost=1.
10Jan19 14:35:00 pid=14095 L vidit removed:3E1C9E,first seen=2019-01-10/14:26:52,last seen=2019-01-10/14:32:59,message_count=2835,position_count=76.
10Jan19 14:36:00 pid=14095 L vidit current number of flights=19,epoch=2019-01-10/14:36:00,msg_count=88581,pos_count=4709,flight_count=110,con_lost=1.
10Jan19 14:36:00 pid=14095 L vidit removed:407694,first seen=2019-01-10/14:24:30,last seen=2019-01-10/14:33:17,message_count=1948,position_count=216.
10Jan19 14:37:00 pid=14095 L vidit current number of flights=19,epoch=2019-01-10/14:37:00,msg_count=91356,pos_count=4909,flight_count=111,con_lost=1.
10Jan19 14:37:00 pid=14095 L vidit removed:398563,first seen=2019-01-10/14:31:45,last seen=2019-01-10/14:34:48,message_count=666,position_count=0.
10Jan19 14:37:00 pid=14095 L vidit removed:728641,first seen=2019-01-10/14:28:06,last seen=2019-01-10/14:34:17,message_count=556,position_count=37.
10Jan19 14:37:00 pid=14095 L vidit removed:484101,first seen=2019-01-10/14:27:20,last seen=2019-01-10/14:34:38,message_count=3025,position_count=90.
10Jan19 14:38:00 pid=14095 L vidit current number of flights=17,epoch=2019-01-10/14:38:00,msg_count=93146,pos_count=5016,flight_count=112,con_lost=1.
10Jan19 14:38:00 pid=14095 L vidit removed:49528A,first seen=2019-01-10/14:31:53,last seen=2019-01-10/14:35:26,message_count=2074,position_count=119.
10Jan19 14:38:00 pid=14095 L vidit removed:3D37AE,first seen=2019-01-10/14:33:26,last seen=2019-01-10/14:35:28,message_count=132,position_count=0.
10Jan19 14:38:00 pid=14095 L vidit removed:4BAACC,first seen=2019-01-10/14:30:49,last seen=2019-01-10/14:35:17,message_count=1287,position_count=56.
10Jan19 14:39:00 pid=14095 L vidit current number of flights=15,epoch=2019-01-10/14:39:00,msg_count=94169,pos_count=5092,flight_count=113,con_lost=1.
10Jan19 14:39:00 pid=14095 L vidit removed:000000,first seen=2019-01-10/14:23:25,last seen=2019-01-10/14:36:26,message_count=225,position_count=0.
10Jan19 14:39:00 pid=14095 L vidit removed:3C66B3,first seen=2019-01-10/14:30:13,last seen=2019-01-10/14:36:07,message_count=1927,position_count=91.
10Jan19 14:39:00 pid=14095 L vidit removed:3949E6,first seen=2019-01-10/14:34:19,last seen=2019-01-10/14:36:55,message_count=768,position_count=54.
10Jan19 14:40:00 pid=14095 L vidit current number of flights=15,epoch=2019-01-10/14:40:00,msg_count=96042,pos_count=5212,flight_count=116,con_lost=1.
10Jan19 14:40:00 pid=14095 L vidit removed:3C6648,first seen=2019-01-10/14:29:42,last seen=2019-01-10/14:37:03,message_count=471,position_count=37.
10Jan19 14:40:00 pid=14095 L vidit removed:89408B,first seen=2019-01-10/14:37:21,last seen=2019-01-10/14:37:26,message_count=5,position_count=0.
10Jan19 14:40:00 pid=14095 L vidit removed:3C6584,first seen=2019-01-10/14:30:13,last seen=2019-01-10/14:37:50,message_count=1658,position_count=85.
10Jan19 14:41:00 pid=14095 L vidit current number of flights=14,epoch=2019-01-10/14:41:00,msg_count=98789,pos_count=5341,flight_count=118,con_lost=1.
10Jan19 14:41:00 pid=14095 L vidit removed:3C6619,first seen=2019-01-10/14:30:40,last seen=2019-01-10/14:38:34,message_count=1018,position_count=136.
10Jan19 14:41:00 pid=14095 L vidit removed:740823,first seen=2019-01-10/14:35:05,last seen=2019-01-10/14:38:44,message_count=504,position_count=12.
10Jan19 14:42:00 pid=14095 L vidit current number of flights=15,epoch=2019-01-10/14:42:00,msg_count=101656,pos_count=5447,flight_count=121,con_lost=1.
10Jan19 14:43:00 pid=14095 L vidit current number of flights=17,epoch=2019-01-10/14:43:00,msg_count=103828,pos_count=5514,flight_count=123,con_lost=1.
10Jan19 14:43:00 pid=14095 L vidit removed:406752,first seen=2019-01-10/14:36:18,last seen=2019-01-10/14:40:03,message_count=522,position_count=38.
10Jan19 14:43:00 pid=14095 L vidit removed:3C65CD,first seen=2019-01-10/14:30:54,last seen=2019-01-10/14:40:32,message_count=2298,position_count=218.
10Jan19 14:44:00 pid=14095 L vidit current number of flights=17,epoch=2019-01-10/14:44:00,msg_count=106592,pos_count=5622,flight_count=125,con_lost=1.
10Jan19 14:44:00 pid=14095 L vidit removed:3C6588,first seen=2019-01-10/14:39:39,last seen=2019-01-10/14:41:43,message_count=23,position_count=3.
10Jan19 14:44:00 pid=14095 L vidit removed:4BAACC,first seen=2019-01-10/14:38:25,last seen=2019-01-10/14:41:31,message_count=143,position_count=2.
10Jan19 14:44:00 pid=14095 L vidit removed:4009C6,first seen=2019-01-10/14:34:41,last seen=2019-01-10/14:41:40,message_count=1529,position_count=100.
10Jan19 14:44:00 pid=14095 L vidit removed:3C6562,first seen=2019-01-10/14:40:40,last seen=2019-01-10/14:41:51,message_count=87,position_count=2.
10Jan19 14:44:00 pid=14095 L vidit removed:3949F4,first seen=2019-01-10/14:39:09,last seen=2019-01-10/14:41:46,message_count=860,position_count=51.
10Jan19 14:45:00 pid=14095 L vidit current number of flights=14,epoch=2019-01-10/14:45:00,msg_count=109165,pos_count=5736,flight_count=127,con_lost=1.
10Jan19 14:45:00 pid=14095 L vidit removed:3C4B32,first seen=2019-01-10/14:35:49,last seen=2019-01-10/14:42:00,message_count=1932,position_count=173.
10Jan19 14:45:00 pid=14095 L vidit removed:51007F,first seen=2019-01-10/14:33:57,last seen=2019-01-10/14:42:21,message_count=2524,position_count=118.
10Jan19 14:45:00 pid=14095 L vidit removed:3991E1,first seen=2019-01-10/14:34:36,last seen=2019-01-10/14:42:51,message_count=2167,position_count=124.
10Jan19 14:45:00 pid=14095 L vidit removed:3C56F5,first seen=2019-01-10/14:42:52,last seen=2019-01-10/14:42:57,message_count=4,position_count=0.
10Jan19 14:46:00 pid=14095 L vidit current number of flights=14,epoch=2019-01-10/14:46:00,msg_count=111226,pos_count=5834,flight_count=131,con_lost=1.
10Jan19 14:47:00 pid=14095 L vidit current number of flights=14,epoch=2019-01-10/14:47:00,msg_count=113213,pos_count=5951,flight_count=131,con_lost=1.
10Jan19 14:47:00 pid=14095 L vidit removed:3C4AD2,first seen=2019-01-10/14:41:38,last seen=2019-01-10/14:44:03,message_count=119,position_count=11.
10Jan19 14:48:00 pid=14095 L vidit current number of flights=16,epoch=2019-01-10/14:48:00,msg_count=114905,pos_count=6073,flight_count=134,con_lost=1.
10Jan19 14:48:00 pid=14095 L vidit removed:4843D9,first seen=2019-01-10/14:40:25,last seen=2019-01-10/14:45:14,message_count=4461,position_count=141.
10Jan19 14:49:00 pid=14095 L vidit current number of flights=17,epoch=2019-01-10/14:49:00,msg_count=116934,pos_count=6179,flight_count=136,con_lost=1.
10Jan19 14:49:00 pid=14095 L vidit removed:4D012B,first seen=2019-01-10/14:42:48,last seen=2019-01-10/14:46:05,message_count=597,position_count=58.
10Jan19 14:49:00 pid=14095 L vidit removed:3C65C4,first seen=2019-01-10/14:44:00,last seen=2019-01-10/14:46:38,message_count=22,position_count=3.
10Jan19 14:50:00 pid=14095 L vidit current number of flights=17,epoch=2019-01-10/14:50:00,msg_count=119194,pos_count=6272,flight_count=138,con_lost=1.
10Jan19 14:50:00 pid=14095 L vidit removed:70605B,first seen=2019-01-10/14:45:57,last seen=2019-01-10/14:47:36,message_count=57,position_count=3.
10Jan19 14:50:00 pid=14095 L vidit removed:406752,first seen=2019-01-10/14:45:11,last seen=2019-01-10/14:47:36,message_count=14,position_count=0.
10Jan19 14:50:00 pid=14095 L vidit removed:508395,first seen=2019-01-10/14:39:01,last seen=2019-01-10/14:47:58,message_count=3737,position_count=143.
10Jan19 14:51:00 pid=14095 L vidit current number of flights=17,epoch=2019-01-10/14:51:00,msg_count=122350,pos_count=6345,flight_count=141,con_lost=1.
10Jan19 14:51:00 pid=14095 L vidit removed:3C4DC2,first seen=2019-01-10/14:47:03,last seen=2019-01-10/14:48:09,message_count=36,position_count=0.
10Jan19 14:51:00 pid=14095 L vidit removed:3C4DC5,first seen=2019-01-10/14:41:57,last seen=2019-01-10/14:48:12,message_count=1720,position_count=0.
10Jan19 14:51:00 pid=14095 L vidit removed:8964BD,first seen=2019-01-10/14:44:18,last seen=2019-01-10/14:48:08,message_count=1245,position_count=28.
10Jan19 14:52:00 pid=14095 L vidit current number of flights=16,epoch=2019-01-10/14:52:00,msg_count=125886,pos_count=6451,flight_count=143,con_lost=1.
10Jan19 14:52:00 pid=14095 L vidit removed:3C64ED,first seen=2019-01-10/14:43:12,last seen=2019-01-10/14:49:36,message_count=1366,position_count=161.
10Jan19 14:53:00 pid=14095 L vidit current number of flights=16,epoch=2019-01-10/14:53:00,msg_count=128535,pos_count=6554,flight_count=144,con_lost=1.
10Jan19 14:53:00 pid=14095 L vidit removed:4CA1B3,first seen=2019-01-10/14:45:35,last seen=2019-01-10/14:50:13,message_count=1203,position_count=71.
10Jan19 14:53:00 pid=14095 L vidit removed:3C6676,first seen=2019-01-10/14:45:05,last seen=2019-01-10/14:50:45,message_count=827,position_count=75.
10Jan19 14:53:00 pid=14095 L vidit removed:4D00DA,first seen=2019-01-10/14:41:35,last seen=2019-01-10/14:50:38,message_count=3429,position_count=202.
10Jan19 14:54:00 pid=14095 L vidit current number of flights=15,epoch=2019-01-10/14:54:00,msg_count=131340,pos_count=6671,flight_count=146,con_lost=1.
10Jan19 14:54:00 pid=14095 L vidit removed:4D212C,first seen=2019-01-10/14:47:39,last seen=2019-01-10/14:51:59,message_count=3164,position_count=0.
10Jan19 14:54:00 pid=14095 L vidit removed:000000,first seen=2019-01-10/14:43:32,last seen=2019-01-10/14:51:48,message_count=128,position_count=0.
10Jan19 14:54:00 pid=14095 L vidit removed:44015A,first seen=2019-01-10/14:51:35,last seen=2019-01-10/14:51:48,message_count=3,position_count=0.
10Jan19 14:55:00 pid=14095 L vidit current number of flights=15,epoch=2019-01-10/14:55:00,msg_count=134463,pos_count=6820,flight_count=149,con_lost=1.
10Jan19 14:55:00 pid=14095 L vidit removed:867FC6,first seen=2019-01-10/14:48:16,last seen=2019-01-10/14:52:02,message_count=608,position_count=54.
10Jan19 14:56:00 pid=14095 L vidit current number of flights=17,epoch=2019-01-10/14:56:00,msg_count=138263,pos_count=6976,flight_count=152,con_lost=1.
10Jan19 14:56:00 pid=14095 L vidit removed:3D37AE,first seen=2019-01-10/14:50:31,last seen=2019-01-10/14:53:59,message_count=117,position_count=0.
10Jan19 14:56:00 pid=14095 L vidit removed:47BA1D,first seen=2019-01-10/14:48:52,last seen=2019-01-10/14:53:57,message_count=556,position_count=56.
10Jan19 14:56:00 pid=14095 L vidit removed:70605B,first seen=2019-01-10/14:50:18,last seen=2019-01-10/14:53:44,message_count=418,position_count=11.
10Jan19 14:57:00 pid=14095 L vidit current number of flights=14,epoch=2019-01-10/14:57:00,msg_count=140919,pos_count=7043,flight_count=152,con_lost=1.
10Jan19 14:57:00 pid=14095 L vidit removed:484130,first seen=2019-01-10/14:53:54,last seen=2019-01-10/14:54:45,message_count=16,position_count=1.
10Jan19 14:58:00 pid=14095 L vidit current number of flights=15,epoch=2019-01-10/14:58:00,msg_count=142172,pos_count=7090,flight_count=154,con_lost=1.
10Jan19 14:58:00 pid=14095 L vidit removed:A7C363,first seen=2019-01-10/14:49:53,last seen=2019-01-10/14:55:06,message_count=3403,position_count=109.
10Jan19 14:58:00 pid=14095 L vidit removed:000000,first seen=2019-01-10/14:54:54,last seen=2019-01-10/14:55:49,message_count=10,position_count=0.
10Jan19 14:58:00 pid=14095 L vidit removed:5081FB,first seen=2019-01-10/14:47:05,last seen=2019-01-10/14:55:47,message_count=1155,position_count=81.
10Jan19 14:59:00 pid=14095 L vidit current number of flights=13,epoch=2019-01-10/14:59:00,msg_count=142779,pos_count=7145,flight_count=155,con_lost=1.
10Jan19 14:59:00 pid=14095 L vidit removed:40073E,first seen=2019-01-10/14:51:31,last seen=2019-01-10/14:56:15,message_count=2793,position_count=110.
10Jan19 14:59:00 pid=14095 L vidit removed:ACB84D,first seen=2019-01-10/14:54:48,last seen=2019-01-10/14:56:07,message_count=567,position_count=16.
10Jan19 14:59:00 pid=14095 L vidit removed:4BAA64,first seen=2019-01-10/14:55:41,last seen=2019-01-10/14:56:15,message_count=5,position_count=0.
10Jan19 14:59:00 pid=14095 L vidit removed:4CA80F,first seen=2019-01-10/14:52:01,last seen=2019-01-10/14:56:26,message_count=3222,position_count=155.
10Jan19 15:00:00 pid=14095 L vidit current number of flights=9,epoch=2019-01-10/15:00:00,msg_count=143514,pos_count=7188,flight_count=155,con_lost=1.
10Jan19 15:00:00 pid=14095 L vidit removed:4CACAA,first seen=2019-01-10/14:50:44,last seen=2019-01-10/14:57:40,message_count=995,position_count=123.
10Jan19 15:00:00 pid=14095 L vidit removed:4CACC6,first seen=2019-01-10/14:53:38,last seen=2019-01-10/14:57:53,message_count=3797,position_count=154.
10Jan19 15:00:00 pid=14095 L vidit removed:398560,first seen=2019-01-10/14:54:08,last seen=2019-01-10/14:57:49,message_count=1987,position_count=0.
10Jan19 15:00:00 pid=14095 L vidit removed:3C6666,first seen=2019-01-10/14:55:22,last seen=2019-01-10/14:57:04,message_count=11,position_count=0.
10Jan19 15:01:00 pid=14095 L vidit current number of flights=7,epoch=2019-01-10/15:01:00,msg_count=144307,pos_count=7235,flight_count=157,con_lost=1.
10Jan19 15:02:00 pid=14095 L vidit current number of flights=7,epoch=2019-01-10/15:02:00,msg_count=145630,pos_count=7296,flight_count=157,con_lost=1.
10Jan19 15:02:00 pid=14095 L vidit removed:4D00D5,first seen=2019-01-10/14:49:20,last seen=2019-01-10/14:59:01,message_count=2710,position_count=0.
10Jan19 15:03:00 pid=14095 L vidit current number of flights=8,epoch=2019-01-10/15:03:00,msg_count=146456,pos_count=7335,flight_count=159,con_lost=1.
10Jan19 15:03:00 pid=14095 L vidit removed:3C66AB,first seen=2019-01-10/14:58:40,last seen=2019-01-10/15:00:28,message_count=23,position_count=1.
10Jan19 15:03:00 pid=14095 L vidit removed:3C66A8,first seen=2019-01-10/14:55:01,last seen=2019-01-10/15:00:20,message_count=614,position_count=83.
10Jan19 15:04:00 pid=14095 L vidit current number of flights=9,epoch=2019-01-10/15:04:00,msg_count=147257,pos_count=7368,flight_count=162,con_lost=1.
10Jan19 15:05:00 pid=14095 L vidit current number of flights=9,epoch=2019-01-10/15:05:00,msg_count=148966,pos_count=7437,flight_count=162,con_lost=1.
10Jan19 15:05:00 pid=14095 L vidit removed:485122,first seen=2019-01-10/15:02:31,last seen=2019-01-10/15:02:31,message_count=2,position_count=0.
10Jan19 15:06:00 pid=14095 L vidit current number of flights=8,epoch=2019-01-10/15:06:00,msg_count=151270,pos_count=7520,flight_count=162,con_lost=1.
10Jan19 15:06:00 pid=14095 L vidit removed:3C6652,first seen=2019-01-10/15:00:22,last seen=2019-01-10/15:03:28,message_count=124,position_count=13.
10Jan19 15:06:00 pid=14095 L vidit removed:471F92,first seen=2019-01-10/14:57:28,last seen=2019-01-10/15:03:19,message_count=2362,position_count=125.
10Jan19 15:07:00 pid=14095 L vidit current number of flights=9,epoch=2019-01-10/15:07:00,msg_count=153235,pos_count=7593,flight_count=165,con_lost=1.
10Jan19 15:07:00 pid=14095 L vidit removed:471E16,first seen=2019-01-10/14:57:34,last seen=2019-01-10/15:04:43,message_count=1508,position_count=62.
10Jan19 15:08:00 pid=14095 L vidit current number of flights=8,epoch=2019-01-10/15:08:00,msg_count=155636,pos_count=7707,flight_count=165,con_lost=1.
10Jan19 15:09:00 pid=14095 L vidit current number of flights=8,epoch=2019-01-10/15:09:00,msg_count=157286,pos_count=7798,flight_count=165,con_lost=1.
10Jan19 15:10:00 pid=14095 L vidit current number of flights=9,epoch=2019-01-10/15:10:00,msg_count=158204,pos_count=7832,flight_count=166,con_lost=1.
10Jan19 15:10:00 pid=14095 L vidit removed:8964A3,first seen=2019-01-10/15:03:39,last seen=2019-01-10/15:07:15,message_count=1460,position_count=54.
10Jan19 15:10:00 pid=14095 L vidit removed:3C65C5,first seen=2019-01-10/15:06:07,last seen=2019-01-10/15:07:08,message_count=21,position_count=0.
10Jan19 15:11:00 pid=14095 L vidit current number of flights=10,epoch=2019-01-10/15:11:00,msg_count=159099,pos_count=7846,flight_count=169,con_lost=1.
10Jan19 15:11:00 pid=14095 L vidit removed:4CA24E,first seen=2019-01-10/15:03:53,last seen=2019-01-10/15:08:49,message_count=936,position_count=28.
10Jan19 15:11:00 pid=14095 L vidit removed:A6006F,first seen=2019-01-10/15:00:04,last seen=2019-01-10/15:08:30,message_count=1932,position_count=70.
10Jan19 15:12:00 pid=14095 L vidit current number of flights=11,epoch=2019-01-10/15:12:00,msg_count=161162,pos_count=7946,flight_count=172,con_lost=1.
10Jan19 15:13:00 pid=14095 L vidit current number of flights=13,epoch=2019-01-10/15:13:00,msg_count=163448,pos_count=8077,flight_count=174,con_lost=1.
10Jan19 15:13:00 pid=14095 L vidit removed:4CA5E2,first seen=2019-01-10/15:06:30,last seen=2019-01-10/15:10:12,message_count=2091,position_count=152.
10Jan19 15:14:00 pid=14095 L vidit current number of flights=13,epoch=2019-01-10/15:14:00,msg_count=164519,pos_count=8152,flight_count=175,con_lost=1.
10Jan19 15:14:00 pid=14095 L vidit removed:3C9579,first seen=2019-01-10/15:11:14,last seen=2019-01-10/15:11:18,message_count=3,position_count=0.
10Jan19 15:15:00 pid=14095 L vidit current number of flights=13,epoch=2019-01-10/15:15:00,msg_count=165482,pos_count=8192,flight_count=176,con_lost=1.
10Jan19 15:15:00 pid=14095 L vidit removed:3FB452,first seen=2019-01-10/15:06:41,last seen=2019-01-10/15:12:20,message_count=1621,position_count=0.
10Jan19 15:15:00 pid=14095 L vidit removed:8964A3,first seen=2019-01-10/15:12:28,last seen=2019-01-10/15:12:28,message_count=3,position_count=0.
10Jan19 15:16:00 pid=14095 L vidit current number of flights=11,epoch=2019-01-10/15:16:00,msg_count=166910,pos_count=8259,flight_count=176,con_lost=1.
10Jan19 15:16:00 pid=14095 L vidit removed:3C65C6,first seen=2019-01-10/15:11:07,last seen=2019-01-10/15:13:15,message_count=441,position_count=51.
10Jan19 15:16:00 pid=14095 L vidit removed:3950CC,first seen=2019-01-10/15:02:21,last seen=2019-01-10/15:13:58,message_count=5516,position_count=229.
10Jan19 15:17:00 pid=14095 L vidit current number of flights=11,epoch=2019-01-10/15:17:00,msg_count=169624,pos_count=8398,flight_count=178,con_lost=1.
10Jan19 15:18:00 pid=14095 L vidit current number of flights=15,epoch=2019-01-10/15:18:00,msg_count=172940,pos_count=8539,flight_count=182,con_lost=1.
10Jan19 15:18:00 pid=14095 L vidit removed:4CA1D3,first seen=2019-01-10/15:09:58,last seen=2019-01-10/15:15:59,message_count=1442,position_count=54.
10Jan19 15:18:00 pid=14095 L vidit removed:3C66AD,first seen=2019-01-10/15:10:48,last seen=2019-01-10/15:15:07,message_count=1125,position_count=107.
10Jan19 15:19:00 pid=14095 L vidit current number of flights=15,epoch=2019-01-10/15:19:00,msg_count=176068,pos_count=8657,flight_count=184,con_lost=1.
10Jan19 15:19:00 pid=14095 L vidit removed:4CA243,first seen=2019-01-10/15:10:39,last seen=2019-01-10/15:16:56,message_count=938,position_count=33.
10Jan19 15:19:00 pid=14095 L vidit removed:3C4DCE,first seen=2019-01-10/15:11:56,last seen=2019-01-10/15:16:55,message_count=366,position_count=0.
10Jan19 15:20:00 pid=14095 L vidit current number of flights=15,epoch=2019-01-10/15:20:00,msg_count=178777,pos_count=8813,flight_count=186,con_lost=1.
10Jan19 15:21:00 pid=14095 L vidit current number of flights=17,epoch=2019-01-10/15:21:00,msg_count=181206,pos_count=8955,flight_count=188,con_lost=1.
10Jan19 15:21:00 pid=14095 L vidit removed:4005BF,first seen=2019-01-10/15:14:08,last seen=2019-01-10/15:18:06,message_count=1466,position_count=72.
10Jan19 15:21:00 pid=14095 L vidit removed:000000,first seen=2019-01-10/15:03:10,last seen=2019-01-10/15:18:04,message_count=241,position_count=0.
10Jan19 15:21:00 pid=14095 L vidit removed:3C6654,first seen=2019-01-10/15:10:37,last seen=2019-01-10/15:18:20,message_count=1468,position_count=116.
10Jan19 15:22:00 pid=14095 L vidit current number of flights=16,epoch=2019-01-10/15:22:00,msg_count=183340,pos_count=9062,flight_count=190,con_lost=1.
10Jan19 15:22:00 pid=14095 L vidit removed:4CACA9,first seen=2019-01-10/15:13:17,last seen=2019-01-10/15:19:37,message_count=2444,position_count=134.
10Jan19 15:22:00 pid=14095 L vidit removed:48455C,first seen=2019-01-10/15:12:58,last seen=2019-01-10/15:19:07,message_count=3367,position_count=129.
10Jan19 15:22:00 pid=14095 L vidit removed:4BB850,first seen=2019-01-10/15:17:43,last seen=2019-01-10/15:19:53,message_count=170,position_count=5.
10Jan19 15:22:00 pid=14095 L vidit removed:3F719A,first seen=2019-01-10/15:16:43,last seen=2019-01-10/15:19:51,message_count=506,position_count=0.
10Jan19 15:22:00 pid=14095 L vidit removed:407534,first seen=2019-01-10/15:19:44,last seen=2019-01-10/15:19:46,message_count=6,position_count=0.
10Jan19 15:23:00 pid=14095 L vidit current number of flights=16,epoch=2019-01-10/15:23:00,msg_count=185977,pos_count=9192,flight_count=195,con_lost=1.
10Jan19 15:23:00 pid=14095 L vidit removed:4D20C4,first seen=2019-01-10/15:17:18,last seen=2019-01-10/15:20:36,message_count=947,position_count=0.
10Jan19 15:24:00 pid=14095 L vidit current number of flights=18,epoch=2019-01-10/15:24:00,msg_count=188379,pos_count=9323,flight_count=198,con_lost=1.
10Jan19 15:25:00 pid=14095 L vidit current number of flights=21,epoch=2019-01-10/15:25:00,msg_count=189939,pos_count=9396,flight_count=201,con_lost=1.
10Jan19 15:25:00 pid=14095 L vidit removed:4BB263,first seen=2019-01-10/15:22:20,last seen=2019-01-10/15:22:39,message_count=18,position_count=0.
10Jan19 15:25:00 pid=14095 L vidit removed:3006B5,first seen=2019-01-10/15:22:42,last seen=2019-01-10/15:22:45,message_count=3,position_count=0.
10Jan19 15:25:00 pid=14095 L vidit removed:3C6675,first seen=2019-01-10/15:17:38,last seen=2019-01-10/15:22:33,message_count=929,position_count=78.
10Jan19 15:26:00 pid=14095 L vidit current number of flights=19,epoch=2019-01-10/15:26:00,msg_count=192296,pos_count=9514,flight_count=202,con_lost=1.
10Jan19 15:26:00 pid=14095 L vidit removed:3C4AA1,first seen=2019-01-10/15:16:23,last seen=2019-01-10/15:23:36,message_count=2189,position_count=122.
10Jan19 15:26:00 pid=14095 L vidit removed:000000,first seen=2019-01-10/15:21:23,last seen=2019-01-10/15:23:43,message_count=112,position_count=0.
10Jan19 15:26:00 pid=14095 L vidit removed:44028D,first seen=2019-01-10/15:22:17,last seen=2019-01-10/15:23:38,message_count=6,position_count=0.
10Jan19 15:26:00 pid=14095 L vidit removed:502C2F,first seen=2019-01-10/15:17:38,last seen=2019-01-10/15:23:56,message_count=2569,position_count=110.
10Jan19 15:26:00 pid=14095 L vidit removed:484966,first seen=2019-01-10/15:21:56,last seen=2019-01-10/15:23:48,message_count=34,position_count=0.
10Jan19 15:27:00 pid=14095 L vidit current number of flights=20,epoch=2019-01-10/15:27:00,msg_count=195550,pos_count=9692,flight_count=208,con_lost=1.
10Jan19 15:27:00 pid=14095 L vidit removed:3E1206,first seen=2019-01-10/15:23:49,last seen=2019-01-10/15:24:56,message_count=50,position_count=0.
10Jan19 15:27:00 pid=14095 L vidit removed:3C4DC4,first seen=2019-01-10/15:22:49,last seen=2019-01-10/15:24:42,message_count=70,position_count=0.
10Jan19 15:28:00 pid=14095 L vidit current number of flights=22,epoch=2019-01-10/15:28:00,msg_count=198332,pos_count=9841,flight_count=212,con_lost=1.
10Jan19 15:28:00 pid=14095 L vidit removed:4841AD,first seen=2019-01-10/15:25:54,last seen=2019-01-10/15:25:54,message_count=4,position_count=0.
10Jan19 15:28:00 pid=14095 L vidit removed:4CA67B,first seen=2019-01-10/15:20:57,last seen=2019-01-10/15:25:43,message_count=2367,position_count=90.
10Jan19 15:29:00 pid=14095 L vidit current number of flights=24,epoch=2019-01-10/15:29:00,msg_count=201645,pos_count=9978,flight_count=216,con_lost=1.
10Jan19 15:29:00 pid=14095 L vidit removed:4D20C4,first seen=2019-01-10/15:23:51,last seen=2019-01-10/15:26:51,message_count=305,position_count=0.
10Jan19 15:29:00 pid=14095 L vidit removed:4BB84A,first seen=2019-01-10/15:18:25,last seen=2019-01-10/15:26:32,message_count=2583,position_count=126.
10Jan19 15:29:00 pid=14095 L vidit removed:4CA9CD,first seen=2019-01-10/15:22:15,last seen=2019-01-10/15:26:27,message_count=926,position_count=87.
10Jan19 15:29:00 pid=14095 L vidit removed:89630B,first seen=2019-01-10/15:26:15,last seen=2019-01-10/15:26:15,message_count=2,position_count=1.
10Jan19 15:29:00 pid=14095 L vidit removed:3C6621,first seen=2019-01-10/15:20:42,last seen=2019-01-10/15:26:14,message_count=522,position_count=63.
10Jan19 15:29:00 pid=14095 L vidit removed:3986EA,first seen=2019-01-10/15:23:21,last seen=2019-01-10/15:26:26,message_count=1215,position_count=0.
10Jan19 15:30:00 pid=14095 L vidit current number of flights=19,epoch=2019-01-10/15:30:00,msg_count=204459,pos_count=10103,flight_count=217,con_lost=1.
10Jan19 15:30:00 pid=14095 L vidit removed:3C65C1,first seen=2019-01-10/15:24:06,last seen=2019-01-10/15:27:53,message_count=2719,position_count=192.
10Jan19 15:30:00 pid=14095 L vidit removed:3C661A,first seen=2019-01-10/15:26:29,last seen=2019-01-10/15:27:33,message_count=4,position_count=0.
10Jan19 15:31:00 pid=14095 L vidit current number of flights=22,epoch=2019-01-10/15:31:00,msg_count=205804,pos_count=10167,flight_count=222,con_lost=1.
10Jan19 15:31:00 pid=14095 L vidit removed:400DB4,first seen=2019-01-10/15:26:52,last seen=2019-01-10/15:28:19,message_count=104,position_count=2.
10Jan19 15:31:00 pid=14095 L vidit removed:406BBB,first seen=2019-01-10/15:28:14,last seen=2019-01-10/15:28:54,message_count=76,position_count=6.
10Jan19 15:31:00 pid=14095 L vidit removed:4006C0,first seen=2019-01-10/15:24:50,last seen=2019-01-10/15:28:39,message_count=1444,position_count=87.
10Jan19 15:31:00 pid=14095 L vidit removed:3C66A1,first seen=2019-01-10/15:18:31,last seen=2019-01-10/15:28:29,message_count=1068,position_count=119.
10Jan19 15:31:00 pid=14095 L vidit removed:3FA70C,first seen=2019-01-10/15:27:46,last seen=2019-01-10/15:28:13,message_count=6,position_count=0.
10Jan19 15:31:00 pid=14095 L vidit removed:3CEFBC,first seen=2019-01-10/15:27:51,last seen=2019-01-10/15:28:18,message_count=56,position_count=3.
10Jan19 15:32:00 pid=14095 L vidit current number of flights=19,epoch=2019-01-10/15:32:00,msg_count=207094,pos_count=10242,flight_count=225,con_lost=1.
10Jan19 15:32:00 pid=14095 L vidit removed:4B1534,first seen=2019-01-10/15:28:02,last seen=2019-01-10/15:29:17,message_count=10,position_count=0.
10Jan19 15:32:00 pid=14095 L vidit removed:4CA700,first seen=2019-01-10/15:24:37,last seen=2019-01-10/15:29:32,message_count=2386,position_count=106.
10Jan19 15:33:00 pid=14095 L vidit current number of flights=21,epoch=2019-01-10/15:33:00,msg_count=210145,pos_count=10370,flight_count=229,con_lost=1.
10Jan19 15:33:00 pid=14095 L vidit removed:407462,first seen=2019-01-10/15:19:20,last seen=2019-01-10/15:30:04,message_count=1894,position_count=89.
10Jan19 15:34:00 pid=14095 L vidit current number of flights=21,epoch=2019-01-10/15:34:00,msg_count=213957,pos_count=10554,flight_count=230,con_lost=1.
10Jan19 15:34:00 pid=14095 L vidit removed:3CD194,first seen=2019-01-10/15:26:39,last seen=2019-01-10/15:31:51,message_count=2106,position_count=0.
10Jan19 15:34:00 pid=14095 L vidit removed:4CAA44,first seen=2019-01-10/15:27:23,last seen=2019-01-10/15:31:48,message_count=2012,position_count=101.
10Jan19 15:34:00 pid=14095 L vidit removed:4B85B0,first seen=2019-01-10/15:28:01,last seen=2019-01-10/15:31:19,message_count=1603,position_count=80.
10Jan19 15:34:00 pid=14095 L vidit removed:4BB263,first seen=2019-01-10/15:26:43,last seen=2019-01-10/15:31:58,message_count=519,position_count=23.
10Jan19 15:34:00 pid=14095 L vidit removed:3C5466,first seen=2019-01-10/15:26:39,last seen=2019-01-10/15:31:22,message_count=511,position_count=66.
10Jan19 15:35:00 pid=14095 L vidit current number of flights=18,epoch=2019-01-10/15:35:00,msg_count=217585,pos_count=10715,flight_count=232,con_lost=1.
10Jan19 15:35:00 pid=14095 L vidit removed:3C658B,first seen=2019-01-10/15:30:53,last seen=2019-01-10/15:32:02,message_count=33,position_count=3.
10Jan19 15:35:00 pid=14095 L vidit removed:3E4109,first seen=2019-01-10/15:30:20,last seen=2019-01-10/15:32:49,message_count=106,position_count=0.
10Jan19 15:36:00 pid=14095 L vidit current number of flights=19,epoch=2019-01-10/15:36:00,msg_count=221020,pos_count=10904,flight_count=235,con_lost=1.
10Jan19 15:36:00 pid=14095 L vidit removed:02008B,first seen=2019-01-10/15:31:10,last seen=2019-01-10/15:33:48,message_count=732,position_count=56.
10Jan19 15:36:00 pid=14095 L vidit removed:3C6612,first seen=2019-01-10/15:27:34,last seen=2019-01-10/15:33:43,message_count=470,position_count=54.
10Jan19 15:37:00 pid=14095 L vidit current number of flights=20,epoch=2019-01-10/15:37:00,msg_count=224122,pos_count=11089,flight_count=238,con_lost=1.
10Jan19 15:37:00 pid=14095 L vidit removed:3C66A4,first seen=2019-01-10/15:32:33,last seen=2019-01-10/15:34:51,message_count=230,position_count=23.
10Jan19 15:38:00 pid=14095 L vidit current number of flights=22,epoch=2019-01-10/15:38:00,msg_count=226930,pos_count=11263,flight_count=241,con_lost=1.
10Jan19 15:38:00 pid=14095 L vidit removed:3C658E,first seen=2019-01-10/15:29:08,last seen=2019-01-10/15:35:31,message_count=977,position_count=77.
10Jan19 15:39:00 pid=14095 L vidit current number of flights=23,epoch=2019-01-10/15:39:00,msg_count=230455,pos_count=11458,flight_count=243,con_lost=1.
10Jan19 15:39:00 pid=14095 L vidit removed:3C66E2,first seen=2019-01-10/15:35:24,last seen=2019-01-10/15:36:20,message_count=19,position_count=0.
10Jan19 15:39:00 pid=14095 L vidit removed:3D666F,first seen=2019-01-10/15:30:32,last seen=2019-01-10/15:36:28,message_count=2771,position_count=0.
10Jan19 15:39:00 pid=14095 L vidit removed:406BBB,first seen=2019-01-10/15:32:18,last seen=2019-01-10/15:36:54,message_count=497,position_count=44.
10Jan19 15:39:00 pid=14095 L vidit removed:484C9B,first seen=2019-01-10/15:30:34,last seen=2019-01-10/15:36:34,message_count=3518,position_count=114.
10Jan19 15:40:00 pid=14095 L vidit current number of flights=22,epoch=2019-01-10/15:40:00,msg_count=234201,pos_count=11636,flight_count=246,con_lost=1.
10Jan19 15:40:00 pid=14095 L vidit removed:407510,first seen=2019-01-10/15:28:44,last seen=2019-01-10/15:37:12,message_count=2074,position_count=79.
10Jan19 15:40:00 pid=14095 L vidit removed:3C6749,first seen=2019-01-10/15:30:35,last seen=2019-01-10/15:37:14,message_count=887,position_count=82.
10Jan19 15:41:00 pid=14095 L vidit current number of flights=27,epoch=2019-01-10/15:41:00,msg_count=239264,pos_count=11903,flight_count=253,con_lost=1.
10Jan19 15:41:00 pid=14095 L vidit removed:3C6646,first seen=2019-01-10/15:31:33,last seen=2019-01-10/15:38:35,message_count=842,position_count=88.
10Jan19 15:41:00 pid=14095 L vidit removed:40087A,first seen=2019-01-10/15:32:11,last seen=2019-01-10/15:38:27,message_count=2144,position_count=135.
10Jan19 15:41:00 pid=14095 L vidit removed:3C4DC1,first seen=2019-01-10/15:37:20,last seen=2019-01-10/15:38:19,message_count=23,position_count=0.
10Jan19 15:41:00 pid=14095 L vidit removed:3C6626,first seen=2019-01-10/15:32:36,last seen=2019-01-10/15:38:54,message_count=403,position_count=44.
10Jan19 15:41:00 pid=14095 L vidit removed:424B29,first seen=2019-01-10/15:33:10,last seen=2019-01-10/15:38:04,message_count=782,position_count=0.
10Jan19 15:42:00 pid=14095 L vidit current number of flights=25,epoch=2019-01-10/15:42:00,msg_count=244166,pos_count=12157,flight_count=256,con_lost=1.
10Jan19 15:42:00 pid=14095 L vidit removed:4402AE,first seen=2019-01-10/15:34:38,last seen=2019-01-10/15:39:40,message_count=1355,position_count=90.
10Jan19 15:42:00 pid=14095 L vidit removed:4B1617,first seen=2019-01-10/15:37:49,last seen=2019-01-10/15:39:00,message_count=79,position_count=3.
10Jan19 15:43:00 pid=14095 L vidit current number of flights=25,epoch=2019-01-10/15:43:00,msg_count=247982,pos_count=12340,flight_count=258,con_lost=1.
10Jan19 15:43:00 pid=14095 L vidit removed:896143,first seen=2019-01-10/15:39:27,last seen=2019-01-10/15:40:07,message_count=49,position_count=0.
10Jan19 15:43:00 pid=14095 L vidit removed:4CA719,first seen=2019-01-10/15:40:30,last seen=2019-01-10/15:40:57,message_count=10,position_count=0.
10Jan19 15:44:00 pid=14095 L vidit current number of flights=23,epoch=2019-01-10/15:44:00,msg_count=251077,pos_count=12450,flight_count=258,con_lost=1.
10Jan19 15:44:00 pid=14095 L vidit removed:02008B,first seen=2019-01-10/15:36:40,last seen=2019-01-10/15:41:30,message_count=617,position_count=45.
10Jan19 15:44:00 pid=14095 L vidit removed:3C644A,first seen=2019-01-10/15:34:16,last seen=2019-01-10/15:41:02,message_count=1124,position_count=110.
10Jan19 15:44:00 pid=14095 L vidit removed:4BB844,first seen=2019-01-10/15:36:43,last seen=2019-01-10/15:41:33,message_count=2709,position_count=117.
10Jan19 15:44:00 pid=14095 L vidit removed:0101BC,first seen=2019-01-10/15:37:44,last seen=2019-01-10/15:41:56,message_count=3099,position_count=111.
10Jan19 15:45:00 pid=14095 L vidit current number of flights=20,epoch=2019-01-10/15:45:00,msg_count=253129,pos_count=12537,flight_count=259,con_lost=1.
10Jan19 15:45:00 pid=14095 L vidit removed:3991EA,first seen=2019-01-10/15:35:59,last seen=2019-01-10/15:42:15,message_count=2286,position_count=82.
10Jan19 15:45:00 pid=14095 L vidit removed:44034B,first seen=2019-01-10/15:41:04,last seen=2019-01-10/15:42:54,message_count=15,position_count=3.
10Jan19 15:45:00 pid=14095 L vidit removed:3C66AF,first seen=2019-01-10/15:40:22,last seen=2019-01-10/15:42:06,message_count=67,position_count=9.
10Jan19 15:46:00 pid=14095 L vidit current number of flights=23,epoch=2019-01-10/15:46:00,msg_count=254756,pos_count=12621,flight_count=265,con_lost=1.
10Jan19 15:46:00 pid=14095 L vidit removed:3C66E2,first seen=2019-01-10/15:40:11,last seen=2019-01-10/15:43:36,message_count=430,position_count=15.
10Jan19 15:46:00 pid=14095 L vidit removed:3C6614,first seen=2019-01-10/15:31:39,last seen=2019-01-10/15:43:38,message_count=1662,position_count=154.
10Jan19 15:46:00 pid=14095 L vidit removed:4CA8DB,first seen=2019-01-10/15:40:09,last seen=2019-01-10/15:43:42,message_count=287,position_count=12.
10Jan19 15:46:00 pid=14095 L vidit removed:3C6448,first seen=2019-01-10/15:35:39,last seen=2019-01-10/15:43:20,message_count=687,position_count=63.
10Jan19 15:46:00 pid=14095 L vidit removed:4005B9,first seen=2019-01-10/15:38:40,last seen=2019-01-10/15:43:46,message_count=3233,position_count=157.
10Jan19 15:47:00 pid=14095 L vidit current number of flights=21,epoch=2019-01-10/15:47:00,msg_count=257542,pos_count=12813,flight_count=268,con_lost=1.
10Jan19 15:48:00 pid=14095 L vidit current number of flights=23,epoch=2019-01-10/15:48:00,msg_count=260570,pos_count=13039,flight_count=270,con_lost=1.
10Jan19 15:48:00 pid=14095 L vidit removed:4B84E7,first seen=2019-01-10/15:39:33,last seen=2019-01-10/15:45:52,message_count=2899,position_count=131.
10Jan19 15:48:00 pid=14095 L vidit removed:4CA1B2,first seen=2019-01-10/15:39:43,last seen=2019-01-10/15:45:03,message_count=2632,position_count=121.
10Jan19 15:48:00 pid=14095 L vidit removed:781348,first seen=2019-01-10/15:38:25,last seen=2019-01-10/15:45:15,message_count=927,position_count=86.
10Jan19 15:48:00 pid=14095 L vidit removed:3F851A,first seen=2019-01-10/15:45:48,last seen=2019-01-10/15:45:48,message_count=2,position_count=0.
10Jan19 15:48:00 pid=14095 L vidit removed:440826,first seen=2019-01-10/15:40:32,last seen=2019-01-10/15:45:19,message_count=162,position_count=18.
10Jan19 15:49:00 pid=14095 L vidit current number of flights=20,epoch=2019-01-10/15:49:00,msg_count=263247,pos_count=13219,flight_count=272,con_lost=1.
10Jan19 15:50:00 pid=14095 L vidit current number of flights=23,epoch=2019-01-10/15:50:00,msg_count=266132,pos_count=13426,flight_count=275,con_lost=1.
10Jan19 15:50:00 pid=14095 L vidit removed:3C5467,first seen=2019-01-10/15:45:36,last seen=2019-01-10/15:47:12,message_count=57,position_count=2.
10Jan19 15:50:00 pid=14095 L vidit removed:424B29,first seen=2019-01-10/15:47:00,last seen=2019-01-10/15:47:00,message_count=2,position_count=0.
10Jan19 15:51:00 pid=14095 L vidit current number of flights=22,epoch=2019-01-10/15:51:00,msg_count=268816,pos_count=13604,flight_count=276,con_lost=1.
10Jan19 15:51:00 pid=14095 L vidit removed:440063,first seen=2019-01-10/15:47:41,last seen=2019-01-10/15:48:36,message_count=18,position_count=0.
10Jan19 15:51:00 pid=14095 L vidit removed:3C65CE,first seen=2019-01-10/15:36:01,last seen=2019-01-10/15:48:06,message_count=1800,position_count=152.
10Jan19 15:51:00 pid=14095 L vidit removed:3424D2,first seen=2019-01-10/15:41:45,last seen=2019-01-10/15:48:39,message_count=2105,position_count=100.
10Jan19 15:51:00 pid=14095 L vidit removed:4B84E7,first seen=2019-01-10/15:48:09,last seen=2019-01-10/15:48:35,message_count=24,position_count=0.
10Jan19 15:52:00 pid=14095 L vidit current number of flights=20,epoch=2019-01-10/15:52:00,msg_count=271115,pos_count=13764,flight_count=278,con_lost=1.
10Jan19 15:52:00 pid=14095 L vidit removed:010161,first seen=2019-01-10/15:48:48,last seen=2019-01-10/15:49:27,message_count=70,position_count=3.
10Jan19 15:52:00 pid=14095 L vidit removed:8005EE,first seen=2019-01-10/15:41:16,last seen=2019-01-10/15:49:48,message_count=2110,position_count=66.
10Jan19 15:53:00 pid=14095 L vidit current number of flights=21,epoch=2019-01-10/15:53:00,msg_count=272631,pos_count=13854,flight_count=281,con_lost=1.
10Jan19 15:53:00 pid=14095 L vidit removed:3C6489,first seen=2019-01-10/15:49:02,last seen=2019-01-10/15:50:53,message_count=164,position_count=16.
10Jan19 15:53:00 pid=14095 L vidit removed:3C65CC,first seen=2019-01-10/15:42:39,last seen=2019-01-10/15:50:41,message_count=1562,position_count=139.
10Jan19 15:53:00 pid=14095 L vidit removed:3C65C8,first seen=2019-01-10/15:40:28,last seen=2019-01-10/15:50:48,message_count=961,position_count=75.
10Jan19 15:54:00 pid=14095 L vidit current number of flights=20,epoch=2019-01-10/15:54:00,msg_count=274215,pos_count=13954,flight_count=283,con_lost=1.
10Jan19 15:55:00 pid=14095 L vidit current number of flights=23,epoch=2019-01-10/15:55:00,msg_count=276221,pos_count=14088,flight_count=286,con_lost=1.
10Jan19 15:55:00 pid=14095 L vidit removed:4CA5F6,first seen=2019-01-10/15:45:07,last seen=2019-01-10/15:52:17,message_count=1621,position_count=148.
10Jan19 15:55:00 pid=14095 L vidit removed:3C65CA,first seen=2019-01-10/15:40:14,last seen=2019-01-10/15:52:07,message_count=1705,position_count=123.
10Jan19 15:55:00 pid=14095 L vidit removed:440032,first seen=2019-01-10/15:42:19,last seen=2019-01-10/15:52:17,message_count=2712,position_count=0.
10Jan19 15:55:00 pid=14095 L vidit removed:4CA9C3,first seen=2019-01-10/15:45:52,last seen=2019-01-10/15:52:55,message_count=1477,position_count=91.
10Jan19 15:55:00 pid=14095 L vidit removed:3C4DC6,first seen=2019-01-10/15:51:16,last seen=2019-01-10/15:52:56,message_count=84,position_count=0.
10Jan19 15:56:00 pid=14095 L vidit current number of flights=20,epoch=2019-01-10/15:56:00,msg_count=279037,pos_count=14329,flight_count=288,con_lost=1.
10Jan19 15:56:00 pid=14095 L vidit removed:4CA541,first seen=2019-01-10/15:50:08,last seen=2019-01-10/15:53:14,message_count=124,position_count=8.
10Jan19 15:56:00 pid=14095 L vidit removed:3C65CF,first seen=2019-01-10/15:44:48,last seen=2019-01-10/15:53:34,message_count=1386,position_count=139.
10Jan19 15:56:00 pid=14095 L vidit removed:471F65,first seen=2019-01-10/15:46:28,last seen=2019-01-10/15:53:32,message_count=1714,position_count=104.
10Jan19 15:57:00 pid=14095 L vidit current number of flights=18,epoch=2019-01-10/15:57:00,msg_count=281250,pos_count=14519,flight_count=289,con_lost=1.
10Jan19 15:57:00 pid=14095 L vidit removed:3C66A6,first seen=2019-01-10/15:52:49,last seen=2019-01-10/15:54:11,message_count=52,position_count=5.
10Jan19 15:57:00 pid=14095 L vidit removed:3F719A,first seen=2019-01-10/15:54:24,last seen=2019-01-10/15:54:58,message_count=7,position_count=0.
10Jan19 15:57:00 pid=14095 L vidit removed:44CE61,first seen=2019-01-10/15:46:02,last seen=2019-01-10/15:54:03,message_count=1901,position_count=98.
10Jan19 15:58:00 pid=14095 L vidit current number of flights=16,epoch=2019-01-10/15:58:00,msg_count=283910,pos_count=14714,flight_count=290,con_lost=1.
10Jan19 15:58:00 pid=14095 L vidit removed:4BAA7A,first seen=2019-01-10/15:45:52,last seen=2019-01-10/15:55:07,message_count=1222,position_count=69.
10Jan19 15:59:00 pid=14095 L vidit current number of flights=16,epoch=2019-01-10/15:59:00,msg_count=286315,pos_count=14871,flight_count=291,con_lost=1.
10Jan19 15:59:00 pid=14095 L vidit removed:4BA96F,first seen=2019-01-10/15:52:32,last seen=2019-01-10/15:56:58,message_count=1480,position_count=86.
10Jan19 15:59:00 pid=14095 L vidit removed:471F58,first seen=2019-01-10/15:55:58,last seen=2019-01-10/15:56:08,message_count=35,position_count=1.
10Jan19 15:59:00 pid=14095 L vidit removed:896457,first seen=2019-01-10/15:52:05,last seen=2019-01-10/15:56:43,message_count=2149,position_count=115.
10Jan19 15:59:00 pid=14095 L vidit removed:3C6670,first seen=2019-01-10/15:46:31,last seen=2019-01-10/15:56:27,message_count=1608,position_count=121.
10Jan19 15:59:00 pid=14095 L vidit removed:3C6758,first seen=2019-01-10/15:49:26,last seen=2019-01-10/15:56:54,message_count=1086,position_count=119.
10Jan19 16:00:00 pid=14095 L vidit current number of flights=16,epoch=2019-01-10/16:00:00,msg_count=288022,pos_count=14977,flight_count=296,con_lost=1.
10Jan19 16:01:00 pid=14095 L vidit current number of flights=19,epoch=2019-01-10/16:01:00,msg_count=290073,pos_count=15121,flight_count=299,con_lost=1.
10Jan19 16:01:00 pid=14095 L vidit removed:3C6610,first seen=2019-01-10/15:57:20,last seen=2019-01-10/15:58:01,message_count=31,position_count=3.
10Jan19 16:01:00 pid=14095 L vidit removed:3C6678,first seen=2019-01-10/15:54:08,last seen=2019-01-10/15:58:22,message_count=376,position_count=41.
10Jan19 16:02:00 pid=14095 L vidit current number of flights=24,epoch=2019-01-10/16:02:00,msg_count=293512,pos_count=15293,flight_count=306,con_lost=1.
10Jan19 16:02:00 pid=14095 L vidit removed:3C666A,first seen=2019-01-10/15:45:58,last seen=2019-01-10/15:59:52,message_count=2502,position_count=236.
10Jan19 16:02:00 pid=14095 L vidit removed:3964EB,first seen=2019-01-10/15:53:02,last seen=2019-01-10/15:59:46,message_count=1753,position_count=79.
10Jan19 16:02:00 pid=14095 L vidit removed:AE16F4,first seen=2019-01-10/15:59:39,last seen=2019-01-10/15:59:51,message_count=3,position_count=0.
10Jan19 16:02:00 pid=14095 L vidit removed:AE170C,first seen=2019-01-10/15:59:17,last seen=2019-01-10/15:59:17,message_count=2,position_count=0.
10Jan19 16:02:00 pid=14095 L vidit removed:424557,first seen=2019-01-10/15:53:02,last seen=2019-01-10/15:59:14,message_count=2097,position_count=95.
10Jan19 16:02:00 pid=14095 L vidit removed:3C65C2,first seen=2019-01-10/15:49:21,last seen=2019-01-10/15:59:58,message_count=2251,position_count=242.
10Jan19 16:03:00 pid=14095 L vidit current number of flights=20,epoch=2019-01-10/16:03:00,msg_count=298093,pos_count=15475,flight_count=308,con_lost=1.
10Jan19 16:04:00 pid=14095 L vidit current number of flights=24,epoch=2019-01-10/16:04:00,msg_count=302531,pos_count=15640,flight_count=312,con_lost=1.
10Jan19 16:04:00 pid=14095 L vidit removed:3C66AC,first seen=2019-01-10/15:54:40,last seen=2019-01-10/16:01:12,message_count=1199,position_count=122.
10Jan19 16:04:00 pid=14095 L vidit removed:3C4DD6,first seen=2019-01-10/15:51:16,last seen=2019-01-10/16:01:30,message_count=953,position_count=0.
10Jan19 16:04:00 pid=14095 L vidit removed:4CA9A4,first seen=2019-01-10/16:01:42,last seen=2019-01-10/16:01:42,message_count=2,position_count=0.
10Jan19 16:04:00 pid=14095 L vidit removed:AE170D,first seen=2019-01-10/16:01:06,last seen=2019-01-10/16:01:48,message_count=7,position_count=0.
10Jan19 16:04:00 pid=14095 L vidit removed:3FB452,first seen=2019-01-10/16:00:24,last seen=2019-01-10/16:01:16,message_count=12,position_count=0.
10Jan19 16:04:00 pid=14095 L vidit removed:AE1708,first seen=2019-01-10/16:00:53,last seen=2019-01-10/16:01:06,message_count=25,position_count=0.
10Jan19 16:05:00 pid=14095 L vidit current number of flights=20,epoch=2019-01-10/16:05:00,msg_count=305628,pos_count=15743,flight_count=314,con_lost=1.
10Jan19 16:05:00 pid=14095 L vidit removed:3C6444,first seen=2019-01-10/16:01:25,last seen=2019-01-10/16:02:56,message_count=83,position_count=9.
10Jan19 16:06:00 pid=14095 L vidit current number of flights=21,epoch=2019-01-10/16:06:00,msg_count=309165,pos_count=15874,flight_count=316,con_lost=1.
10Jan19 16:06:00 pid=14095 L vidit removed:AE16F4,first seen=2019-01-10/16:02:59,last seen=2019-01-10/16:03:17,message_count=6,position_count=0.
10Jan19 16:06:00 pid=14095 L vidit removed:AE170C,first seen=2019-01-10/16:03:06,last seen=2019-01-10/16:03:09,message_count=4,position_count=0.
10Jan19 16:06:00 pid=14095 L vidit removed:4CA7B0,first seen=2019-01-10/16:00:11,last seen=2019-01-10/16:03:56,message_count=2939,position_count=119.
10Jan19 16:06:00 pid=14095 L vidit removed:4248F0,first seen=2019-01-10/15:55:14,last seen=2019-01-10/16:03:08,message_count=1178,position_count=127.
10Jan19 16:07:00 pid=14095 L vidit current number of flights=24,epoch=2019-01-10/16:07:00,msg_count=311364,pos_count=15954,flight_count=323,con_lost=1.
10Jan19 16:07:00 pid=14095 L vidit removed:894055,first seen=2019-01-10/16:01:25,last seen=2019-01-10/16:04:48,message_count=3028,position_count=74.
10Jan19 16:07:00 pid=14095 L vidit removed:3F719A,first seen=2019-01-10/15:59:49,last seen=2019-01-10/16:04:23,message_count=1874,position_count=0.
10Jan19 16:07:00 pid=14095 L vidit removed:3C65C3,first seen=2019-01-10/16:01:20,last seen=2019-01-10/16:04:58,message_count=204,position_count=28.
10Jan19 16:07:00 pid=14095 L vidit removed:04008C,first seen=2019-01-10/16:01:14,last seen=2019-01-10/16:04:27,message_count=1691,position_count=85.
10Jan19 16:07:00 pid=14095 L vidit removed:3C6604,first seen=2019-01-10/15:56:57,last seen=2019-01-10/16:04:25,message_count=971,position_count=108.
10Jan19 16:08:00 pid=14095 L vidit current number of flights=23,epoch=2019-01-10/16:08:00,msg_count=314732,pos_count=16108,flight_count=327,con_lost=1.
10Jan19 16:08:00 pid=14095 L vidit removed:3C6635,first seen=2019-01-10/15:58:55,last seen=2019-01-10/16:05:58,message_count=1074,position_count=105.
10Jan19 16:09:00 pid=14095 L vidit current number of flights=25,epoch=2019-01-10/16:09:00,msg_count=318470,pos_count=16320,flight_count=330,con_lost=1.
10Jan19 16:09:00 pid=14095 L vidit removed:AE16F4,first seen=2019-01-10/16:06:47,last seen=2019-01-10/16:06:47,message_count=1,position_count=0.
10Jan19 16:09:00 pid=14095 L vidit removed:3C5465,first seen=2019-01-10/16:05:07,last seen=2019-01-10/16:06:15,message_count=33,position_count=1.
10Jan19 16:09:00 pid=14095 L vidit removed:3C6567,first seen=2019-01-10/16:03:11,last seen=2019-01-10/16:06:19,message_count=445,position_count=16.
10Jan19 16:09:00 pid=14095 L vidit removed:4CA78F,first seen=2019-01-10/16:04:55,last seen=2019-01-10/16:06:32,message_count=136,position_count=2.
10Jan19 16:09:00 pid=14095 L vidit removed:40083C,first seen=2019-01-10/15:59:04,last seen=2019-01-10/16:06:57,message_count=1310,position_count=104.
10Jan19 16:10:00 pid=14095 L vidit current number of flights=25,epoch=2019-01-10/16:10:00,msg_count=321702,pos_count=16504,flight_count=335,con_lost=1.
10Jan19 16:10:00 pid=14095 L vidit removed:4075C1,first seen=2019-01-10/16:05:05,last seen=2019-01-10/16:07:52,message_count=79,position_count=2.
