11Jan19 09:43:05 pid=3754  - vidit === NEW RUN MARKER ============================
11Jan19 09:42:35 pid=3754  L vidit Reading parameters and values from '/home/vidit/GIT/dump1090.socket30003/socket30003.cfg' config file:
11Jan19 09:42:35 pid=3754  L vidit Section: [common]
11Jan19 09:42:35 pid=3754  L vidit    filemask = dump*.txt
11Jan19 09:42:35 pid=3754  L vidit    #datadirectory = /tmp
11Jan19 09:42:35 pid=3754  L vidit    #logdirectory = /tmp
11Jan19 09:42:35 pid=3754  L vidit    piddirectory = /tmp
11Jan19 09:42:35 pid=3754  L vidit    #outputdirectory = /tmp
11Jan19 09:42:35 pid=3754  L vidit    distanceunit = kilometer
11Jan19 09:42:35 pid=3754  L vidit    altitudeunit = meter
11Jan19 09:42:35 pid=3754  L vidit    speedunit = kilometerph
11Jan19 09:42:35 pid=3754  L vidit    latitude = 49.9455248
11Jan19 09:42:35 pid=3754  L vidit    longitude = 7.9430989
11Jan19 09:42:35 pid=3754  L vidit    override = no
11Jan19 09:42:35 pid=3754  L vidit    timestamp = no
11Jan19 09:42:35 pid=3754  L vidit    sequencenumber = no
11Jan19 09:42:35 pid=3754  L vidit Section: [socket30003]
11Jan19 09:42:35 pid=3754  L vidit    PEER_HOST = 127.0.0.1
11Jan19 09:42:35 pid=3754  L vidit    TIME_MESSAGE_MARGIN = 10
11Jan19 09:42:35 pid=3754  L vidit    showpositions = no
11Jan19 09:42:35 pid=3754  L vidit    #datadirectory = /tmp
11Jan19 09:42:35 pid=3754  L vidit    #logdirectory = /tmp
11Jan19 09:42:35 pid=3754  L vidit    #piddirectory = /tmp
11Jan19 09:42:35 pid=3754  L vidit    #distanceunit = kilometer
11Jan19 09:42:35 pid=3754  L vidit    #altitudeunit = meter
11Jan19 09:42:35 pid=3754  L vidit    #speedunit = kilometerph
11Jan19 09:42:35 pid=3754  L vidit    #latitude = 52.085624
11Jan19 09:42:35 pid=3754  L vidit    #longitude = 5.0890591
11Jan19 09:42:35 pid=3754  I vidit Using the unit 'kilometer' for the distance, 'meter' for the altitude and 'kilometerph' for the speed.
11Jan19 09:42:35 pid=3754  I vidit Trying to connect to peer host '127.0.0.1'...
11Jan19 09:42:35 pid=3754  I vidit The antenna latitude & longitude are: '49.9455248','7.9430989'
11Jan19 09:42:35 pid=3754  I vidit The data directory/file is: ./dump/dump1090-127_0_0_1-190111.txt
11Jan19 09:42:35 pid=3754  I vidit The log  directory/file is: ./dump/dump1090-127_0_0_1-190111.log
11Jan19 09:42:35 pid=3754  I vidit Starting 'socket30003.pl'....
11Jan19 09:42:35 pid=3754  I vidit 'socket30003.pl' (3754) is started! Using pidfile /tmp/dump1090-127_0_0_1.pid.
11Jan19 09:43:05 pid=3754  I vidit Log file: './dump/dump1090-127_0_0_1-190111.log'
11Jan19 09:43:05 pid=3754  L vidit current number of flights=1,epoch=2019-01-11/09:43:05,msg_count=1,pos_count=4,flight_count=1,con_lost=1.
11Jan19 09:44:00 pid=3754  L vidit current number of flights=1,epoch=2019-01-11/09:44:00,msg_count=42,pos_count=7,flight_count=1,con_lost=1.
11Jan19 09:44:12 pid=3754  W vidit You pressed CTRL-C. Do you want to exit? (y/n)
11Jan19 09:44:16 pid=3754  L vidit current number of flights=1,epoch=2019-01-11/09:44:16,msg_count=59,pos_count=7,flight_count=1,con_lost=1.
11Jan19 09:44:16 pid=3754  L vidit removed:76CD74,first seen=2019-01-11/09:43:05,last seen=2019-01-11/09:44:16,message_count=59,position_count=3.
11Jan19 09:44:16 pid=3754  I vidit Exit: The script was interrupted by CTRL-C!
11Jan19 09:52:20 pid=13999 - vidit === NEW RUN MARKER ============================
11Jan19 09:52:19 pid=13999 L vidit Reading parameters and values from '/home/vidit/GIT/dump1090.socket30003/socket30003.cfg' config file:
11Jan19 09:52:19 pid=13999 L vidit Section: [common]
11Jan19 09:52:19 pid=13999 L vidit    filemask = dump*.txt
11Jan19 09:52:19 pid=13999 L vidit    #datadirectory = /tmp
11Jan19 09:52:19 pid=13999 L vidit    #logdirectory = /tmp
11Jan19 09:52:19 pid=13999 L vidit    piddirectory = /tmp
11Jan19 09:52:19 pid=13999 L vidit    #outputdirectory = /tmp
11Jan19 09:52:19 pid=13999 L vidit    distanceunit = kilometer
11Jan19 09:52:19 pid=13999 L vidit    altitudeunit = meter
11Jan19 09:52:19 pid=13999 L vidit    speedunit = kilometerph
11Jan19 09:52:19 pid=13999 L vidit    latitude = 49.9455248
11Jan19 09:52:19 pid=13999 L vidit    longitude = 7.9430989
11Jan19 09:52:19 pid=13999 L vidit    override = no
11Jan19 09:52:19 pid=13999 L vidit    timestamp = no
11Jan19 09:52:19 pid=13999 L vidit    sequencenumber = no
11Jan19 09:52:19 pid=13999 L vidit Section: [socket30003]
11Jan19 09:52:19 pid=13999 L vidit    PEER_HOST = 127.0.0.1
11Jan19 09:52:19 pid=13999 L vidit    TIME_MESSAGE_MARGIN = 10
11Jan19 09:52:19 pid=13999 L vidit    showpositions = no
11Jan19 09:52:19 pid=13999 L vidit    #datadirectory = /tmp
11Jan19 09:52:19 pid=13999 L vidit    #logdirectory = /tmp
11Jan19 09:52:19 pid=13999 L vidit    #piddirectory = /tmp
11Jan19 09:52:19 pid=13999 L vidit    #distanceunit = kilometer
11Jan19 09:52:19 pid=13999 L vidit    #altitudeunit = meter
11Jan19 09:52:19 pid=13999 L vidit    #speedunit = kilometerph
11Jan19 09:52:19 pid=13999 L vidit    #latitude = 52.085624
11Jan19 09:52:19 pid=13999 L vidit    #longitude = 5.0890591
11Jan19 09:52:19 pid=13999 I vidit Using the unit 'kilometer' for the distance, 'meter' for the altitude and 'kilometerph' for the speed.
11Jan19 09:52:19 pid=13999 I vidit Trying to connect to peer host '127.0.0.1'...
11Jan19 09:52:19 pid=13999 I vidit The antenna latitude & longitude are: '49.9455248','7.9430989'
11Jan19 09:52:19 pid=13999 I vidit The data directory/file is: ./dump/dump1090-127_0_0_1-190111.txt
11Jan19 09:52:19 pid=13999 I vidit The log  directory/file is: ./dump/dump1090-127_0_0_1-190111.log
11Jan19 09:52:19 pid=13999 I vidit Starting 'socket30003.pl'....
11Jan19 09:52:19 pid=13999 I vidit 'socket30003.pl' (13999) is started! Using pidfile /tmp/dump1090-127_0_0_1.pid.
11Jan19 09:52:20 pid=13999 I vidit Log file: './dump/dump1090-127_0_0_1-190111.log'
11Jan19 09:52:20 pid=13999 L vidit current number of flights=1,epoch=2019-01-11/09:52:20,msg_count=1,pos_count=4,flight_count=1,con_lost=1.
11Jan19 09:53:00 pid=13999 L vidit current number of flights=4,epoch=2019-01-11/09:53:00,msg_count=179,pos_count=15,flight_count=4,con_lost=1.
11Jan19 09:54:00 pid=13999 L vidit current number of flights=6,epoch=2019-01-11/09:54:00,msg_count=758,pos_count=42,flight_count=6,con_lost=1.
11Jan19 09:55:00 pid=13999 L vidit current number of flights=6,epoch=2019-01-11/09:55:00,msg_count=1243,pos_count=66,flight_count=6,con_lost=1.
11Jan19 09:56:00 pid=13999 L vidit current number of flights=9,epoch=2019-01-11/09:56:00,msg_count=2112,pos_count=114,flight_count=9,con_lost=1.
11Jan19 09:57:00 pid=13999 L vidit current number of flights=9,epoch=2019-01-11/09:57:00,msg_count=2410,pos_count=124,flight_count=9,con_lost=1.
11Jan19 09:57:00 pid=13999 L vidit removed:3C4D69,first seen=2019-01-11/09:52:22,last seen=2019-01-11/09:54:47,message_count=53,position_count=0.
11Jan19 09:57:00 pid=13999 L vidit removed:4CA643,first seen=2019-01-11/09:52:38,last seen=2019-01-11/09:54:05,message_count=217,position_count=10.
11Jan19 09:57:00 pid=13999 L vidit removed:44A88C,first seen=2019-01-11/09:53:03,last seen=2019-01-11/09:54:59,message_count=360,position_count=14.
11Jan19 09:58:08 pid=13999 L vidit current number of flights=6,epoch=2019-01-11/09:58:08,msg_count=2791,pos_count=142,flight_count=9,con_lost=1.
11Jan19 09:58:08 pid=13999 L vidit removed:A20433,first seen=2019-01-11/09:55:30,last seen=2019-01-11/09:55:36,message_count=6,position_count=0.
11Jan19 09:58:08 pid=13999 L vidit removed:4009DB,first seen=2019-01-11/09:52:21,last seen=2019-01-11/09:55:23,message_count=203,position_count=15.
11Jan19 09:59:06 pid=13999 L vidit current number of flights=4,epoch=2019-01-11/09:59:06,msg_count=2838,pos_count=142,flight_count=9,con_lost=1.
11Jan19 09:59:06 pid=13999 L vidit removed:4CA979,first seen=2019-01-11/09:52:20,last seen=2019-01-11/09:56:20,message_count=921,position_count=46.
11Jan19 09:59:06 pid=13999 L vidit removed:3C4B24,first seen=2019-01-11/09:53:49,last seen=2019-01-11/09:56:17,message_count=393,position_count=30.
11Jan19 10:00:17 pid=13999 L vidit current number of flights=4,epoch=2019-01-11/10:00:17,msg_count=2847,pos_count=142,flight_count=11,con_lost=1.
11Jan19 10:01:00 pid=13999 L vidit current number of flights=5,epoch=2019-01-11/10:01:00,msg_count=2878,pos_count=144,flight_count=12,con_lost=1.
11Jan19 10:01:00 pid=13999 L vidit removed:A4CB6F,first seen=2019-01-11/09:55:51,last seen=2019-01-11/09:58:42,message_count=401,position_count=23.
11Jan19 10:02:00 pid=13999 L vidit current number of flights=6,epoch=2019-01-11/10:02:00,msg_count=2916,pos_count=146,flight_count=14,con_lost=1.
11Jan19 10:02:00 pid=13999 L vidit removed:4D00D5,first seen=2019-01-11/09:55:08,last seen=2019-01-11/09:59:20,message_count=290,position_count=0.
11Jan19 10:02:00 pid=13999 L vidit removed:4CA979,first seen=2019-01-11/09:59:34,last seen=2019-01-11/09:59:37,message_count=2,position_count=0.
11Jan19 10:03:02 pid=13999 L vidit current number of flights=5,epoch=2019-01-11/10:03:02,msg_count=3070,pos_count=155,flight_count=15,con_lost=1.
11Jan19 10:04:00 pid=13999 L vidit current number of flights=5,epoch=2019-01-11/10:04:00,msg_count=3314,pos_count=165,flight_count=15,con_lost=1.
11Jan19 10:04:00 pid=13999 L vidit removed:3C66E2,first seen=2019-01-11/10:00:17,last seen=2019-01-11/10:01:43,message_count=9,position_count=0.
11Jan19 10:05:00 pid=13999 L vidit current number of flights=5,epoch=2019-01-11/10:05:00,msg_count=3615,pos_count=175,flight_count=16,con_lost=1.
11Jan19 10:06:01 pid=13999 L vidit current number of flights=6,epoch=2019-01-11/10:06:01,msg_count=3934,pos_count=194,flight_count=17,con_lost=1.
11Jan19 10:06:01 pid=13999 L vidit removed:407200,first seen=2019-01-11/10:02:06,last seen=2019-01-11/10:03:32,message_count=16,position_count=0.
11Jan19 10:06:01 pid=13999 L vidit removed:4A09AD,first seen=2019-01-11/10:00:42,last seen=2019-01-11/10:03:43,message_count=39,position_count=3.
11Jan19 10:07:05 pid=13999 L vidit current number of flights=6,epoch=2019-01-11/10:07:05,msg_count=4287,pos_count=217,flight_count=19,con_lost=1.
11Jan19 10:07:05 pid=13999 L vidit removed:4BAA8D,first seen=2019-01-11/10:01:56,last seen=2019-01-11/10:04:48,message_count=216,position_count=16.
11Jan19 10:08:00 pid=13999 L vidit current number of flights=5,epoch=2019-01-11/10:08:00,msg_count=4646,pos_count=249,flight_count=19,con_lost=1.
11Jan19 10:08:00 pid=13999 L vidit removed:4BA9F6,first seen=2019-01-11/10:01:56,last seen=2019-01-11/10:05:13,message_count=342,position_count=9.
11Jan19 10:09:00 pid=13999 L vidit current number of flights=4,epoch=2019-01-11/10:09:00,msg_count=4979,pos_count=274,flight_count=19,con_lost=1.
11Jan19 10:09:00 pid=13999 L vidit removed:484EE4,first seen=2019-01-11/10:04:37,last seen=2019-01-11/10:06:49,message_count=558,position_count=23.
11Jan19 10:09:00 pid=13999 L vidit removed:3C66A9,first seen=2019-01-11/10:05:05,last seen=2019-01-11/10:06:35,message_count=255,position_count=24.
11Jan19 10:10:00 pid=13999 L vidit current number of flights=5,epoch=2019-01-11/10:10:00,msg_count=5146,pos_count=285,flight_count=22,con_lost=1.
11Jan19 10:11:00 pid=13999 L vidit current number of flights=7,epoch=2019-01-11/10:11:00,msg_count=5292,pos_count=286,flight_count=24,con_lost=1.
11Jan19 10:11:00 pid=13999 L vidit removed:44CE6F,first seen=2019-01-11/10:06:34,last seen=2019-01-11/10:08:33,message_count=52,position_count=4.
11Jan19 10:12:00 pid=13999 L vidit current number of flights=7,epoch=2019-01-11/10:12:00,msg_count=6101,pos_count=330,flight_count=25,con_lost=1.
11Jan19 10:13:00 pid=13999 L vidit current number of flights=9,epoch=2019-01-11/10:13:00,msg_count=6952,pos_count=386,flight_count=27,con_lost=1.
11Jan19 10:13:00 pid=13999 L vidit removed:3C6610,first seen=2019-01-11/10:07:05,last seen=2019-01-11/10:10:05,message_count=775,position_count=64.
11Jan19 10:13:00 pid=13999 L vidit removed:471EA7,first seen=2019-01-11/10:09:02,last seen=2019-01-11/10:10:28,message_count=50,position_count=0.
11Jan19 10:14:00 pid=13999 L vidit current number of flights=9,epoch=2019-01-11/10:14:00,msg_count=7202,pos_count=394,flight_count=29,con_lost=1.
11Jan19 10:14:00 pid=13999 L vidit removed:4692D4,first seen=2019-01-11/10:11:00,last seen=2019-01-11/10:11:00,message_count=2,position_count=0.
11Jan19 10:14:00 pid=13999 L vidit removed:491308,first seen=2019-01-11/10:09:57,last seen=2019-01-11/10:11:51,message_count=273,position_count=0.
11Jan19 10:15:00 pid=13999 L vidit current number of flights=8,epoch=2019-01-11/10:15:00,msg_count=7599,pos_count=404,flight_count=30,con_lost=1.
11Jan19 10:16:00 pid=13999 L vidit current number of flights=11,epoch=2019-01-11/10:16:00,msg_count=8230,pos_count=413,flight_count=33,con_lost=1.
11Jan19 10:16:00 pid=13999 L vidit removed:48520C,first seen=2019-01-11/10:09:47,last seen=2019-01-11/10:13:39,message_count=18,position_count=1.
11Jan19 10:16:00 pid=13999 L vidit removed:A12FCF,first seen=2019-01-11/10:10:31,last seen=2019-01-11/10:13:58,message_count=829,position_count=56.
11Jan19 10:17:00 pid=13999 L vidit current number of flights=9,epoch=2019-01-11/10:17:00,msg_count=8538,pos_count=416,flight_count=33,con_lost=1.
11Jan19 10:17:00 pid=13999 L vidit removed:06A1BC,first seen=2019-01-11/10:12:40,last seen=2019-01-11/10:14:11,message_count=67,position_count=1.
11Jan19 10:18:00 pid=13999 L vidit current number of flights=9,epoch=2019-01-11/10:18:00,msg_count=8893,pos_count=425,flight_count=34,con_lost=1.
11Jan19 10:18:00 pid=13999 L vidit removed:407463,first seen=2019-01-11/10:13:20,last seen=2019-01-11/10:15:43,message_count=10,position_count=0.
11Jan19 10:18:00 pid=13999 L vidit removed:7380C6,first seen=2019-01-11/10:12:47,last seen=2019-01-11/10:15:23,message_count=560,position_count=12.
11Jan19 10:18:00 pid=13999 L vidit removed:491308,first seen=2019-01-11/10:15:44,last seen=2019-01-11/10:15:44,message_count=2,position_count=0.
11Jan19 10:19:00 pid=13999 L vidit current number of flights=10,epoch=2019-01-11/10:19:00,msg_count=9634,pos_count=444,flight_count=38,con_lost=1.
11Jan19 10:19:00 pid=13999 L vidit removed:3C6495,first seen=2019-01-11/10:10:53,last seen=2019-01-11/10:16:13,message_count=677,position_count=48.
11Jan19 10:19:00 pid=13999 L vidit removed:506C33,first seen=2019-01-11/10:13:55,last seen=2019-01-11/10:16:31,message_count=378,position_count=0.
11Jan19 10:19:00 pid=13999 L vidit removed:40643A,first seen=2019-01-11/10:14:19,last seen=2019-01-11/10:16:38,message_count=255,position_count=10.
11Jan19 10:20:00 pid=13999 L vidit current number of flights=9,epoch=2019-01-11/10:20:00,msg_count=10895,pos_count=485,flight_count=40,con_lost=1.
11Jan19 10:20:00 pid=13999 L vidit removed:406012,first seen=2019-01-11/10:17:12,last seen=2019-01-11/10:17:24,message_count=4,position_count=0.
11Jan19 10:20:00 pid=13999 L vidit removed:484CB7,first seen=2019-01-11/10:15:10,last seen=2019-01-11/10:17:13,message_count=183,position_count=3.
11Jan19 10:21:00 pid=13999 L vidit current number of flights=10,epoch=2019-01-11/10:21:00,msg_count=11623,pos_count=508,flight_count=43,con_lost=1.
11Jan19 10:22:00 pid=13999 L vidit current number of flights=10,epoch=2019-01-11/10:22:00,msg_count=11978,pos_count=515,flight_count=43,con_lost=1.
11Jan19 10:23:00 pid=13999 L vidit current number of flights=11,epoch=2019-01-11/10:23:00,msg_count=12602,pos_count=541,flight_count=44,con_lost=1.
11Jan19 10:23:00 pid=13999 L vidit removed:4005B9,first seen=2019-01-11/10:18:09,last seen=2019-01-11/10:20:29,message_count=619,position_count=22.
11Jan19 10:23:00 pid=13999 L vidit removed:398563,first seen=2019-01-11/10:18:26,last seen=2019-01-11/10:20:42,message_count=105,position_count=0.
11Jan19 10:24:00 pid=13999 L vidit current number of flights=10,epoch=2019-01-11/10:24:00,msg_count=12843,pos_count=549,flight_count=45,con_lost=1.
11Jan19 10:24:00 pid=13999 L vidit removed:48C229,first seen=2019-01-11/10:15:48,last seen=2019-01-11/10:21:06,message_count=1708,position_count=41.
11Jan19 10:24:00 pid=13999 L vidit removed:000000,first seen=2019-01-11/10:18:35,last seen=2019-01-11/10:21:40,message_count=28,position_count=0.
11Jan19 10:25:00 pid=13999 L vidit current number of flights=10,epoch=2019-01-11/10:25:00,msg_count=13002,pos_count=553,flight_count=47,con_lost=1.
11Jan19 10:25:00 pid=13999 L vidit removed:4402BA,first seen=2019-01-11/10:20:52,last seen=2019-01-11/10:22:56,message_count=137,position_count=3.
11Jan19 10:25:00 pid=13999 L vidit removed:73806A,first seen=2019-01-11/10:18:31,last seen=2019-01-11/10:22:14,message_count=790,position_count=26.
11Jan19 10:25:00 pid=13999 L vidit removed:471F86,first seen=2019-01-11/10:19:44,last seen=2019-01-11/10:22:38,message_count=123,position_count=2.
11Jan19 10:26:00 pid=13999 L vidit current number of flights=7,epoch=2019-01-11/10:26:00,msg_count=13165,pos_count=560,flight_count=47,con_lost=1.
11Jan19 10:26:00 pid=13999 L vidit removed:3C0AC6,first seen=2019-01-11/10:20:29,last seen=2019-01-11/10:23:15,message_count=415,position_count=16.
11Jan19 10:26:00 pid=13999 L vidit removed:40624F,first seen=2019-01-11/10:20:54,last seen=2019-01-11/10:23:32,message_count=325,position_count=20.
11Jan19 10:26:00 pid=13999 L vidit removed:4841A6,first seen=2019-01-11/10:23:23,last seen=2019-01-11/10:23:23,message_count=2,position_count=0.
11Jan19 10:27:00 pid=13999 L vidit current number of flights=6,epoch=2019-01-11/10:27:00,msg_count=13366,pos_count=577,flight_count=49,con_lost=1.
11Jan19 10:27:00 pid=13999 L vidit removed:471F71,first seen=2019-01-11/10:22:49,last seen=2019-01-11/10:24:52,message_count=234,position_count=5.
11Jan19 10:27:00 pid=13999 L vidit removed:AE0671,first seen=2019-01-11/10:19:38,last seen=2019-01-11/10:24:57,message_count=25,position_count=0.
11Jan19 11:28:02 pid=16289 - vidit === NEW RUN MARKER ============================
11Jan19 11:28:02 pid=16289 L vidit Reading parameters and values from '/home/vidit/GIT/dump1090.socket30003/socket30003.cfg' config file:
11Jan19 11:28:02 pid=16289 L vidit Section: [common]
11Jan19 11:28:02 pid=16289 L vidit    filemask = dump*.txt
11Jan19 11:28:02 pid=16289 L vidit    #datadirectory = /tmp
11Jan19 11:28:02 pid=16289 L vidit    #logdirectory = /tmp
11Jan19 11:28:02 pid=16289 L vidit    piddirectory = /tmp
11Jan19 11:28:02 pid=16289 L vidit    #outputdirectory = /tmp
11Jan19 11:28:02 pid=16289 L vidit    distanceunit = kilometer
11Jan19 11:28:02 pid=16289 L vidit    altitudeunit = meter
11Jan19 11:28:02 pid=16289 L vidit    speedunit = kilometerph
11Jan19 11:28:02 pid=16289 L vidit    latitude = 49.9455248
11Jan19 11:28:02 pid=16289 L vidit    longitude = 7.9430989
11Jan19 11:28:02 pid=16289 L vidit    override = no
11Jan19 11:28:02 pid=16289 L vidit    timestamp = no
11Jan19 11:28:02 pid=16289 L vidit    sequencenumber = no
11Jan19 11:28:02 pid=16289 L vidit Section: [socket30003]
11Jan19 11:28:02 pid=16289 L vidit    PEER_HOST = 127.0.0.1
11Jan19 11:28:02 pid=16289 L vidit    TIME_MESSAGE_MARGIN = 10
11Jan19 11:28:02 pid=16289 L vidit    showpositions = no
11Jan19 11:28:02 pid=16289 L vidit    #datadirectory = /tmp
11Jan19 11:28:02 pid=16289 L vidit    #logdirectory = /tmp
11Jan19 11:28:02 pid=16289 L vidit    #piddirectory = /tmp
11Jan19 11:28:02 pid=16289 L vidit    #distanceunit = kilometer
11Jan19 11:28:02 pid=16289 L vidit    #altitudeunit = meter
11Jan19 11:28:02 pid=16289 L vidit    #speedunit = kilometerph
11Jan19 11:28:02 pid=16289 L vidit    #latitude = 52.085624
11Jan19 11:28:02 pid=16289 L vidit    #longitude = 5.0890591
11Jan19 11:28:02 pid=16289 I vidit Using the unit 'kilometer' for the distance, 'meter' for the altitude and 'kilometerph' for the speed.
11Jan19 11:28:02 pid=16289 I vidit Trying to connect to peer host '127.0.0.1'...
11Jan19 11:28:02 pid=16289 I vidit The antenna latitude & longitude are: '49.9455248','7.9430989'
11Jan19 11:28:02 pid=16289 I vidit The data directory/file is: ./dump/dump1090-127_0_0_1-190111.txt
11Jan19 11:28:02 pid=16289 I vidit The log  directory/file is: ./dump/dump1090-127_0_0_1-190111.log
11Jan19 11:28:02 pid=16289 I vidit Starting 'socket30003.pl'....
11Jan19 11:28:02 pid=16289 I vidit 'socket30003.pl' (16289) is started! Using pidfile /tmp/dump1090-127_0_0_1.pid.
11Jan19 11:28:02 pid=16289 I vidit Log file: './dump/dump1090-127_0_0_1-190111.log'
11Jan19 11:28:02 pid=16289 L vidit current number of flights=1,epoch=2019-01-11/11:28:02,msg_count=1,pos_count=4,flight_count=1,con_lost=1.
11Jan19 11:29:00 pid=16289 L vidit current number of flights=4,epoch=2019-01-11/11:29:00,msg_count=619,pos_count=24,flight_count=4,con_lost=1.
11Jan19 11:30:00 pid=16289 L vidit current number of flights=6,epoch=2019-01-11/11:30:00,msg_count=796,pos_count=31,flight_count=6,con_lost=1.
11Jan19 11:31:00 pid=16289 L vidit current number of flights=10,epoch=2019-01-11/11:31:00,msg_count=1206,pos_count=62,flight_count=10,con_lost=1.
11Jan19 11:31:00 pid=16289 L vidit removed:76CEF5,first seen=2019-01-11/11:28:02,last seen=2019-01-11/11:28:21,message_count=145,position_count=6.
11Jan19 11:31:00 pid=16289 L vidit removed:4069EA,first seen=2019-01-11/11:28:02,last seen=2019-01-11/11:28:11,message_count=21,position_count=1.
11Jan19 11:32:00 pid=16289 L vidit current number of flights=9,epoch=2019-01-11/11:32:00,msg_count=1926,pos_count=108,flight_count=11,con_lost=1.
11Jan19 11:32:00 pid=16289 L vidit removed:4073D0,first seen=2019-01-11/11:28:03,last seen=2019-01-11/11:29:06,message_count=62,position_count=0.
11Jan19 11:32:00 pid=16289 L vidit removed:4CA9D4,first seen=2019-01-11/11:28:02,last seen=2019-01-11/11:29:18,message_count=538,position_count=17.
11Jan19 11:33:00 pid=16289 L vidit current number of flights=8,epoch=2019-01-11/11:33:00,msg_count=2447,pos_count=122,flight_count=12,con_lost=1.
11Jan19 11:34:00 pid=16289 L vidit current number of flights=9,epoch=2019-01-11/11:34:00,msg_count=2849,pos_count=142,flight_count=13,con_lost=1.
11Jan19 11:34:00 pid=16289 L vidit removed:000000,first seen=2019-01-11/11:30:04,last seen=2019-01-11/11:31:30,message_count=19,position_count=0.
11Jan19 11:34:00 pid=16289 L vidit removed:484555,first seen=2019-01-11/11:30:34,last seen=2019-01-11/11:31:19,message_count=10,position_count=0.
11Jan19 11:34:00 pid=16289 L vidit removed:406F7C,first seen=2019-01-11/11:30:24,last seen=2019-01-11/11:31:16,message_count=4,position_count=0.
11Jan19 11:35:00 pid=16289 L vidit current number of flights=8,epoch=2019-01-11/11:35:00,msg_count=3559,pos_count=181,flight_count=15,con_lost=1.
11Jan19 11:35:00 pid=16289 L vidit removed:4CA6FD,first seen=2019-01-11/11:29:50,last seen=2019-01-11/11:32:34,message_count=344,position_count=23.
11Jan19 11:36:01 pid=16289 L vidit current number of flights=8,epoch=2019-01-11/11:36:01,msg_count=4307,pos_count=213,flight_count=16,con_lost=1.
11Jan19 11:36:01 pid=16289 L vidit removed:4CA93A,first seen=2019-01-11/11:30:39,last seen=2019-01-11/11:33:12,message_count=579,position_count=18.
11Jan19 11:37:00 pid=16289 L vidit current number of flights=9,epoch=2019-01-11/11:37:00,msg_count=4421,pos_count=219,flight_count=18,con_lost=1.
11Jan19 11:37:00 pid=16289 L vidit removed:4062A4,first seen=2019-01-11/11:31:36,last seen=2019-01-11/11:34:25,message_count=212,position_count=4.
11Jan19 11:37:00 pid=16289 L vidit removed:AA92FC,first seen=2019-01-11/11:29:18,last seen=2019-01-11/11:34:17,message_count=619,position_count=52.
11Jan19 11:37:00 pid=16289 L vidit removed:406532,first seen=2019-01-11/11:33:18,last seen=2019-01-11/11:34:56,message_count=32,position_count=1.
11Jan19 11:38:17 pid=16289 L vidit current number of flights=6,epoch=2019-01-11/11:38:17,msg_count=4461,pos_count=219,flight_count=18,con_lost=1.
11Jan19 11:38:17 pid=16289 L vidit removed:5100FA,first seen=2019-01-11/11:34:47,last seen=2019-01-11/11:36:13,message_count=372,position_count=13.
11Jan19 11:38:17 pid=16289 L vidit removed:AAB001,first seen=2019-01-11/11:34:05,last seen=2019-01-11/11:35:41,message_count=325,position_count=28.
11Jan19 11:38:17 pid=16289 L vidit removed:484555,first seen=2019-01-11/11:35:14,last seen=2019-01-11/11:35:22,message_count=4,position_count=0.
11Jan19 11:39:00 pid=16289 L vidit current number of flights=4,epoch=2019-01-11/11:39:00,msg_count=4511,pos_count=220,flight_count=19,con_lost=1.
11Jan19 11:40:00 pid=16289 L vidit current number of flights=6,epoch=2019-01-11/11:40:00,msg_count=4615,pos_count=223,flight_count=21,con_lost=1.
11Jan19 11:41:04 pid=16289 L vidit current number of flights=7,epoch=2019-01-11/11:41:04,msg_count=4767,pos_count=229,flight_count=22,con_lost=1.
11Jan19 11:41:04 pid=16289 L vidit removed:3C6448,first seen=2019-01-11/11:32:57,last seen=2019-01-11/11:38:22,message_count=1137,position_count=52.
11Jan19 11:41:04 pid=16289 L vidit removed:4CA56C,first seen=2019-01-11/11:36:15,last seen=2019-01-11/11:38:49,message_count=10,position_count=0.
11Jan19 11:42:00 pid=16289 L vidit current number of flights=8,epoch=2019-01-11/11:42:00,msg_count=4918,pos_count=234,flight_count=25,con_lost=1.
11Jan19 11:42:00 pid=16289 L vidit removed:44003F,first seen=2019-01-11/11:38:50,last seen=2019-01-11/11:39:07,message_count=19,position_count=1.
11Jan19 11:42:00 pid=16289 L vidit removed:400A0E,first seen=2019-01-11/11:36:44,last seen=2019-01-11/11:39:11,message_count=91,position_count=1.
11Jan19 11:43:08 pid=16289 L vidit current number of flights=7,epoch=2019-01-11/11:43:08,msg_count=4938,pos_count=234,flight_count=26,con_lost=1.
11Jan19 11:44:01 pid=16289 L vidit current number of flights=8,epoch=2019-01-11/11:44:01,msg_count=5010,pos_count=234,flight_count=27,con_lost=1.
11Jan19 11:44:01 pid=16289 L vidit removed:8964B0,first seen=2019-01-11/11:41:31,last seen=2019-01-11/11:41:43,message_count=14,position_count=0.
11Jan19 11:44:01 pid=16289 L vidit removed:8963E6,first seen=2019-01-11/11:39:53,last seen=2019-01-11/11:41:33,message_count=18,position_count=0.
11Jan19 11:44:01 pid=16289 L vidit removed:3C6502,first seen=2019-01-11/11:39:24,last seen=2019-01-11/11:42:00,message_count=243,position_count=12.
11Jan19 11:45:07 pid=16289 L vidit current number of flights=5,epoch=2019-01-11/11:45:07,msg_count=5065,pos_count=234,flight_count=27,con_lost=1.
11Jan19 11:46:17 pid=16289 L vidit current number of flights=6,epoch=2019-01-11/11:46:17,msg_count=5126,pos_count=236,flight_count=28,con_lost=1.
11Jan19 11:46:17 pid=16289 L vidit removed:89647D,first seen=2019-01-11/11:41:51,last seen=2019-01-11/11:43:29,message_count=23,position_count=0.
11Jan19 11:46:17 pid=16289 L vidit removed:A2E0A5,first seen=2019-01-11/11:40:44,last seen=2019-01-11/11:43:58,message_count=12,position_count=1.
11Jan19 11:46:17 pid=16289 L vidit removed:A1373D,first seen=2019-01-11/11:41:34,last seen=2019-01-11/11:44:06,message_count=91,position_count=0.
11Jan19 11:47:00 pid=16289 L vidit current number of flights=4,epoch=2019-01-11/11:47:00,msg_count=5141,pos_count=236,flight_count=29,con_lost=1.
11Jan19 11:48:00 pid=16289 L vidit current number of flights=4,epoch=2019-01-11/11:48:00,msg_count=5246,pos_count=241,flight_count=29,con_lost=1.
11Jan19 11:48:00 pid=16289 L vidit removed:398560,first seen=2019-01-11/11:43:08,last seen=2019-01-11/11:45:39,message_count=153,position_count=0.
11Jan19 11:49:02 pid=16289 L vidit current number of flights=3,epoch=2019-01-11/11:49:02,msg_count=5297,pos_count=242,flight_count=29,con_lost=1.
11Jan19 11:49:02 pid=16289 L vidit removed:896478,first seen=2019-01-11/11:45:18,last seen=2019-01-11/11:47:00,message_count=20,position_count=1.
11Jan19 11:50:00 pid=16289 L vidit current number of flights=4,epoch=2019-01-11/11:50:00,msg_count=5444,pos_count=248,flight_count=31,con_lost=1.
11Jan19 11:51:02 pid=16289 L vidit current number of flights=6,epoch=2019-01-11/11:51:02,msg_count=5696,pos_count=258,flight_count=33,con_lost=1.
11Jan19 11:51:02 pid=16289 L vidit removed:3C6610,first seen=2019-01-11/11:43:56,last seen=2019-01-11/11:48:16,message_count=59,position_count=2.
11Jan19 11:52:06 pid=16289 L vidit current number of flights=7,epoch=2019-01-11/11:52:06,msg_count=5826,pos_count=259,flight_count=35,con_lost=1.
11Jan19 11:52:06 pid=16289 L vidit removed:40756C,first seen=2019-01-11/11:46:52,last seen=2019-01-11/11:49:22,message_count=141,position_count=7.
11Jan19 11:53:00 pid=16289 L vidit current number of flights=6,epoch=2019-01-11/11:53:00,msg_count=5925,pos_count=261,flight_count=35,con_lost=1.
11Jan19 11:53:00 pid=16289 L vidit removed:405455,first seen=2019-01-11/11:50:24,last seen=2019-01-11/11:50:27,message_count=3,position_count=0.
11Jan19 11:54:00 pid=16289 L vidit current number of flights=6,epoch=2019-01-11/11:54:00,msg_count=5997,pos_count=262,flight_count=36,con_lost=1.
11Jan19 11:54:00 pid=16289 L vidit removed:AB4BF7,first seen=2019-01-11/11:49:04,last seen=2019-01-11/11:51:40,message_count=327,position_count=7.
11Jan19 11:54:00 pid=16289 L vidit removed:40688A,first seen=2019-01-11/11:49:18,last seen=2019-01-11/11:51:35,message_count=138,position_count=7.
11Jan19 11:55:01 pid=16289 L vidit current number of flights=6,epoch=2019-01-11/11:55:01,msg_count=6070,pos_count=263,flight_count=38,con_lost=1.
11Jan19 11:55:01 pid=16289 L vidit removed:40093D,first seen=2019-01-11/11:51:54,last seen=2019-01-11/11:52:56,message_count=6,position_count=0.
11Jan19 11:56:04 pid=16289 L vidit current number of flights=5,epoch=2019-01-11/11:56:04,msg_count=6077,pos_count=263,flight_count=38,con_lost=1.
11Jan19 11:57:00 pid=16289 L vidit current number of flights=7,epoch=2019-01-11/11:57:00,msg_count=6246,pos_count=271,flight_count=40,con_lost=1.
11Jan19 11:57:00 pid=16289 L vidit removed:4CA727,first seen=2019-01-11/11:54:24,last seen=2019-01-11/11:54:24,message_count=2,position_count=0.
11Jan19 11:57:00 pid=16289 L vidit removed:400D8D,first seen=2019-01-11/11:50:44,last seen=2019-01-11/11:54:07,message_count=156,position_count=3.
11Jan19 11:58:00 pid=16289 L vidit current number of flights=5,epoch=2019-01-11/11:58:00,msg_count=6557,pos_count=281,flight_count=40,con_lost=1.
11Jan19 11:59:45 pid=16289 L vidit current number of flights=7,epoch=2019-01-11/11:59:45,msg_count=6699,pos_count=285,flight_count=42,con_lost=1.
11Jan19 11:59:45 pid=16289 L vidit removed:440BB8,first seen=2019-01-11/11:54:41,last seen=2019-01-11/11:56:53,message_count=82,position_count=1.
11Jan19 11:59:45 pid=16289 L vidit removed:000000,first seen=2019-01-11/11:56:41,last seen=2019-01-11/11:57:05,message_count=3,position_count=0.
11Jan19 11:59:45 pid=16289 L vidit removed:3C656C,first seen=2019-01-11/11:51:44,last seen=2019-01-11/11:56:24,message_count=61,position_count=2.
11Jan19 12:00:01 pid=16289 L vidit current number of flights=4,epoch=2019-01-11/12:00:01,msg_count=6700,pos_count=286,flight_count=42,con_lost=1.
11Jan19 12:00:01 pid=16289 L vidit removed:3C6441,first seen=2019-01-11/11:53:36,last seen=2019-01-11/11:57:59,message_count=66,position_count=3.
11Jan19 12:01:00 pid=16289 L vidit current number of flights=6,epoch=2019-01-11/12:01:00,msg_count=6981,pos_count=306,flight_count=45,con_lost=1.
11Jan19 12:01:00 pid=16289 L vidit removed:732542,first seen=2019-01-11/11:56:39,last seen=2019-01-11/11:58:24,message_count=446,position_count=15.
11Jan19 12:02:00 pid=16289 L vidit current number of flights=7,epoch=2019-01-11/12:02:00,msg_count=7165,pos_count=314,flight_count=47,con_lost=1.
11Jan19 12:03:00 pid=16289 L vidit current number of flights=9,epoch=2019-01-11/12:03:00,msg_count=7422,pos_count=326,flight_count=49,con_lost=1.
11Jan19 12:03:00 pid=16289 L vidit removed:4CA6A4,first seen=2019-01-11/11:58:04,last seen=2019-01-11/12:00:16,message_count=90,position_count=3.
11Jan19 12:03:00 pid=16289 L vidit removed:4065DE,first seen=2019-01-11/12:00:02,last seen=2019-01-11/12:00:27,message_count=143,position_count=9.
11Jan19 12:03:00 pid=16289 L vidit removed:4CA727,first seen=2019-01-11/12:00:26,last seen=2019-01-11/12:00:34,message_count=6,position_count=0.
11Jan19 12:04:00 pid=16289 L vidit current number of flights=9,epoch=2019-01-11/12:04:00,msg_count=7703,pos_count=336,flight_count=52,con_lost=1.
11Jan19 12:04:00 pid=16289 L vidit removed:4CA9CD,first seen=2019-01-11/11:58:55,last seen=2019-01-11/12:01:57,message_count=139,position_count=13.
11Jan19 12:05:00 pid=16289 L vidit current number of flights=9,epoch=2019-01-11/12:05:00,msg_count=7965,pos_count=358,flight_count=53,con_lost=1.
11Jan19 12:05:00 pid=16289 L vidit removed:A4B508,first seen=2019-01-11/12:01:02,last seen=2019-01-11/12:02:42,message_count=71,position_count=1.
11Jan19 12:05:00 pid=16289 L vidit removed:8960F4,first seen=2019-01-11/12:00:37,last seen=2019-01-11/12:02:13,message_count=125,position_count=7.
11Jan19 12:06:00 pid=16289 L vidit current number of flights=8,epoch=2019-01-11/12:06:00,msg_count=8308,pos_count=386,flight_count=54,con_lost=1.
11Jan19 12:06:00 pid=16289 L vidit removed:7380C0,first seen=2019-01-11/12:01:15,last seen=2019-01-11/12:03:03,message_count=108,position_count=2.
11Jan19 12:06:00 pid=16289 L vidit removed:A21679,first seen=2019-01-11/12:02:00,last seen=2019-01-11/12:03:59,message_count=199,position_count=9.
11Jan19 12:07:00 pid=16289 L vidit current number of flights=6,epoch=2019-01-11/12:07:00,msg_count=8645,pos_count=406,flight_count=54,con_lost=1.
11Jan19 12:07:00 pid=16289 L vidit removed:3C64C6,first seen=2019-01-11/12:02:40,last seen=2019-01-11/12:04:18,message_count=158,position_count=11.
11Jan19 12:07:00 pid=16289 L vidit removed:AB1839,first seen=2019-01-11/12:03:53,last seen=2019-01-11/12:04:39,message_count=4,position_count=0.
11Jan19 12:08:01 pid=16289 L vidit current number of flights=5,epoch=2019-01-11/12:08:01,msg_count=8858,pos_count=419,flight_count=55,con_lost=1.
11Jan19 12:08:01 pid=16289 L vidit removed:4CACA9,first seen=2019-01-11/12:03:29,last seen=2019-01-11/12:05:07,message_count=121,position_count=3.
11Jan19 12:08:01 pid=16289 L vidit removed:896450,first seen=2019-01-11/12:03:51,last seen=2019-01-11/12:05:35,message_count=104,position_count=2.
11Jan19 12:09:00 pid=16289 L vidit current number of flights=6,epoch=2019-01-11/12:09:00,msg_count=8975,pos_count=426,flight_count=58,con_lost=1.
11Jan19 12:10:13 pid=16289 L vidit current number of flights=6,epoch=2019-01-11/12:10:13,msg_count=9015,pos_count=429,flight_count=58,con_lost=1.
11Jan19 12:10:13 pid=16289 L vidit removed:400AFB,first seen=2019-01-11/12:05:36,last seen=2019-01-11/12:08:08,message_count=595,position_count=38.
11Jan19 12:11:00 pid=16289 L vidit current number of flights=6,epoch=2019-01-11/12:11:00,msg_count=9146,pos_count=440,flight_count=59,con_lost=1.
11Jan19 12:11:00 pid=16289 L vidit removed:3C5462,first seen=2019-01-11/12:04:00,last seen=2019-01-11/12:08:19,message_count=365,position_count=37.
11Jan19 12:11:00 pid=16289 L vidit removed:AE2FA2,first seen=2019-01-11/12:08:18,last seen=2019-01-11/12:08:28,message_count=9,position_count=1.
11Jan19 12:12:00 pid=16289 L vidit current number of flights=4,epoch=2019-01-11/12:12:00,msg_count=9415,pos_count=463,flight_count=59,con_lost=1.
11Jan19 12:12:00 pid=16289 L vidit removed:3C650C,first seen=2019-01-11/12:08:55,last seen=2019-01-11/12:09:45,message_count=6,position_count=1.
11Jan19 12:12:00 pid=16289 L vidit removed:4692D4,first seen=2019-01-11/12:07:18,last seen=2019-01-11/12:09:12,message_count=140,position_count=9.
11Jan19 12:13:00 pid=16289 L vidit current number of flights=3,epoch=2019-01-11/12:13:00,msg_count=9515,pos_count=468,flight_count=60,con_lost=1.
11Jan19 12:14:00 pid=16289 L vidit current number of flights=4,epoch=2019-01-11/12:14:00,msg_count=9647,pos_count=473,flight_count=61,con_lost=1.
11Jan19 12:15:03 pid=16289 L vidit current number of flights=4,epoch=2019-01-11/12:15:03,msg_count=9777,pos_count=480,flight_count=61,con_lost=1.
11Jan19 12:15:03 pid=16289 L vidit removed:4CA65C,first seen=2019-01-11/12:08:26,last seen=2019-01-11/12:12:39,message_count=66,position_count=2.
11Jan19 12:16:09 pid=16289 L vidit current number of flights=5,epoch=2019-01-11/12:16:09,msg_count=9793,pos_count=481,flight_count=63,con_lost=1.
11Jan19 12:16:09 pid=16289 L vidit removed:4005BB,first seen=2019-01-11/12:12:31,last seen=2019-01-11/12:14:05,message_count=136,position_count=7.
11Jan19 12:17:01 pid=16289 L vidit current number of flights=5,epoch=2019-01-11/12:17:01,msg_count=9916,pos_count=482,flight_count=64,con_lost=1.
11Jan19 12:17:01 pid=16289 L vidit removed:3C650C,first seen=2019-01-11/12:13:48,last seen=2019-01-11/12:14:17,message_count=35,position_count=1.
11Jan19 12:18:31 pid=16289 L vidit current number of flights=5,epoch=2019-01-11/12:18:31,msg_count=9919,pos_count=482,flight_count=65,con_lost=1.
11Jan19 12:18:31 pid=16289 L vidit removed:06A100,first seen=2019-01-11/12:15:35,last seen=2019-01-11/12:15:55,message_count=12,position_count=1.
11Jan19 12:18:31 pid=16289 L vidit removed:3C65CD,first seen=2019-01-11/12:10:15,last seen=2019-01-11/12:15:05,message_count=551,position_count=42.
11Jan19 12:19:02 pid=16289 L vidit current number of flights=3,epoch=2019-01-11/12:19:02,msg_count=9932,pos_count=482,flight_count=65,con_lost=1.
11Jan19 12:19:02 pid=16289 L vidit removed:485061,first seen=2019-01-11/12:15:06,last seen=2019-01-11/12:16:58,message_count=107,position_count=1.
11Jan19 12:20:00 pid=16289 L vidit current number of flights=2,epoch=2019-01-11/12:20:00,msg_count=10097,pos_count=488,flight_count=65,con_lost=1.
11Jan19 12:20:00 pid=16289 L vidit removed:4CA213,first seen=2019-01-11/12:16:26,last seen=2019-01-11/12:17:39,message_count=21,position_count=0.
11Jan19 12:21:00 pid=16289 L vidit current number of flights=2,epoch=2019-01-11/12:21:00,msg_count=10370,pos_count=496,flight_count=66,con_lost=1.
11Jan19 12:22:00 pid=16289 L vidit current number of flights=5,epoch=2019-01-11/12:22:00,msg_count=10569,pos_count=507,flight_count=69,con_lost=1.
11Jan19 12:23:01 pid=16289 L vidit current number of flights=8,epoch=2019-01-11/12:23:01,msg_count=10729,pos_count=514,flight_count=72,con_lost=1.
11Jan19 12:23:01 pid=16289 L vidit removed:89618A,first seen=2019-01-11/12:18:31,last seen=2019-01-11/12:20:40,message_count=278,position_count=8.
11Jan19 12:24:00 pid=16289 L vidit current number of flights=8,epoch=2019-01-11/12:24:00,msg_count=10836,pos_count=519,flight_count=73,con_lost=1.
11Jan19 12:25:00 pid=16289 L vidit current number of flights=9,epoch=2019-01-11/12:25:00,msg_count=11042,pos_count=524,flight_count=74,con_lost=1.
11Jan19 12:25:00 pid=16289 L vidit removed:406A3E,first seen=2019-01-11/12:22:04,last seen=2019-01-11/12:22:22,message_count=35,position_count=2.
11Jan19 12:25:00 pid=16289 L vidit removed:06A14A,first seen=2019-01-11/12:21:20,last seen=2019-01-11/12:22:08,message_count=157,position_count=8.
11Jan19 12:25:00 pid=16289 L vidit removed:4CA213,first seen=2019-01-11/12:20:03,last seen=2019-01-11/12:22:31,message_count=217,position_count=9.
11Jan19 12:25:00 pid=16289 L vidit removed:A1E06C,first seen=2019-01-11/12:22:36,last seen=2019-01-11/12:22:54,message_count=15,position_count=1.
11Jan19 12:26:00 pid=16289 L vidit current number of flights=7,epoch=2019-01-11/12:26:00,msg_count=11184,pos_count=533,flight_count=76,con_lost=1.
11Jan19 12:26:00 pid=16289 L vidit removed:4CA1B4,first seen=2019-01-11/12:21:33,last seen=2019-01-11/12:23:05,message_count=12,position_count=0.
11Jan19 12:26:00 pid=16289 L vidit removed:3C64EE,first seen=2019-01-11/12:22:42,last seen=2019-01-11/12:23:49,message_count=20,position_count=0.
11Jan19 12:27:00 pid=16289 L vidit current number of flights=6,epoch=2019-01-11/12:27:00,msg_count=12018,pos_count=581,flight_count=77,con_lost=1.
11Jan19 12:27:00 pid=16289 L vidit removed:4010EB,first seen=2019-01-11/12:21:52,last seen=2019-01-11/12:24:17,message_count=158,position_count=8.
11Jan19 12:27:00 pid=16289 L vidit removed:424344,first seen=2019-01-11/12:24:24,last seen=2019-01-11/12:24:33,message_count=8,position_count=1.
11Jan19 12:28:00 pid=16289 L vidit current number of flights=8,epoch=2019-01-11/12:28:00,msg_count=12375,pos_count=601,flight_count=81,con_lost=1.
11Jan19 12:29:06 pid=16289 L vidit current number of flights=8,epoch=2019-01-11/12:29:06,msg_count=12385,pos_count=601,flight_count=81,con_lost=1.
11Jan19 12:29:06 pid=16289 L vidit removed:3CCD4B,first seen=2019-01-11/12:26:28,last seen=2019-01-11/12:26:42,message_count=8,position_count=0.
11Jan19 12:30:00 pid=16289 L vidit current number of flights=8,epoch=2019-01-11/12:30:00,msg_count=12613,pos_count=615,flight_count=82,con_lost=1.
11Jan19 12:30:00 pid=16289 L vidit removed:A8699A,first seen=2019-01-11/12:25:49,last seen=2019-01-11/12:27:42,message_count=709,position_count=45.
11Jan19 12:30:00 pid=16289 L vidit removed:3C64EE,first seen=2019-01-11/12:27:08,last seen=2019-01-11/12:27:52,message_count=3,position_count=0.
11Jan19 12:30:00 pid=16289 L vidit removed:A14C29,first seen=2019-01-11/12:27:37,last seen=2019-01-11/12:27:39,message_count=10,position_count=1.
11Jan19 12:30:00 pid=16289 L vidit removed:484188,first seen=2019-01-11/12:27:21,last seen=2019-01-11/12:27:38,message_count=17,position_count=0.
11Jan19 12:31:10 pid=16289 L vidit current number of flights=4,epoch=2019-01-11/12:31:10,msg_count=12621,pos_count=615,flight_count=82,con_lost=1.
11Jan19 12:31:10 pid=16289 L vidit removed:344508,first seen=2019-01-11/12:23:37,last seen=2019-01-11/12:28:28,message_count=379,position_count=8.
11Jan19 12:32:10 pid=16289 L vidit current number of flights=4,epoch=2019-01-11/12:32:10,msg_count=12698,pos_count=616,flight_count=83,con_lost=1.
11Jan19 12:32:10 pid=16289 L vidit removed:75044B,first seen=2019-01-11/12:27:58,last seen=2019-01-11/12:29:24,message_count=54,position_count=2.
11Jan19 12:32:10 pid=16289 L vidit removed:4951CD,first seen=2019-01-11/12:25:49,last seen=2019-01-11/12:29:45,message_count=462,position_count=31.
11Jan19 12:33:08 pid=16289 L vidit current number of flights=3,epoch=2019-01-11/12:33:08,msg_count=12699,pos_count=616,flight_count=84,con_lost=1.
11Jan19 12:34:16 pid=16289 L vidit current number of flights=4,epoch=2019-01-11/12:34:16,msg_count=12711,pos_count=617,flight_count=85,con_lost=1.
11Jan19 12:34:16 pid=16289 L vidit removed:4CA8D4,first seen=2019-01-11/12:31:48,last seen=2019-01-11/12:32:10,message_count=18,position_count=0.
11Jan19 12:34:16 pid=16289 L vidit removed:400A25,first seen=2019-01-11/12:29:16,last seen=2019-01-11/12:31:35,message_count=220,position_count=10.
11Jan19 12:35:00 pid=16289 L vidit current number of flights=4,epoch=2019-01-11/12:35:00,msg_count=12995,pos_count=635,flight_count=87,con_lost=1.
11Jan19 12:36:00 pid=16289 L vidit current number of flights=4,epoch=2019-01-11/12:36:00,msg_count=13644,pos_count=679,flight_count=87,con_lost=1.
11Jan19 12:37:00 pid=16289 L vidit current number of flights=4,epoch=2019-01-11/12:37:00,msg_count=14033,pos_count=695,flight_count=87,con_lost=1.
11Jan19 12:38:00 pid=16289 L vidit current number of flights=6,epoch=2019-01-11/12:38:00,msg_count=14148,pos_count=700,flight_count=89,con_lost=1.
11Jan19 12:38:00 pid=16289 L vidit removed:44CE77,first seen=2019-01-11/12:33:41,last seen=2019-01-11/12:35:13,message_count=62,position_count=7.
11Jan19 12:39:01 pid=16289 L vidit current number of flights=5,epoch=2019-01-11/12:39:01,msg_count=14514,pos_count=702,flight_count=89,con_lost=1.
11Jan19 12:39:01 pid=16289 L vidit removed:01013C,first seen=2019-01-11/12:34:32,last seen=2019-01-11/12:36:22,message_count=171,position_count=4.
11Jan19 12:40:00 pid=16289 L vidit current number of flights=5,epoch=2019-01-11/12:40:00,msg_count=15020,pos_count=711,flight_count=90,con_lost=1.
11Jan19 12:40:00 pid=16289 L vidit removed:4CA24D,first seen=2019-01-11/12:33:08,last seen=2019-01-11/12:37:46,message_count=639,position_count=47.
11Jan19 12:41:00 pid=16289 L vidit current number of flights=6,epoch=2019-01-11/12:41:00,msg_count=15274,pos_count=728,flight_count=92,con_lost=1.
11Jan19 12:41:00 pid=16289 L vidit removed:4BAA08,first seen=2019-01-11/12:34:57,last seen=2019-01-11/12:38:43,message_count=557,position_count=26.
11Jan19 12:42:00 pid=16289 L vidit current number of flights=7,epoch=2019-01-11/12:42:00,msg_count=15705,pos_count=735,flight_count=94,con_lost=1.
11Jan19 12:42:00 pid=16289 L vidit removed:40650B,first seen=2019-01-11/12:37:52,last seen=2019-01-11/12:39:54,message_count=556,position_count=0.
11Jan19 12:43:00 pid=16289 L vidit current number of flights=8,epoch=2019-01-11/12:43:00,msg_count=16148,pos_count=745,flight_count=96,con_lost=1.
11Jan19 12:43:00 pid=16289 L vidit removed:AB4866,first seen=2019-01-11/12:37:46,last seen=2019-01-11/12:40:44,message_count=385,position_count=14.
11Jan19 12:44:00 pid=16289 L vidit current number of flights=10,epoch=2019-01-11/12:44:00,msg_count=17311,pos_count=773,flight_count=99,con_lost=1.
11Jan19 12:44:00 pid=16289 L vidit removed:4CA898,first seen=2019-01-11/12:40:35,last seen=2019-01-11/12:41:13,message_count=37,position_count=2.
11Jan19 12:45:16 pid=16289 L vidit current number of flights=11,epoch=2019-01-11/12:45:16,msg_count=17868,pos_count=791,flight_count=101,con_lost=1.
11Jan19 12:45:16 pid=16289 L vidit removed:40740B,first seen=2019-01-11/12:40:35,last seen=2019-01-11/12:42:49,message_count=350,position_count=4.
11Jan19 12:45:16 pid=16289 L vidit removed:800BDB,first seen=2019-01-11/12:42:55,last seen=2019-01-11/12:42:55,message_count=2,position_count=0.
11Jan19 12:45:16 pid=16289 L vidit removed:A9067B,first seen=2019-01-11/12:42:25,last seen=2019-01-11/12:42:25,message_count=3,position_count=0.
11Jan19 12:46:10 pid=16289 L vidit current number of flights=10,epoch=2019-01-11/12:46:10,msg_count=17941,pos_count=793,flight_count=103,con_lost=1.
11Jan19 12:46:10 pid=16289 L vidit removed:40666C,first seen=2019-01-11/12:39:58,last seen=2019-01-11/12:43:16,message_count=431,position_count=25.
11Jan19 12:47:02 pid=16289 L vidit current number of flights=9,epoch=2019-01-11/12:47:02,msg_count=17945,pos_count=793,flight_count=103,con_lost=1.
11Jan19 12:47:02 pid=16289 L vidit removed:3C6565,first seen=2019-01-11/12:44:33,last seen=2019-01-11/12:44:47,message_count=18,position_count=1.
11Jan19 12:47:02 pid=16289 L vidit removed:49D2B9,first seen=2019-01-11/12:43:02,last seen=2019-01-11/12:44:59,message_count=932,position_count=28.
11Jan19 12:47:02 pid=16289 L vidit removed:4242E1,first seen=2019-01-11/12:43:04,last seen=2019-01-11/12:44:17,message_count=113,position_count=2.
11Jan19 12:47:02 pid=16289 L vidit removed:3C4B34,first seen=2019-01-11/12:41:00,last seen=2019-01-11/12:44:34,message_count=78,position_count=4.
11Jan19 12:48:05 pid=16289 L vidit current number of flights=8,epoch=2019-01-11/12:48:05,msg_count=17979,pos_count=794,flight_count=106,con_lost=1.
11Jan19 12:48:05 pid=16289 L vidit removed:489787,first seen=2019-01-11/12:41:47,last seen=2019-01-11/12:45:40,message_count=558,position_count=0.
