10Jan19 13:48:26 pid=10448 - vidit === NEW RUN MARKER ============================
10Jan19 13:48:26 pid=10448 L vidit Reading parameters and values from '/home/vidit/GIT/dump1090.socket30003/socket30003.cfg' config file:
10Jan19 13:48:26 pid=10448 L vidit Section: [common]
10Jan19 13:48:26 pid=10448 L vidit    filemask = dump*.txt
10Jan19 13:48:26 pid=10448 L vidit    #datadirectory = /tmp
10Jan19 13:48:26 pid=10448 L vidit    #logdirectory = /tmp
10Jan19 13:48:26 pid=10448 L vidit    piddirectory = /tmp
10Jan19 13:48:26 pid=10448 L vidit    #outputdirectory = /tmp
10Jan19 13:48:26 pid=10448 L vidit    distanceunit = kilometer
10Jan19 13:48:26 pid=10448 L vidit    altitudeunit = meter
10Jan19 13:48:26 pid=10448 L vidit    speedunit = kilometerph
10Jan19 13:48:26 pid=10448 L vidit    latitude = 49.9455248
10Jan19 13:48:26 pid=10448 L vidit    longitude = 7.9430989
10Jan19 13:48:26 pid=10448 L vidit    override = no
10Jan19 13:48:26 pid=10448 L vidit    timestamp = no
10Jan19 13:48:26 pid=10448 L vidit    sequencenumber = no
10Jan19 13:48:26 pid=10448 L vidit Section: [rangeview]
10Jan19 13:48:26 pid=10448 L vidit    maxaltitudemeter = 12000
10Jan19 13:48:26 pid=10448 L vidit    maxaltitudefeet = 36000
10Jan19 13:48:26 pid=10448 L vidit    minaltitude = 0
10Jan19 13:48:26 pid=10448 L vidit    numberofdirections = 1440
10Jan19 13:48:26 pid=10448 L vidit    numberofaltitudezones = 24
10Jan19 13:48:26 pid=10448 L vidit    outputdatafile = rangeview.kml
10Jan19 13:48:26 pid=10448 L vidit    #distanceunit = kilometer,kilometer
10Jan19 13:48:26 pid=10448 L vidit    #altitudeunit = meter,meter
10Jan19 13:48:26 pid=10448 L vidit    #filemask = dump*.txt
10Jan19 13:48:26 pid=10448 L vidit    #datadirectory = /tmp
10Jan19 13:48:26 pid=10448 L vidit    #logdirectory = /tmp
10Jan19 13:48:26 pid=10448 L vidit    #outputdirectory = /tmp
10Jan19 13:48:26 pid=10448 L vidit    #latitude = 52.085624
10Jan19 13:48:26 pid=10448 L vidit    #longitude = 5.0890591
10Jan19 13:48:26 pid=10448 L vidit    #override = no
10Jan19 13:48:26 pid=10448 L vidit    #timestamp = yes
10Jan19 13:48:26 pid=10448 L vidit    #sequencenumber = yes
10Jan19 13:48:26 pid=10448 I vidit Log file: './dump/rangeview-190110.log'
10Jan19 13:48:26 pid=10448 L vidit outputdirectory=/tmp,outputdatafile=rangeview.kml(name=rangeview,extention=.kml),override=no,timestamp=no,sequencenumber=no.
10Jan19 13:48:26 pid=10448 E vidit The outputfile '/tmp/rangeview.kml' already exists!
10Jan19 13:48:26 pid=10448 E vidit Use the option '-override' to override the file.
10Jan19 13:48:26 pid=10448 E vidit Or use the option '-timestamp' or '-sequencenumber' to add a timestamp or sequence number to the file name.
10Jan19 13:48:26 pid=10448 E vidit Or better: set one of these options in the 'socket30003.cfg' config file.
10Jan19 13:48:54 pid=10974 - vidit === NEW RUN MARKER ============================
10Jan19 13:48:54 pid=10974 L vidit Reading parameters and values from '/home/vidit/GIT/dump1090.socket30003/socket30003.cfg' config file:
10Jan19 13:48:54 pid=10974 L vidit Section: [common]
10Jan19 13:48:54 pid=10974 L vidit    filemask = dump*.txt
10Jan19 13:48:54 pid=10974 L vidit    #datadirectory = /tmp
10Jan19 13:48:54 pid=10974 L vidit    #logdirectory = /tmp
10Jan19 13:48:54 pid=10974 L vidit    piddirectory = /tmp
10Jan19 13:48:54 pid=10974 L vidit    #outputdirectory = /tmp
10Jan19 13:48:54 pid=10974 L vidit    distanceunit = kilometer
10Jan19 13:48:54 pid=10974 L vidit    altitudeunit = meter
10Jan19 13:48:54 pid=10974 L vidit    speedunit = kilometerph
10Jan19 13:48:54 pid=10974 L vidit    latitude = 49.9455248
10Jan19 13:48:54 pid=10974 L vidit    longitude = 7.9430989
10Jan19 13:48:54 pid=10974 L vidit    override = no
10Jan19 13:48:54 pid=10974 L vidit    timestamp = no
10Jan19 13:48:54 pid=10974 L vidit    sequencenumber = no
10Jan19 13:48:54 pid=10974 L vidit Section: [rangeview]
10Jan19 13:48:54 pid=10974 L vidit    maxaltitudemeter = 12000
10Jan19 13:48:54 pid=10974 L vidit    maxaltitudefeet = 36000
10Jan19 13:48:54 pid=10974 L vidit    minaltitude = 0
10Jan19 13:48:54 pid=10974 L vidit    numberofdirections = 1440
10Jan19 13:48:54 pid=10974 L vidit    numberofaltitudezones = 24
10Jan19 13:48:54 pid=10974 L vidit    outputdatafile = rangeview.kml
10Jan19 13:48:54 pid=10974 L vidit    #distanceunit = kilometer,kilometer
10Jan19 13:48:54 pid=10974 L vidit    #altitudeunit = meter,meter
10Jan19 13:48:54 pid=10974 L vidit    #filemask = dump*.txt
10Jan19 13:48:54 pid=10974 L vidit    #datadirectory = /tmp
10Jan19 13:48:54 pid=10974 L vidit    #logdirectory = /tmp
10Jan19 13:48:54 pid=10974 L vidit    #outputdirectory = /tmp
10Jan19 13:48:54 pid=10974 L vidit    #latitude = 52.085624
10Jan19 13:48:54 pid=10974 L vidit    #longitude = 5.0890591
10Jan19 13:48:54 pid=10974 L vidit    #override = no
10Jan19 13:48:54 pid=10974 L vidit    #timestamp = yes
10Jan19 13:48:54 pid=10974 L vidit    #sequencenumber = yes
10Jan19 13:48:54 pid=10974 I vidit Log file: './dump/rangeview-190110.log'
10Jan19 13:48:54 pid=10974 L vidit outputdirectory=./dump,outputdatafile=rangeview.kml(name=rangeview,extention=.kml),override=no,timestamp=no,sequencenumber=no.
10Jan19 13:48:54 pid=10974 I vidit Output file: './dump/rangeview.kml'
10Jan19 13:48:54 pid=10974 I vidit The maximum altitude is 12000 meter.
10Jan19 13:48:54 pid=10974 I vidit The minimal altitude is 0 meter.
10Jan19 13:48:54 pid=10974 I vidit The number of compass directions (pie slices) is 1440.
10Jan19 13:48:54 pid=10974 I vidit The number of altitude zones is 24.
10Jan19 13:48:54 pid=10974 I vidit The latitude/longitude location of the antenna is: 49.9455248,7.9430989.
10Jan19 13:48:54 pid=10974 I vidit An altitude zone is 500 meter.
10Jan19 13:48:54 pid=10974 I vidit The following files fit with the filemask '*dump*.txt*':
10Jan19 13:48:54 pid=10974 I vidit     ./dump/dump1090-127_0_0_1-190110.txt
10Jan19 13:48:54 pid=10974 I vidit processing './dump/dump1090-127_0_0_1-190110.txt':
10Jan19 13:48:54 pid=10974 I vidit   -header units:altitude=meter,distance=kilometer,ground_speed=kilometerph, position 1-1607. processed.
10Jan19 13:48:54 pid=10974 I vidit Number of files read: 1
10Jan19 13:48:54 pid=10974 I vidit Number of position processed: 1607 and positions within range processed: 1433
10Jan19 13:48:54 pid=10974 I vidit   1,Altitude zone:     0-   499,Directions:   19/ 1440,Positions processed:        20,Positions processed per direction: min:     1,max:     2,avg:     0,real avg:     1
10Jan19 13:48:54 pid=10974 I vidit   2,Altitude zone:   500-   999,Directions:   25/ 1440,Positions processed:         6,Positions processed per direction: min:     0,max:     1,avg:     0,real avg:     0
10Jan19 13:48:54 pid=10974 I vidit   3,Altitude zone:  1000-  1499,Directions:   91/ 1440,Positions processed:       103,Positions processed per direction: min:     1,max:     5,avg:     0,real avg:     1
10Jan19 13:48:54 pid=10974 I vidit   4,Altitude zone:  1500-  1999,Directions:  138/ 1440,Positions processed:       105,Positions processed per direction: min:     1,max:     3,avg:     0,real avg:     0
10Jan19 13:48:54 pid=10974 I vidit   5,Altitude zone:  2000-  2499,Directions:  304/ 1440,Positions processed:       181,Positions processed per direction: min:     0,max:     4,avg:     0,real avg:     0
10Jan19 13:48:54 pid=10974 I vidit   6,Altitude zone:  2500-  2999,Directions:  251/ 1440,Positions processed:       134,Positions processed per direction: min:     0,max:     3,avg:     0,real avg:     0
10Jan19 13:48:54 pid=10974 I vidit   7,Altitude zone:  3000-  3499,Directions:  181/ 1440,Positions processed:        67,Positions processed per direction: min:     0,max:     5,avg:     0,real avg:     0
10Jan19 13:48:54 pid=10974 I vidit   8,Altitude zone:  3500-  3999,Directions:  169/ 1440,Positions processed:        69,Positions processed per direction: min:     0,max:     5,avg:     0,real avg:     0
10Jan19 13:48:54 pid=10974 I vidit   9,Altitude zone:  4000-  4499,Directions:  154/ 1440,Positions processed:         6,Positions processed per direction: min:     0,max:     1,avg:     0,real avg:     0
10Jan19 13:48:54 pid=10974 I vidit  10,Altitude zone:  4500-  4999,Directions:  163/ 1440,Positions processed:        18,Positions processed per direction: min:     0,max:     3,avg:     0,real avg:     0
10Jan19 13:48:54 pid=10974 I vidit  11,Altitude zone:  5000-  5499,Directions:  168/ 1440,Positions processed:        24,Positions processed per direction: min:     0,max:     3,avg:     0,real avg:     0
10Jan19 13:48:54 pid=10974 I vidit  12,Altitude zone:  5500-  5999,Directions:  170/ 1440,Positions processed:        25,Positions processed per direction: min:     0,max:     2,avg:     0,real avg:     0
10Jan19 13:48:54 pid=10974 I vidit  13,Altitude zone:  6000-  6499,Directions:  170/ 1440,Positions processed:        25,Positions processed per direction: min:     0,max:     2,avg:     0,real avg:     0
10Jan19 13:48:54 pid=10974 I vidit  14,Altitude zone:  6500-  6999,Directions:  195/ 1440,Positions processed:        51,Positions processed per direction: min:     0,max:     2,avg:     0,real avg:     0
10Jan19 13:48:54 pid=10974 I vidit  15,Altitude zone:  7000-  7499,Directions:  157/ 1440,Positions processed:         4,Positions processed per direction: min:     0,max:     1,avg:     0,real avg:     0
10Jan19 13:48:54 pid=10974 I vidit  16,Altitude zone:  8000-  8499,Directions:  158/ 1440,Positions processed:         1,Positions processed per direction: min:     0,max:     1,avg:     0,real avg:     0
10Jan19 13:48:54 pid=10974 I vidit  17,Altitude zone:  9000-  9499,Directions:  192/ 1440,Positions processed:        39,Positions processed per direction: min:     0,max:     2,avg:     0,real avg:     0
10Jan19 13:48:54 pid=10974 I vidit  18,Altitude zone:  9500-  9999,Directions:  168/ 1440,Positions processed:        12,Positions processed per direction: min:     0,max:     1,avg:     0,real avg:     0
10Jan19 13:48:54 pid=10974 I vidit  19,Altitude zone: 10000- 10499,Directions:  169/ 1440,Positions processed:        13,Positions processed per direction: min:     0,max:     1,avg:     0,real avg:     0
10Jan19 13:48:54 pid=10974 I vidit  20,Altitude zone: 10500- 10999,Directions:  286/ 1440,Positions processed:       242,Positions processed per direction: min:     0,max:     9,avg:     0,real avg:     0
10Jan19 13:48:54 pid=10974 I vidit  21,Altitude zone: 11000- 11499,Directions:  234/ 1440,Positions processed:       132,Positions processed per direction: min:     0,max:     5,avg:     0,real avg:     0
10Jan19 13:48:54 pid=10974 I vidit  22,Altitude zone: 11500- 11999,Directions:  245/ 1440,Positions processed:       156,Positions processed per direction: min:     0,max:     6,avg:     0,real avg:     0
10Jan19 14:04:13 pid=27032 - vidit === NEW RUN MARKER ============================
10Jan19 14:04:13 pid=27032 L vidit Reading parameters and values from '/home/vidit/GIT/dump1090.socket30003/socket30003.cfg' config file:
10Jan19 14:04:13 pid=27032 L vidit Section: [common]
10Jan19 14:04:13 pid=27032 L vidit    filemask = dump*.txt
10Jan19 14:04:13 pid=27032 L vidit    #datadirectory = /tmp
10Jan19 14:04:13 pid=27032 L vidit    #logdirectory = /tmp
10Jan19 14:04:13 pid=27032 L vidit    piddirectory = /tmp
10Jan19 14:04:13 pid=27032 L vidit    #outputdirectory = /tmp
10Jan19 14:04:13 pid=27032 L vidit    distanceunit = kilometer
10Jan19 14:04:13 pid=27032 L vidit    altitudeunit = meter
10Jan19 14:04:13 pid=27032 L vidit    speedunit = kilometerph
10Jan19 14:04:13 pid=27032 L vidit    latitude = 49.9455248
10Jan19 14:04:13 pid=27032 L vidit    longitude = 7.9430989
10Jan19 14:04:13 pid=27032 L vidit    override = no
10Jan19 14:04:13 pid=27032 L vidit    timestamp = no
10Jan19 14:04:13 pid=27032 L vidit    sequencenumber = no
10Jan19 14:04:13 pid=27032 L vidit Section: [rangeview]
10Jan19 14:04:13 pid=27032 L vidit    maxaltitudemeter = 12000
10Jan19 14:04:13 pid=27032 L vidit    maxaltitudefeet = 36000
10Jan19 14:04:13 pid=27032 L vidit    minaltitude = 0
10Jan19 14:04:13 pid=27032 L vidit    numberofdirections = 1440
10Jan19 14:04:13 pid=27032 L vidit    numberofaltitudezones = 24
10Jan19 14:04:13 pid=27032 L vidit    outputdatafile = rangeview.kml
10Jan19 14:04:13 pid=27032 L vidit    #distanceunit = kilometer,kilometer
10Jan19 14:04:13 pid=27032 L vidit    #altitudeunit = meter,meter
10Jan19 14:04:13 pid=27032 L vidit    #filemask = dump*.txt
10Jan19 14:04:13 pid=27032 L vidit    #datadirectory = /tmp
10Jan19 14:04:13 pid=27032 L vidit    #logdirectory = /tmp
10Jan19 14:04:13 pid=27032 L vidit    #outputdirectory = /tmp
10Jan19 14:04:13 pid=27032 L vidit    #latitude = 52.085624
10Jan19 14:04:13 pid=27032 L vidit    #longitude = 5.0890591
10Jan19 14:04:13 pid=27032 L vidit    #override = no
10Jan19 14:04:13 pid=27032 L vidit    #timestamp = yes
10Jan19 14:04:13 pid=27032 L vidit    #sequencenumber = yes
10Jan19 14:04:13 pid=27032 I vidit Log file: './dump/rangeview-190110.log'
10Jan19 14:04:13 pid=27032 L vidit outputdirectory=./dump,outputdatafile=rangeview.kml(name=rangeview,extention=.kml),override=no,timestamp=no,sequencenumber=no.
10Jan19 14:04:13 pid=27032 E vidit The outputfile './dump/rangeview.kml' already exists!
10Jan19 14:04:13 pid=27032 E vidit Use the option '-override' to override the file.
10Jan19 14:04:13 pid=27032 E vidit Or use the option '-timestamp' or '-sequencenumber' to add a timestamp or sequence number to the file name.
10Jan19 14:04:13 pid=27032 E vidit Or better: set one of these options in the 'socket30003.cfg' config file.
10Jan19 14:04:19 pid=27135 - vidit === NEW RUN MARKER ============================
10Jan19 14:04:19 pid=27135 L vidit Reading parameters and values from '/home/vidit/GIT/dump1090.socket30003/socket30003.cfg' config file:
10Jan19 14:04:19 pid=27135 L vidit Section: [common]
10Jan19 14:04:19 pid=27135 L vidit    filemask = dump*.txt
10Jan19 14:04:19 pid=27135 L vidit    #datadirectory = /tmp
10Jan19 14:04:19 pid=27135 L vidit    #logdirectory = /tmp
10Jan19 14:04:19 pid=27135 L vidit    piddirectory = /tmp
10Jan19 14:04:19 pid=27135 L vidit    #outputdirectory = /tmp
10Jan19 14:04:19 pid=27135 L vidit    distanceunit = kilometer
10Jan19 14:04:19 pid=27135 L vidit    altitudeunit = meter
10Jan19 14:04:19 pid=27135 L vidit    speedunit = kilometerph
10Jan19 14:04:19 pid=27135 L vidit    latitude = 49.9455248
10Jan19 14:04:19 pid=27135 L vidit    longitude = 7.9430989
10Jan19 14:04:19 pid=27135 L vidit    override = no
10Jan19 14:04:19 pid=27135 L vidit    timestamp = no
10Jan19 14:04:19 pid=27135 L vidit    sequencenumber = no
10Jan19 14:04:19 pid=27135 L vidit Section: [rangeview]
10Jan19 14:04:19 pid=27135 L vidit    maxaltitudemeter = 12000
10Jan19 14:04:19 pid=27135 L vidit    maxaltitudefeet = 36000
10Jan19 14:04:19 pid=27135 L vidit    minaltitude = 0
10Jan19 14:04:19 pid=27135 L vidit    numberofdirections = 1440
10Jan19 14:04:19 pid=27135 L vidit    numberofaltitudezones = 24
10Jan19 14:04:19 pid=27135 L vidit    outputdatafile = rangeview.kml
10Jan19 14:04:19 pid=27135 L vidit    #distanceunit = kilometer,kilometer
10Jan19 14:04:19 pid=27135 L vidit    #altitudeunit = meter,meter
10Jan19 14:04:19 pid=27135 L vidit    #filemask = dump*.txt
10Jan19 14:04:19 pid=27135 L vidit    #datadirectory = /tmp
10Jan19 14:04:19 pid=27135 L vidit    #logdirectory = /tmp
10Jan19 14:04:19 pid=27135 L vidit    #outputdirectory = /tmp
10Jan19 14:04:19 pid=27135 L vidit    #latitude = 52.085624
10Jan19 14:04:19 pid=27135 L vidit    #longitude = 5.0890591
10Jan19 14:04:19 pid=27135 L vidit    #override = no
10Jan19 14:04:19 pid=27135 L vidit    #timestamp = yes
10Jan19 14:04:19 pid=27135 L vidit    #sequencenumber = yes
10Jan19 14:04:19 pid=27135 I vidit Log file: './dump/rangeview-190110.log'
10Jan19 14:04:19 pid=27135 L vidit outputdirectory=./dump,outputdatafile=rangeview.kml(name=rangeview,extention=.kml),override=yes,timestamp=no,sequencenumber=no.
10Jan19 14:04:19 pid=27135 I vidit Output file: './dump/rangeview.kml'
10Jan19 14:04:19 pid=27135 I vidit The maximum altitude is 12000 meter.
10Jan19 14:04:19 pid=27135 I vidit The minimal altitude is 0 meter.
10Jan19 14:04:19 pid=27135 I vidit The number of compass directions (pie slices) is 1440.
10Jan19 14:04:19 pid=27135 I vidit The number of altitude zones is 24.
10Jan19 14:04:19 pid=27135 I vidit The latitude/longitude location of the antenna is: 49.9455248,7.9430989.
10Jan19 14:04:19 pid=27135 I vidit An altitude zone is 500 meter.
10Jan19 14:04:19 pid=27135 I vidit The following files fit with the filemask '*dump*.txt*':
10Jan19 14:04:19 pid=27135 I vidit     ./dump/dump1090-127_0_0_1-190110.txt
10Jan19 14:04:19 pid=27135 I vidit processing './dump/dump1090-127_0_0_1-190110.txt':
10Jan19 14:04:19 pid=27135 I vidit   -header units:altitude=meter,distance=kilometer,ground_speed=kilometerph, position 1- 1665 processed.
10Jan19 14:04:19 pid=27135 I vidit   -header units:altitude=meter,distance=kilometer,ground_speed=kilometerph, position 1666-3121. processed.
10Jan19 14:04:19 pid=27135 I vidit Number of files read: 1
10Jan19 14:04:19 pid=27135 I vidit Number of position processed: 3120 and positions within range processed: 2946
10Jan19 14:04:19 pid=27135 I vidit   1,Altitude zone:     0-   499,Directions:   19/ 1440,Positions processed:        20,Positions processed per direction: min:     1,max:     2,avg:     0,real avg:     1
10Jan19 14:04:19 pid=27135 I vidit   2,Altitude zone:   500-   999,Directions:   25/ 1440,Positions processed:         6,Positions processed per direction: min:     0,max:     1,avg:     0,real avg:     0
10Jan19 14:04:19 pid=27135 I vidit   3,Altitude zone:  1000-  1499,Directions:  104/ 1440,Positions processed:       131,Positions processed per direction: min:     1,max:     5,avg:     0,real avg:     1
10Jan19 14:04:19 pid=27135 I vidit   4,Altitude zone:  1500-  1999,Directions:  180/ 1440,Positions processed:       222,Positions processed per direction: min:     1,max:     7,avg:     0,real avg:     1
10Jan19 14:04:19 pid=27135 I vidit   5,Altitude zone:  2000-  2499,Directions:  415/ 1440,Positions processed:       326,Positions processed per direction: min:     0,max:     7,avg:     0,real avg:     0
10Jan19 14:04:19 pid=27135 I vidit   6,Altitude zone:  2500-  2999,Directions:  285/ 1440,Positions processed:       219,Positions processed per direction: min:     0,max:     8,avg:     0,real avg:     0
10Jan19 14:04:19 pid=27135 I vidit   7,Altitude zone:  3000-  3499,Directions:  219/ 1440,Positions processed:       142,Positions processed per direction: min:     0,max:    14,avg:     0,real avg:     0
10Jan19 14:04:19 pid=27135 I vidit   8,Altitude zone:  3500-  3999,Directions:  198/ 1440,Positions processed:       106,Positions processed per direction: min:     0,max:    16,avg:     0,real avg:     0
10Jan19 14:04:19 pid=27135 I vidit   9,Altitude zone:  4000-  4499,Directions:  180/ 1440,Positions processed:         6,Positions processed per direction: min:     0,max:     1,avg:     0,real avg:     0
10Jan19 14:04:19 pid=27135 I vidit  10,Altitude zone:  4500-  4999,Directions:  189/ 1440,Positions processed:        18,Positions processed per direction: min:     0,max:     3,avg:     0,real avg:     0
10Jan19 14:04:19 pid=27135 I vidit  11,Altitude zone:  5000-  5499,Directions:  194/ 1440,Positions processed:        24,Positions processed per direction: min:     0,max:     3,avg:     0,real avg:     0
10Jan19 14:04:19 pid=27135 I vidit  12,Altitude zone:  5500-  5999,Directions:  224/ 1440,Positions processed:        53,Positions processed per direction: min:     0,max:     2,avg:     0,real avg:     0
10Jan19 14:04:19 pid=27135 I vidit  13,Altitude zone:  6000-  6499,Directions:  256/ 1440,Positions processed:       135,Positions processed per direction: min:     0,max:     5,avg:     0,real avg:     0
10Jan19 14:04:19 pid=27135 I vidit  14,Altitude zone:  6500-  6999,Directions:  257/ 1440,Positions processed:       136,Positions processed per direction: min:     0,max:     5,avg:     0,real avg:     0
10Jan19 14:04:19 pid=27135 I vidit  15,Altitude zone:  7000-  7499,Directions:  183/ 1440,Positions processed:         4,Positions processed per direction: min:     0,max:     1,avg:     0,real avg:     0
10Jan19 14:04:19 pid=27135 I vidit  16,Altitude zone:  8000-  8499,Directions:  184/ 1440,Positions processed:         1,Positions processed per direction: min:     0,max:     1,avg:     0,real avg:     0
10Jan19 14:04:19 pid=27135 I vidit  17,Altitude zone:  9000-  9499,Directions:  298/ 1440,Positions processed:       140,Positions processed per direction: min:     0,max:     4,avg:     0,real avg:     0
10Jan19 14:04:19 pid=27135 I vidit  18,Altitude zone:  9500-  9999,Directions:  194/ 1440,Positions processed:        12,Positions processed per direction: min:     0,max:     1,avg:     0,real avg:     0
10Jan19 14:04:19 pid=27135 I vidit  19,Altitude zone: 10000- 10499,Directions:  276/ 1440,Positions processed:       198,Positions processed per direction: min:     1,max:    11,avg:     0,real avg:     0
10Jan19 14:04:19 pid=27135 I vidit  20,Altitude zone: 10500- 10999,Directions:  319/ 1440,Positions processed:       249,Positions processed per direction: min:     0,max:     9,avg:     0,real avg:     0
10Jan19 14:04:19 pid=27135 I vidit  21,Altitude zone: 11000- 11499,Directions:  301/ 1440,Positions processed:       230,Positions processed per direction: min:     0,max:     6,avg:     0,real avg:     0
10Jan19 14:04:19 pid=27135 I vidit  22,Altitude zone: 11500- 11999,Directions:  465/ 1440,Positions processed:       568,Positions processed per direction: min:     0,max:    26,avg:     0,real avg:     1
10Jan19 14:08:53 pid=32092 - vidit === NEW RUN MARKER ============================
10Jan19 14:08:53 pid=32092 L vidit Reading parameters and values from '/home/vidit/GIT/dump1090.socket30003/socket30003.cfg' config file:
10Jan19 14:08:53 pid=32092 L vidit Section: [common]
10Jan19 14:08:53 pid=32092 L vidit    filemask = dump*.txt
10Jan19 14:08:53 pid=32092 L vidit    #datadirectory = /tmp
10Jan19 14:08:53 pid=32092 L vidit    #logdirectory = /tmp
10Jan19 14:08:53 pid=32092 L vidit    piddirectory = /tmp
10Jan19 14:08:53 pid=32092 L vidit    #outputdirectory = /tmp
10Jan19 14:08:53 pid=32092 L vidit    distanceunit = kilometer
10Jan19 14:08:53 pid=32092 L vidit    altitudeunit = meter
10Jan19 14:08:53 pid=32092 L vidit    speedunit = kilometerph
10Jan19 14:08:53 pid=32092 L vidit    latitude = 49.9455248
10Jan19 14:08:53 pid=32092 L vidit    longitude = 7.9430989
10Jan19 14:08:53 pid=32092 L vidit    override = no
10Jan19 14:08:53 pid=32092 L vidit    timestamp = no
10Jan19 14:08:53 pid=32092 L vidit    sequencenumber = no
10Jan19 14:08:53 pid=32092 L vidit Section: [rangeview]
10Jan19 14:08:53 pid=32092 L vidit    maxaltitudemeter = 12000
10Jan19 14:08:53 pid=32092 L vidit    maxaltitudefeet = 36000
10Jan19 14:08:53 pid=32092 L vidit    minaltitude = 0
10Jan19 14:08:53 pid=32092 L vidit    numberofdirections = 1440
10Jan19 14:08:53 pid=32092 L vidit    numberofaltitudezones = 24
10Jan19 14:08:53 pid=32092 L vidit    outputdatafile = rangeview.kml
10Jan19 14:08:53 pid=32092 L vidit    #distanceunit = kilometer,kilometer
10Jan19 14:08:53 pid=32092 L vidit    #altitudeunit = meter,meter
10Jan19 14:08:53 pid=32092 L vidit    #filemask = dump*.txt
10Jan19 14:08:53 pid=32092 L vidit    #datadirectory = /tmp
10Jan19 14:08:53 pid=32092 L vidit    #logdirectory = /tmp
10Jan19 14:08:53 pid=32092 L vidit    #outputdirectory = /tmp
10Jan19 14:08:53 pid=32092 L vidit    #latitude = 52.085624
10Jan19 14:08:53 pid=32092 L vidit    #longitude = 5.0890591
10Jan19 14:08:53 pid=32092 L vidit    #override = no
10Jan19 14:08:53 pid=32092 L vidit    #timestamp = yes
10Jan19 14:08:53 pid=32092 L vidit    #sequencenumber = yes
10Jan19 14:08:53 pid=32092 I vidit Log file: './dump/rangeview-190110.log'
10Jan19 14:08:53 pid=32092 L vidit outputdirectory=./dump,outputdatafile=rangeview.kml(name=rangeview,extention=.kml),override=yes,timestamp=no,sequencenumber=no.
10Jan19 14:08:53 pid=32092 I vidit Output file: './dump/rangeview.kml'
10Jan19 14:08:53 pid=32092 I vidit The maximum altitude is 12000 meter.
10Jan19 14:08:53 pid=32092 I vidit The minimal altitude is 0 meter.
10Jan19 14:08:53 pid=32092 I vidit The number of compass directions (pie slices) is 1440.
10Jan19 14:08:53 pid=32092 I vidit The number of altitude zones is 24.
10Jan19 14:08:53 pid=32092 I vidit The latitude/longitude location of the antenna is: 49.9455248,7.9430989.
10Jan19 14:08:53 pid=32092 I vidit An altitude zone is 500 meter.
10Jan19 14:08:53 pid=32092 I vidit The following files fit with the filemask '*dump*.txt*':
10Jan19 14:08:53 pid=32092 I vidit     ./dump/dump1090-127_0_0_1-190110.txt
10Jan19 14:08:53 pid=32092 I vidit processing './dump/dump1090-127_0_0_1-190110.txt':
10Jan19 14:08:53 pid=32092 I vidit   -header units:altitude=meter,distance=kilometer,ground_speed=kilometerph, position 1- 1665 processed.
10Jan19 14:08:53 pid=32092 I vidit   -header units:altitude=meter,distance=kilometer,ground_speed=kilometerph, position 1666-3473. processed.
10Jan19 14:08:53 pid=32092 I vidit Number of files read: 1
10Jan19 14:08:53 pid=32092 I vidit Number of position processed: 3472 and positions within range processed: 3298
10Jan19 14:08:53 pid=32092 I vidit   1,Altitude zone:     0-   499,Directions:   19/ 1440,Positions processed:        20,Positions processed per direction: min:     1,max:     2,avg:     0,real avg:     1
10Jan19 14:08:53 pid=32092 I vidit   2,Altitude zone:   500-   999,Directions:   25/ 1440,Positions processed:         6,Positions processed per direction: min:     0,max:     1,avg:     0,real avg:     0
10Jan19 14:08:53 pid=32092 I vidit   3,Altitude zone:  1000-  1499,Directions:  104/ 1440,Positions processed:       133,Positions processed per direction: min:     1,max:     5,avg:     0,real avg:     1
10Jan19 14:08:53 pid=32092 I vidit   4,Altitude zone:  1500-  1999,Directions:  190/ 1440,Positions processed:       258,Positions processed per direction: min:     1,max:     8,avg:     0,real avg:     1
10Jan19 14:08:53 pid=32092 I vidit   5,Altitude zone:  2000-  2499,Directions:  424/ 1440,Positions processed:       336,Positions processed per direction: min:     0,max:     8,avg:     0,real avg:     0
10Jan19 14:08:53 pid=32092 I vidit   6,Altitude zone:  2500-  2999,Directions:  292/ 1440,Positions processed:       265,Positions processed per direction: min:     0,max:    10,avg:     0,real avg:     0
10Jan19 14:08:53 pid=32092 I vidit   7,Altitude zone:  3000-  3499,Directions:  234/ 1440,Positions processed:       160,Positions processed per direction: min:     0,max:    14,avg:     0,real avg:     0
10Jan19 14:08:53 pid=32092 I vidit   8,Altitude zone:  3500-  3999,Directions:  206/ 1440,Positions processed:       107,Positions processed per direction: min:     0,max:    16,avg:     0,real avg:     0
10Jan19 14:08:53 pid=32092 I vidit   9,Altitude zone:  4000-  4499,Directions:  188/ 1440,Positions processed:         6,Positions processed per direction: min:     0,max:     1,avg:     0,real avg:     0
10Jan19 14:08:53 pid=32092 I vidit  10,Altitude zone:  4500-  4999,Directions:  197/ 1440,Positions processed:        18,Positions processed per direction: min:     0,max:     3,avg:     0,real avg:     0
10Jan19 14:08:53 pid=32092 I vidit  11,Altitude zone:  5000-  5499,Directions:  202/ 1440,Positions processed:        24,Positions processed per direction: min:     0,max:     3,avg:     0,real avg:     0
10Jan19 14:08:53 pid=32092 I vidit  12,Altitude zone:  5500-  5999,Directions:  232/ 1440,Positions processed:        53,Positions processed per direction: min:     0,max:     2,avg:     0,real avg:     0
10Jan19 14:08:53 pid=32092 I vidit  13,Altitude zone:  6000-  6499,Directions:  264/ 1440,Positions processed:       135,Positions processed per direction: min:     0,max:     5,avg:     0,real avg:     0
10Jan19 14:08:53 pid=32092 I vidit  14,Altitude zone:  6500-  6999,Directions:  264/ 1440,Positions processed:       145,Positions processed per direction: min:     0,max:     6,avg:     0,real avg:     0
10Jan19 14:08:53 pid=32092 I vidit  15,Altitude zone:  7000-  7499,Directions:  192/ 1440,Positions processed:         7,Positions processed per direction: min:     0,max:     1,avg:     0,real avg:     0
10Jan19 14:08:53 pid=32092 I vidit  16,Altitude zone:  8000-  8499,Directions:  190/ 1440,Positions processed:         1,Positions processed per direction: min:     0,max:     1,avg:     0,real avg:     0
10Jan19 14:08:53 pid=32092 I vidit  17,Altitude zone:  9000-  9499,Directions:  324/ 1440,Positions processed:       168,Positions processed per direction: min:     0,max:     4,avg:     0,real avg:     0
10Jan19 14:08:53 pid=32092 I vidit  18,Altitude zone:  9500-  9999,Directions:  200/ 1440,Positions processed:        12,Positions processed per direction: min:     0,max:     1,avg:     0,real avg:     0
10Jan19 14:08:53 pid=32092 I vidit  19,Altitude zone: 10000- 10499,Directions:  282/ 1440,Positions processed:       199,Positions processed per direction: min:     1,max:    11,avg:     0,real avg:     0
10Jan19 14:08:53 pid=32092 I vidit  20,Altitude zone: 10500- 10999,Directions:  342/ 1440,Positions processed:       292,Positions processed per direction: min:     0,max:     9,avg:     0,real avg:     0
10Jan19 14:08:53 pid=32092 I vidit  21,Altitude zone: 11000- 11499,Directions:  355/ 1440,Positions processed:       342,Positions processed per direction: min:     0,max:     6,avg:     0,real avg:     0
10Jan19 14:08:53 pid=32092 I vidit  22,Altitude zone: 11500- 11999,Directions:  480/ 1440,Positions processed:       611,Positions processed per direction: min:     0,max:    26,avg:     0,real avg:     1
10Jan19 14:14:15 pid=5625  - vidit === NEW RUN MARKER ============================
10Jan19 14:14:15 pid=5625  L vidit Reading parameters and values from '/home/vidit/GIT/dump1090.socket30003/socket30003.cfg' config file:
10Jan19 14:14:15 pid=5625  L vidit Section: [common]
10Jan19 14:14:15 pid=5625  L vidit    filemask = dump*.txt
10Jan19 14:14:15 pid=5625  L vidit    #datadirectory = /tmp
10Jan19 14:14:15 pid=5625  L vidit    #logdirectory = /tmp
10Jan19 14:14:15 pid=5625  L vidit    piddirectory = /tmp
10Jan19 14:14:15 pid=5625  L vidit    #outputdirectory = /tmp
10Jan19 14:14:15 pid=5625  L vidit    distanceunit = kilometer
10Jan19 14:14:15 pid=5625  L vidit    altitudeunit = meter
10Jan19 14:14:15 pid=5625  L vidit    speedunit = kilometerph
10Jan19 14:14:15 pid=5625  L vidit    latitude = 49.9455248
10Jan19 14:14:15 pid=5625  L vidit    longitude = 7.9430989
10Jan19 14:14:15 pid=5625  L vidit    override = no
10Jan19 14:14:15 pid=5625  L vidit    timestamp = no
10Jan19 14:14:15 pid=5625  L vidit    sequencenumber = no
10Jan19 14:14:15 pid=5625  L vidit Section: [rangeview]
10Jan19 14:14:15 pid=5625  L vidit    maxaltitudemeter = 12000
10Jan19 14:14:15 pid=5625  L vidit    maxaltitudefeet = 36000
10Jan19 14:14:15 pid=5625  L vidit    minaltitude = 0
10Jan19 14:14:15 pid=5625  L vidit    numberofdirections = 1440
10Jan19 14:14:15 pid=5625  L vidit    numberofaltitudezones = 24
10Jan19 14:14:15 pid=5625  L vidit    outputdatafile = rangeview.kml
10Jan19 14:14:15 pid=5625  L vidit    #distanceunit = kilometer,kilometer
10Jan19 14:14:15 pid=5625  L vidit    #altitudeunit = meter,meter
10Jan19 14:14:15 pid=5625  L vidit    #filemask = dump*.txt
10Jan19 14:14:15 pid=5625  L vidit    #datadirectory = /tmp
10Jan19 14:14:15 pid=5625  L vidit    #logdirectory = /tmp
10Jan19 14:14:15 pid=5625  L vidit    #outputdirectory = /tmp
10Jan19 14:14:15 pid=5625  L vidit    #latitude = 52.085624
10Jan19 14:14:15 pid=5625  L vidit    #longitude = 5.0890591
10Jan19 14:14:15 pid=5625  L vidit    #override = no
10Jan19 14:14:15 pid=5625  L vidit    #timestamp = yes
10Jan19 14:14:15 pid=5625  L vidit    #sequencenumber = yes
10Jan19 14:14:15 pid=5625  I vidit Log file: './dump/rangeview-190110.log'
10Jan19 14:14:15 pid=5625  L vidit outputdirectory=./dump,outputdatafile=rangeview.kml(name=rangeview,extention=.kml),override=yes,timestamp=no,sequencenumber=no.
10Jan19 14:14:15 pid=5625  I vidit Output file: './dump/rangeview.kml'
10Jan19 14:14:15 pid=5625  I vidit The maximum altitude is 12000 meter.
10Jan19 14:14:15 pid=5625  I vidit The minimal altitude is 0 meter.
10Jan19 14:14:15 pid=5625  I vidit The number of compass directions (pie slices) is 1440.
10Jan19 14:14:15 pid=5625  I vidit The number of altitude zones is 24.
10Jan19 14:14:15 pid=5625  I vidit The latitude/longitude location of the antenna is: 49.9455248,7.9430989.
10Jan19 14:14:15 pid=5625  I vidit An altitude zone is 500 meter.
10Jan19 14:14:15 pid=5625  I vidit The following files fit with the filemask '*dump*.txt*':
10Jan19 14:14:15 pid=5625  I vidit     ./dump/dump1090-127_0_0_1-190110.txt
10Jan19 14:14:15 pid=5625  I vidit processing './dump/dump1090-127_0_0_1-190110.txt':
10Jan19 14:14:15 pid=5625  I vidit   -header units:altitude=meter,distance=kilometer,ground_speed=kilometerph, position 1- 1665 processed.
10Jan19 14:14:15 pid=5625  I vidit   -header units:altitude=meter,distance=kilometer,ground_speed=kilometerph, position 1666-4097. processed.
10Jan19 14:14:15 pid=5625  I vidit Number of files read: 1
10Jan19 14:14:15 pid=5625  I vidit Number of position processed: 4096 and positions within range processed: 3922
10Jan19 14:14:15 pid=5625  I vidit   1,Altitude zone:     0-   499,Directions:   19/ 1440,Positions processed:        20,Positions processed per direction: min:     1,max:     2,avg:     0,real avg:     1
10Jan19 14:14:15 pid=5625  I vidit   2,Altitude zone:   500-   999,Directions:   25/ 1440,Positions processed:         6,Positions processed per direction: min:     0,max:     1,avg:     0,real avg:     0
10Jan19 14:14:15 pid=5625  I vidit   3,Altitude zone:  1000-  1499,Directions:  105/ 1440,Positions processed:       135,Positions processed per direction: min:     1,max:     5,avg:     0,real avg:     1
10Jan19 14:14:15 pid=5625  I vidit   4,Altitude zone:  1500-  1999,Directions:  197/ 1440,Positions processed:       315,Positions processed per direction: min:     1,max:    10,avg:     0,real avg:     1
10Jan19 14:14:15 pid=5625  I vidit   5,Altitude zone:  2000-  2499,Directions:  460/ 1440,Positions processed:       403,Positions processed per direction: min:     0,max:     8,avg:     0,real avg:     0
10Jan19 14:14:15 pid=5625  I vidit   6,Altitude zone:  2500-  2999,Directions:  337/ 1440,Positions processed:       323,Positions processed per direction: min:     0,max:    10,avg:     0,real avg:     0
10Jan19 14:14:15 pid=5625  I vidit   7,Altitude zone:  3000-  3499,Directions:  265/ 1440,Positions processed:       181,Positions processed per direction: min:     0,max:    14,avg:     0,real avg:     0
10Jan19 14:14:15 pid=5625  I vidit   8,Altitude zone:  3500-  3999,Directions:  227/ 1440,Positions processed:       112,Positions processed per direction: min:     0,max:    18,avg:     0,real avg:     0
10Jan19 14:14:15 pid=5625  I vidit   9,Altitude zone:  4000-  4499,Directions:  214/ 1440,Positions processed:        11,Positions processed per direction: min:     0,max:     1,avg:     0,real avg:     0
10Jan19 14:14:15 pid=5625  I vidit  10,Altitude zone:  4500-  4999,Directions:  287/ 1440,Positions processed:        91,Positions processed per direction: min:     0,max:     3,avg:     0,real avg:     0
10Jan19 14:14:15 pid=5625  I vidit  11,Altitude zone:  5000-  5499,Directions:  260/ 1440,Positions processed:        81,Positions processed per direction: min:     0,max:     4,avg:     0,real avg:     0
10Jan19 14:14:15 pid=5625  I vidit  12,Altitude zone:  5500-  5999,Directions:  256/ 1440,Positions processed:        56,Positions processed per direction: min:     0,max:     2,avg:     0,real avg:     0
10Jan19 14:14:15 pid=5625  I vidit  13,Altitude zone:  6000-  6499,Directions:  285/ 1440,Positions processed:       135,Positions processed per direction: min:     0,max:     5,avg:     0,real avg:     0
10Jan19 14:14:15 pid=5625  I vidit  14,Altitude zone:  6500-  6999,Directions:  285/ 1440,Positions processed:       145,Positions processed per direction: min:     0,max:     6,avg:     0,real avg:     0
10Jan19 14:14:15 pid=5625  I vidit  15,Altitude zone:  7000-  7499,Directions:  213/ 1440,Positions processed:         7,Positions processed per direction: min:     0,max:     1,avg:     0,real avg:     0
10Jan19 14:14:15 pid=5625  I vidit  16,Altitude zone:  8000-  8499,Directions:  211/ 1440,Positions processed:         1,Positions processed per direction: min:     0,max:     1,avg:     0,real avg:     0
10Jan19 14:14:15 pid=5625  I vidit  17,Altitude zone:  9000-  9499,Directions:  345/ 1440,Positions processed:       168,Positions processed per direction: min:     0,max:     4,avg:     0,real avg:     0
10Jan19 14:14:15 pid=5625  I vidit  18,Altitude zone:  9500-  9999,Directions:  221/ 1440,Positions processed:        12,Positions processed per direction: min:     0,max:     1,avg:     0,real avg:     0
10Jan19 14:14:15 pid=5625  I vidit  19,Altitude zone: 10000- 10499,Directions:  303/ 1440,Positions processed:       199,Positions processed per direction: min:     1,max:    11,avg:     0,real avg:     0
10Jan19 14:14:15 pid=5625  I vidit  20,Altitude zone: 10500- 10999,Directions:  403/ 1440,Positions processed:       445,Positions processed per direction: min:     0,max:     9,avg:     0,real avg:     1
10Jan19 14:14:15 pid=5625  I vidit  21,Altitude zone: 11000- 11499,Directions:  394/ 1440,Positions processed:       459,Positions processed per direction: min:     0,max:     7,avg:     0,real avg:     1
10Jan19 14:14:15 pid=5625  I vidit  22,Altitude zone: 11500- 11999,Directions:  502/ 1440,Positions processed:       617,Positions processed per direction: min:     0,max:    26,avg:     0,real avg:     1
10Jan19 15:00:23 pid=20326 - vidit === NEW RUN MARKER ============================
10Jan19 15:00:23 pid=20326 L vidit Reading parameters and values from '/home/vidit/GIT/dump1090.socket30003/socket30003.cfg' config file:
10Jan19 15:00:23 pid=20326 L vidit Section: [common]
10Jan19 15:00:23 pid=20326 L vidit    filemask = dump*.txt
10Jan19 15:00:23 pid=20326 L vidit    #datadirectory = /tmp
10Jan19 15:00:23 pid=20326 L vidit    #logdirectory = /tmp
10Jan19 15:00:23 pid=20326 L vidit    piddirectory = /tmp
10Jan19 15:00:23 pid=20326 L vidit    #outputdirectory = /tmp
10Jan19 15:00:23 pid=20326 L vidit    distanceunit = kilometer
10Jan19 15:00:23 pid=20326 L vidit    altitudeunit = meter
10Jan19 15:00:23 pid=20326 L vidit    speedunit = kilometerph
10Jan19 15:00:23 pid=20326 L vidit    latitude = 49.9455248
10Jan19 15:00:23 pid=20326 L vidit    longitude = 7.9430989
10Jan19 15:00:23 pid=20326 L vidit    override = no
10Jan19 15:00:23 pid=20326 L vidit    timestamp = no
10Jan19 15:00:23 pid=20326 L vidit    sequencenumber = no
10Jan19 15:00:23 pid=20326 L vidit Section: [rangeview]
10Jan19 15:00:23 pid=20326 L vidit    maxaltitudemeter = 12000
10Jan19 15:00:23 pid=20326 L vidit    maxaltitudefeet = 36000
10Jan19 15:00:23 pid=20326 L vidit    minaltitude = 0
10Jan19 15:00:23 pid=20326 L vidit    numberofdirections = 1440
10Jan19 15:00:23 pid=20326 L vidit    numberofaltitudezones = 24
10Jan19 15:00:23 pid=20326 L vidit    outputdatafile = rangeview.kml
10Jan19 15:00:23 pid=20326 L vidit    #distanceunit = kilometer,kilometer
10Jan19 15:00:23 pid=20326 L vidit    #altitudeunit = meter,meter
10Jan19 15:00:23 pid=20326 L vidit    #filemask = dump*.txt
10Jan19 15:00:23 pid=20326 L vidit    #datadirectory = /tmp
10Jan19 15:00:23 pid=20326 L vidit    #logdirectory = /tmp
10Jan19 15:00:23 pid=20326 L vidit    #outputdirectory = /tmp
10Jan19 15:00:23 pid=20326 L vidit    #latitude = 52.085624
10Jan19 15:00:23 pid=20326 L vidit    #longitude = 5.0890591
10Jan19 15:00:23 pid=20326 L vidit    #override = no
10Jan19 15:00:23 pid=20326 L vidit    #timestamp = yes
10Jan19 15:00:23 pid=20326 L vidit    #sequencenumber = yes
10Jan19 15:00:23 pid=20326 I vidit Log file: './dump/rangeview-190110.log'
10Jan19 15:00:23 pid=20326 L vidit outputdirectory=./dump,outputdatafile=rangeview.kml(name=rangeview,extention=.kml),override=yes,timestamp=no,sequencenumber=no.
10Jan19 15:00:23 pid=20326 I vidit Output file: './dump/rangeview.kml'
10Jan19 15:00:23 pid=20326 I vidit The maximum altitude is 12000 meter.
10Jan19 15:00:23 pid=20326 I vidit The minimal altitude is 0 meter.
10Jan19 15:00:23 pid=20326 I vidit The number of compass directions (pie slices) is 1440.
10Jan19 15:00:23 pid=20326 I vidit The number of altitude zones is 24.
10Jan19 15:00:23 pid=20326 I vidit The latitude/longitude location of the antenna is: 49.9455248,7.9430989.
10Jan19 15:00:23 pid=20326 I vidit An altitude zone is 500 meter.
10Jan19 15:00:23 pid=20326 I vidit The following files fit with the filemask '*dump*.txt*':
10Jan19 15:00:23 pid=20326 I vidit     ./dump/dump1090-127_0_0_1-190110.txt
10Jan19 15:00:23 pid=20326 I vidit processing './dump/dump1090-127_0_0_1-190110.txt':
10Jan19 15:00:23 pid=20326 I vidit   -header units:altitude=meter,distance=kilometer,ground_speed=kilometerph, position 1- 1665 processed.
10Jan19 15:00:23 pid=20326 I vidit   -header units:altitude=meter,distance=kilometer,ground_speed=kilometerph, position 1666-8867. processed.
10Jan19 15:00:23 pid=20326 I vidit Number of files read: 1
10Jan19 15:00:23 pid=20326 I vidit Number of position processed: 8866 and positions within range processed: 7816
10Jan19 15:00:24 pid=20326 I vidit   1,Altitude zone:     0-   499,Directions:   19/ 1440,Positions processed:        20,Positions processed per direction: min:     1,max:     2,avg:     0,real avg:     1
10Jan19 15:00:24 pid=20326 I vidit   2,Altitude zone:   500-   999,Directions:   28/ 1440,Positions processed:         9,Positions processed per direction: min:     0,max:     1,avg:     0,real avg:     0
10Jan19 15:00:24 pid=20326 I vidit   3,Altitude zone:  1000-  1499,Directions:  296/ 1440,Positions processed:       407,Positions processed per direction: min:     1,max:     8,avg:     0,real avg:     1
10Jan19 15:00:24 pid=20326 I vidit   4,Altitude zone:  1500-  1999,Directions:  454/ 1440,Positions processed:       724,Positions processed per direction: min:     1,max:    11,avg:     0,real avg:     1
10Jan19 15:00:24 pid=20326 I vidit   5,Altitude zone:  2000-  2499,Directions:  783/ 1440,Positions processed:       989,Positions processed per direction: min:     0,max:    13,avg:     0,real avg:     1
10Jan19 15:00:24 pid=20326 I vidit   6,Altitude zone:  2500-  2999,Directions:  638/ 1440,Positions processed:       673,Positions processed per direction: min:     0,max:    23,avg:     0,real avg:     1
10Jan19 15:00:24 pid=20326 I vidit   7,Altitude zone:  3000-  3499,Directions:  456/ 1440,Positions processed:       373,Positions processed per direction: min:     0,max:    22,avg:     0,real avg:     0
10Jan19 15:00:24 pid=20326 I vidit   8,Altitude zone:  3500-  3999,Directions:  402/ 1440,Positions processed:       122,Positions processed per direction: min:     0,max:    18,avg:     0,real avg:     0
10Jan19 15:00:24 pid=20326 I vidit   9,Altitude zone:  4000-  4499,Directions:  387/ 1440,Positions processed:        11,Positions processed per direction: min:     0,max:     1,avg:     0,real avg:     0
10Jan19 15:00:24 pid=20326 I vidit  10,Altitude zone:  4500-  4999,Directions:  460/ 1440,Positions processed:        91,Positions processed per direction: min:     0,max:     3,avg:     0,real avg:     0
10Jan19 15:00:24 pid=20326 I vidit  11,Altitude zone:  5000-  5499,Directions:  433/ 1440,Positions processed:        81,Positions processed per direction: min:     0,max:     4,avg:     0,real avg:     0
10Jan19 15:00:24 pid=20326 I vidit  12,Altitude zone:  5500-  5999,Directions:  429/ 1440,Positions processed:        59,Positions processed per direction: min:     0,max:     2,avg:     0,real avg:     0
10Jan19 15:00:24 pid=20326 I vidit  13,Altitude zone:  6000-  6499,Directions:  478/ 1440,Positions processed:       165,Positions processed per direction: min:     0,max:    11,avg:     0,real avg:     0
10Jan19 15:00:24 pid=20326 I vidit  14,Altitude zone:  6500-  6999,Directions:  515/ 1440,Positions processed:       248,Positions processed per direction: min:     0,max:    13,avg:     0,real avg:     0
10Jan19 15:00:24 pid=20326 I vidit  15,Altitude zone:  7000-  7499,Directions:  557/ 1440,Positions processed:       249,Positions processed per direction: min:     0,max:     5,avg:     0,real avg:     0
10Jan19 15:00:24 pid=20326 I vidit  16,Altitude zone:  7500-  7999,Directions:  386/ 1440,Positions processed:         4,Positions processed per direction: min:     0,max:     2,avg:     0,real avg:     0
10Jan19 15:00:24 pid=20326 I vidit  17,Altitude zone:  8000-  8499,Directions:  384/ 1440,Positions processed:         1,Positions processed per direction: min:     0,max:     1,avg:     0,real avg:     0
10Jan19 15:00:24 pid=20326 I vidit  18,Altitude zone:  8500-  8999,Directions:  384/ 1440,Positions processed:         1,Positions processed per direction: min:     0,max:     1,avg:     0,real avg:     0
10Jan19 15:00:24 pid=20326 I vidit  19,Altitude zone:  9000-  9499,Directions:  540/ 1440,Positions processed:       237,Positions processed per direction: min:     0,max:     4,avg:     0,real avg:     0
10Jan19 15:00:24 pid=20326 I vidit  20,Altitude zone:  9500-  9999,Directions:  466/ 1440,Positions processed:       103,Positions processed per direction: min:     0,max:     3,avg:     0,real avg:     0
10Jan19 15:00:24 pid=20326 I vidit  21,Altitude zone: 10000- 10499,Directions:  612/ 1440,Positions processed:       422,Positions processed per direction: min:     1,max:    11,avg:     0,real avg:     0
10Jan19 15:00:24 pid=20326 I vidit  22,Altitude zone: 10500- 10999,Directions:  678/ 1440,Positions processed:       940,Positions processed per direction: min:     0,max:    18,avg:     0,real avg:     1
10Jan19 15:00:24 pid=20326 I vidit  23,Altitude zone: 11000- 11499,Directions:  715/ 1440,Positions processed:      1242,Positions processed per direction: min:     0,max:    29,avg:     0,real avg:     1
10Jan19 15:00:24 pid=20326 I vidit  24,Altitude zone: 11500- 11999,Directions:  688/ 1440,Positions processed:       645,Positions processed per direction: min:     0,max:    26,avg:     0,real avg:     0
10Jan19 15:37:41 pid=25864 - vidit === NEW RUN MARKER ============================
10Jan19 15:37:41 pid=25864 L vidit Reading parameters and values from '/home/vidit/GIT/dump1090.socket30003/socket30003.cfg' config file:
10Jan19 15:37:41 pid=25864 L vidit Section: [common]
10Jan19 15:37:41 pid=25864 L vidit    filemask = dump*.txt
10Jan19 15:37:41 pid=25864 L vidit    #datadirectory = /tmp
10Jan19 15:37:41 pid=25864 L vidit    #logdirectory = /tmp
10Jan19 15:37:41 pid=25864 L vidit    piddirectory = /tmp
10Jan19 15:37:41 pid=25864 L vidit    #outputdirectory = /tmp
10Jan19 15:37:41 pid=25864 L vidit    distanceunit = kilometer
10Jan19 15:37:41 pid=25864 L vidit    altitudeunit = meter
10Jan19 15:37:41 pid=25864 L vidit    speedunit = kilometerph
10Jan19 15:37:41 pid=25864 L vidit    latitude = 49.9455248
10Jan19 15:37:41 pid=25864 L vidit    longitude = 7.9430989
10Jan19 15:37:41 pid=25864 L vidit    override = no
10Jan19 15:37:41 pid=25864 L vidit    timestamp = no
10Jan19 15:37:41 pid=25864 L vidit    sequencenumber = no
10Jan19 15:37:41 pid=25864 L vidit Section: [rangeview]
10Jan19 15:37:41 pid=25864 L vidit    maxaltitudemeter = 12000
10Jan19 15:37:41 pid=25864 L vidit    maxaltitudefeet = 36000
10Jan19 15:37:41 pid=25864 L vidit    minaltitude = 0
10Jan19 15:37:41 pid=25864 L vidit    numberofdirections = 1440
10Jan19 15:37:41 pid=25864 L vidit    numberofaltitudezones = 24
10Jan19 15:37:41 pid=25864 L vidit    outputdatafile = rangeview.kml
10Jan19 15:37:41 pid=25864 L vidit    #distanceunit = kilometer,kilometer
10Jan19 15:37:41 pid=25864 L vidit    #altitudeunit = meter,meter
10Jan19 15:37:41 pid=25864 L vidit    #filemask = dump*.txt
10Jan19 15:37:41 pid=25864 L vidit    #datadirectory = /tmp
10Jan19 15:37:41 pid=25864 L vidit    #logdirectory = /tmp
10Jan19 15:37:41 pid=25864 L vidit    #outputdirectory = /tmp
10Jan19 15:37:41 pid=25864 L vidit    #latitude = 52.085624
10Jan19 15:37:41 pid=25864 L vidit    #longitude = 5.0890591
10Jan19 15:37:41 pid=25864 L vidit    #override = no
10Jan19 15:37:41 pid=25864 L vidit    #timestamp = yes
10Jan19 15:37:41 pid=25864 L vidit    #sequencenumber = yes
10Jan19 15:37:41 pid=25864 I vidit Log file: './dump/rangeview-190110.log'
10Jan19 15:37:41 pid=25864 L vidit outputdirectory=./dump,outputdatafile=rangeview.kml(name=rangeview,extention=.kml),override=yes,timestamp=no,sequencenumber=no.
10Jan19 15:37:41 pid=25864 I vidit Output file: './dump/rangeview.kml'
10Jan19 15:37:41 pid=25864 I vidit The maximum altitude is 12000 meter.
10Jan19 15:37:41 pid=25864 I vidit The minimal altitude is 0 meter.
10Jan19 15:37:41 pid=25864 I vidit The number of compass directions (pie slices) is 1440.
10Jan19 15:37:41 pid=25864 I vidit The number of altitude zones is 24.
10Jan19 15:37:41 pid=25864 I vidit The latitude/longitude location of the antenna is: 49.9455248,7.9430989.
10Jan19 15:37:41 pid=25864 I vidit An altitude zone is 500 meter.
10Jan19 15:37:41 pid=25864 I vidit The following files fit with the filemask '*dump*.txt*':
10Jan19 15:37:41 pid=25864 I vidit     ./dump/dump1090-127_0_0_1-190110.txt
10Jan19 15:37:41 pid=25864 I vidit processing './dump/dump1090-127_0_0_1-190110.txt':
10Jan19 15:37:41 pid=25864 I vidit   -header units:altitude=meter,distance=kilometer,ground_speed=kilometerph, position 1- 1665 processed.
10Jan19 15:37:41 pid=25864 I vidit   -header units:altitude=meter,distance=kilometer,ground_speed=kilometerph, position 1666-12876. processed.
10Jan19 15:37:41 pid=25864 I vidit Number of files read: 1
10Jan19 15:37:41 pid=25864 I vidit Number of position processed: 12875 and positions within range processed: 11756
10Jan19 15:37:41 pid=25864 I vidit   1,Altitude zone:     0-   499,Directions:   19/ 1440,Positions processed:        20,Positions processed per direction: min:     1,max:     2,avg:     0,real avg:     1
10Jan19 15:37:41 pid=25864 I vidit   2,Altitude zone:   500-   999,Directions:   28/ 1440,Positions processed:         9,Positions processed per direction: min:     0,max:     1,avg:     0,real avg:     0
10Jan19 15:37:41 pid=25864 I vidit   3,Altitude zone:  1000-  1499,Directions:  406/ 1440,Positions processed:       739,Positions processed per direction: min:     1,max:    21,avg:     0,real avg:     1
10Jan19 15:37:41 pid=25864 I vidit   4,Altitude zone:  1500-  1999,Directions:  543/ 1440,Positions processed:      1209,Positions processed per direction: min:     1,max:    23,avg:     0,real avg:     2
10Jan19 15:37:41 pid=25864 I vidit   5,Altitude zone:  2000-  2499,Directions:  874/ 1440,Positions processed:      1120,Positions processed per direction: min:     0,max:    18,avg:     0,real avg:     1
10Jan19 15:37:41 pid=25864 I vidit   6,Altitude zone:  2500-  2999,Directions:  743/ 1440,Positions processed:       749,Positions processed per direction: min:     0,max:    23,avg:     0,real avg:     1
10Jan19 15:37:41 pid=25864 I vidit   7,Altitude zone:  3000-  3499,Directions:  586/ 1440,Positions processed:       569,Positions processed per direction: min:     0,max:    25,avg:     0,real avg:     0
10Jan19 15:37:41 pid=25864 I vidit   8,Altitude zone:  3500-  3999,Directions:  539/ 1440,Positions processed:       197,Positions processed per direction: min:     0,max:    18,avg:     0,real avg:     0
10Jan19 15:37:41 pid=25864 I vidit   9,Altitude zone:  4000-  4499,Directions:  469/ 1440,Positions processed:        15,Positions processed per direction: min:     0,max:     1,avg:     0,real avg:     0
10Jan19 15:37:41 pid=25864 I vidit  10,Altitude zone:  4500-  4999,Directions:  538/ 1440,Positions processed:        91,Positions processed per direction: min:     0,max:     3,avg:     0,real avg:     0
10Jan19 15:37:41 pid=25864 I vidit  11,Altitude zone:  5000-  5499,Directions:  511/ 1440,Positions processed:        81,Positions processed per direction: min:     0,max:     4,avg:     0,real avg:     0
10Jan19 15:37:41 pid=25864 I vidit  12,Altitude zone:  5500-  5999,Directions:  545/ 1440,Positions processed:       110,Positions processed per direction: min:     0,max:     3,avg:     0,real avg:     0
10Jan19 15:37:41 pid=25864 I vidit  13,Altitude zone:  6000-  6499,Directions:  621/ 1440,Positions processed:       298,Positions processed per direction: min:     1,max:    11,avg:     0,real avg:     0
10Jan19 15:37:41 pid=25864 I vidit  14,Altitude zone:  6500-  6999,Directions:  631/ 1440,Positions processed:       412,Positions processed per direction: min:     0,max:    16,avg:     0,real avg:     0
10Jan19 15:37:41 pid=25864 I vidit  15,Altitude zone:  7000-  7499,Directions:  639/ 1440,Positions processed:       344,Positions processed per direction: min:     0,max:    11,avg:     0,real avg:     0
10Jan19 15:37:41 pid=25864 I vidit  16,Altitude zone:  7500-  7999,Directions:  472/ 1440,Positions processed:        34,Positions processed per direction: min:     0,max:     6,avg:     0,real avg:     0
10Jan19 15:37:41 pid=25864 I vidit  17,Altitude zone:  8000-  8499,Directions:  462/ 1440,Positions processed:         2,Positions processed per direction: min:     0,max:     1,avg:     0,real avg:     0
10Jan19 15:37:41 pid=25864 I vidit  18,Altitude zone:  8500-  8999,Directions:  461/ 1440,Positions processed:         1,Positions processed per direction: min:     0,max:     1,avg:     0,real avg:     0
10Jan19 15:37:41 pid=25864 I vidit  19,Altitude zone:  9000-  9499,Directions:  643/ 1440,Positions processed:       338,Positions processed per direction: min:     0,max:     9,avg:     0,real avg:     0
10Jan19 15:37:41 pid=25864 I vidit  20,Altitude zone:  9500-  9999,Directions:  541/ 1440,Positions processed:       106,Positions processed per direction: min:     0,max:     3,avg:     0,real avg:     0
10Jan19 15:37:41 pid=25864 I vidit  21,Altitude zone: 10000- 10499,Directions:  707/ 1440,Positions processed:       593,Positions processed per direction: min:     1,max:    12,avg:     0,real avg:     0
10Jan19 15:37:41 pid=25864 I vidit  22,Altitude zone: 10500- 10999,Directions:  772/ 1440,Positions processed:      1155,Positions processed per direction: min:     0,max:    21,avg:     0,real avg:     1
10Jan19 15:37:41 pid=25864 I vidit  23,Altitude zone: 11000- 11499,Directions:  847/ 1440,Positions processed:      1841,Positions processed per direction: min:     0,max:    29,avg:     1,real avg:     2
10Jan19 15:37:41 pid=25864 I vidit  24,Altitude zone: 11500- 11999,Directions:  837/ 1440,Positions processed:      1723,Positions processed per direction: min:     0,max:    70,avg:     1,real avg:     2
10Jan19 16:10:44 pid=27174 - vidit === NEW RUN MARKER ============================
10Jan19 16:10:44 pid=27174 L vidit Reading parameters and values from '/home/vidit/GIT/dump1090.socket30003/socket30003.cfg' config file:
10Jan19 16:10:44 pid=27174 L vidit Section: [common]
10Jan19 16:10:44 pid=27174 L vidit    filemask = dump*.txt
10Jan19 16:10:44 pid=27174 L vidit    #datadirectory = /tmp
10Jan19 16:10:44 pid=27174 L vidit    #logdirectory = /tmp
10Jan19 16:10:44 pid=27174 L vidit    piddirectory = /tmp
10Jan19 16:10:44 pid=27174 L vidit    #outputdirectory = /tmp
10Jan19 16:10:44 pid=27174 L vidit    distanceunit = kilometer
10Jan19 16:10:44 pid=27174 L vidit    altitudeunit = meter
10Jan19 16:10:44 pid=27174 L vidit    speedunit = kilometerph
10Jan19 16:10:44 pid=27174 L vidit    latitude = 49.9455248
10Jan19 16:10:44 pid=27174 L vidit    longitude = 7.9430989
10Jan19 16:10:44 pid=27174 L vidit    override = no
10Jan19 16:10:44 pid=27174 L vidit    timestamp = no
10Jan19 16:10:44 pid=27174 L vidit    sequencenumber = no
10Jan19 16:10:44 pid=27174 L vidit Section: [rangeview]
10Jan19 16:10:44 pid=27174 L vidit    maxaltitudemeter = 12000
10Jan19 16:10:44 pid=27174 L vidit    maxaltitudefeet = 36000
10Jan19 16:10:44 pid=27174 L vidit    minaltitude = 0
10Jan19 16:10:44 pid=27174 L vidit    numberofdirections = 1440
10Jan19 16:10:44 pid=27174 L vidit    numberofaltitudezones = 24
10Jan19 16:10:44 pid=27174 L vidit    outputdatafile = rangeview.kml
10Jan19 16:10:44 pid=27174 L vidit    #distanceunit = kilometer,kilometer
10Jan19 16:10:44 pid=27174 L vidit    #altitudeunit = meter,meter
10Jan19 16:10:44 pid=27174 L vidit    #filemask = dump*.txt
10Jan19 16:10:44 pid=27174 L vidit    #datadirectory = /tmp
10Jan19 16:10:44 pid=27174 L vidit    #logdirectory = /tmp
10Jan19 16:10:44 pid=27174 L vidit    #outputdirectory = /tmp
10Jan19 16:10:44 pid=27174 L vidit    #latitude = 52.085624
10Jan19 16:10:44 pid=27174 L vidit    #longitude = 5.0890591
10Jan19 16:10:44 pid=27174 L vidit    #override = no
10Jan19 16:10:44 pid=27174 L vidit    #timestamp = yes
10Jan19 16:10:44 pid=27174 L vidit    #sequencenumber = yes
10Jan19 16:10:44 pid=27174 I vidit Log file: './dump/rangeview-190110.log'
10Jan19 16:10:44 pid=27174 L vidit outputdirectory=./dump,outputdatafile=rangeview.kml(name=rangeview,extention=.kml),override=yes,timestamp=no,sequencenumber=no.
10Jan19 16:10:44 pid=27174 I vidit Output file: './dump/rangeview.kml'
10Jan19 16:10:44 pid=27174 I vidit The maximum altitude is 12000 meter.
10Jan19 16:10:44 pid=27174 I vidit The minimal altitude is 0 meter.
10Jan19 16:10:44 pid=27174 I vidit The number of compass directions (pie slices) is 1440.
10Jan19 16:10:44 pid=27174 I vidit The number of altitude zones is 24.
10Jan19 16:10:44 pid=27174 I vidit The latitude/longitude location of the antenna is: 49.9455248,7.9430989.
10Jan19 16:10:44 pid=27174 I vidit An altitude zone is 500 meter.
10Jan19 16:10:44 pid=27174 I vidit The following files fit with the filemask '*dump*.txt*':
10Jan19 16:10:44 pid=27174 I vidit     ./dump/dump1090-127_0_0_1-190110.txt
10Jan19 16:10:44 pid=27174 I vidit processing './dump/dump1090-127_0_0_1-190110.txt':
10Jan19 16:10:44 pid=27174 I vidit   -header units:altitude=meter,distance=kilometer,ground_speed=kilometerph, position 1- 1665 processed.
10Jan19 16:10:44 pid=27174 I vidit   -header units:altitude=meter,distance=kilometer,ground_speed=kilometerph, position 1666-18303. processed.
10Jan19 16:10:44 pid=27174 I vidit Number of files read: 1
10Jan19 16:10:44 pid=27174 I vidit Number of position processed: 18302 and positions within range processed: 16863
10Jan19 16:10:44 pid=27174 I vidit   1,Altitude zone:     0-   499,Directions:   19/ 1440,Positions processed:        20,Positions processed per direction: min:     1,max:     2,avg:     0,real avg:     1
10Jan19 16:10:44 pid=27174 I vidit   2,Altitude zone:   500-   999,Directions:   28/ 1440,Positions processed:         9,Positions processed per direction: min:     0,max:     1,avg:     0,real avg:     0
10Jan19 16:10:44 pid=27174 I vidit   3,Altitude zone:  1000-  1499,Directions:  999/ 1440,Positions processed:      2331,Positions processed per direction: min:     1,max:    43,avg:     1,real avg:     2
10Jan19 16:10:44 pid=27174 I vidit   4,Altitude zone:  1500-  1999,Directions:  832/ 1440,Positions processed:      1687,Positions processed per direction: min:     0,max:    28,avg:     1,real avg:     2
10Jan19 16:10:44 pid=27174 I vidit   5,Altitude zone:  2000-  2499,Directions: 1043/ 1440,Positions processed:      1391,Positions processed per direction: min:     0,max:    21,avg:     0,real avg:     1
10Jan19 16:10:44 pid=27174 I vidit   6,Altitude zone:  2500-  2999,Directions:  916/ 1440,Positions processed:       881,Positions processed per direction: min:     0,max:    23,avg:     0,real avg:     0
10Jan19 16:10:44 pid=27174 I vidit   7,Altitude zone:  3000-  3499,Directions:  762/ 1440,Positions processed:       689,Positions processed per direction: min:     0,max:    25,avg:     0,real avg:     0
10Jan19 16:10:44 pid=27174 I vidit   8,Altitude zone:  3500-  3999,Directions:  697/ 1440,Positions processed:       225,Positions processed per direction: min:     0,max:    19,avg:     0,real avg:     0
10Jan19 16:10:44 pid=27174 I vidit   9,Altitude zone:  4000-  4499,Directions:  622/ 1440,Positions processed:        15,Positions processed per direction: min:     0,max:     1,avg:     0,real avg:     0
10Jan19 16:10:44 pid=27174 I vidit  10,Altitude zone:  4500-  4999,Directions:  691/ 1440,Positions processed:        91,Positions processed per direction: min:     0,max:     3,avg:     0,real avg:     0
10Jan19 16:10:44 pid=27174 I vidit  11,Altitude zone:  5000-  5499,Directions:  664/ 1440,Positions processed:        81,Positions processed per direction: min:     0,max:     4,avg:     0,real avg:     0
10Jan19 16:10:44 pid=27174 I vidit  12,Altitude zone:  5500-  5999,Directions:  715/ 1440,Positions processed:       166,Positions processed per direction: min:     0,max:     9,avg:     0,real avg:     0
10Jan19 16:10:44 pid=27174 I vidit  13,Altitude zone:  6000-  6499,Directions:  786/ 1440,Positions processed:       331,Positions processed per direction: min:     0,max:    11,avg:     0,real avg:     0
10Jan19 16:10:44 pid=27174 I vidit  14,Altitude zone:  6500-  6999,Directions:  782/ 1440,Positions processed:       412,Positions processed per direction: min:     0,max:    16,avg:     0,real avg:     0
10Jan19 16:10:44 pid=27174 I vidit  15,Altitude zone:  7000-  7499,Directions:  870/ 1440,Positions processed:       519,Positions processed per direction: min:     0,max:    22,avg:     0,real avg:     0
10Jan19 16:10:44 pid=27174 I vidit  16,Altitude zone:  7500-  7999,Directions:  627/ 1440,Positions processed:        40,Positions processed per direction: min:     0,max:     6,avg:     0,real avg:     0
10Jan19 16:10:44 pid=27174 I vidit  17,Altitude zone:  8000-  8499,Directions:  614/ 1440,Positions processed:        10,Positions processed per direction: min:     0,max:     7,avg:     0,real avg:     0
10Jan19 16:10:44 pid=27174 I vidit  18,Altitude zone:  8500-  8999,Directions:  612/ 1440,Positions processed:         1,Positions processed per direction: min:     0,max:     1,avg:     0,real avg:     0
10Jan19 16:10:44 pid=27174 I vidit  19,Altitude zone:  9000-  9499,Directions:  838/ 1440,Positions processed:       436,Positions processed per direction: min:     0,max:    11,avg:     0,real avg:     0
10Jan19 16:10:44 pid=27174 I vidit  20,Altitude zone:  9500-  9999,Directions:  693/ 1440,Positions processed:       123,Positions processed per direction: min:     0,max:    10,avg:     0,real avg:     0
10Jan19 16:10:44 pid=27174 I vidit  21,Altitude zone: 10000- 10499,Directions:  883/ 1440,Positions processed:       859,Positions processed per direction: min:     0,max:    12,avg:     0,real avg:     0
10Jan19 16:10:44 pid=27174 I vidit  22,Altitude zone: 10500- 10999,Directions:  962/ 1440,Positions processed:      1617,Positions processed per direction: min:     0,max:    22,avg:     1,real avg:     1
10Jan19 16:10:44 pid=27174 I vidit  23,Altitude zone: 11000- 11499,Directions: 1020/ 1440,Positions processed:      2647,Positions processed per direction: min:     0,max:    70,avg:     1,real avg:     2
10Jan19 16:10:45 pid=27174 I vidit  24,Altitude zone: 11500- 11999,Directions: 1021/ 1440,Positions processed:      2282,Positions processed per direction: min:     0,max:    71,avg:     1,real avg:     2
10Jan19 16:28:14 pid=12811 - vidit === NEW RUN MARKER ============================
10Jan19 16:28:14 pid=12811 L vidit Reading parameters and values from '/home/vidit/GIT/dump1090.socket30003/socket30003.cfg' config file:
10Jan19 16:28:14 pid=12811 L vidit Section: [common]
10Jan19 16:28:14 pid=12811 L vidit    filemask = dump*.txt
10Jan19 16:28:14 pid=12811 L vidit    #datadirectory = /tmp
10Jan19 16:28:14 pid=12811 L vidit    #logdirectory = /tmp
10Jan19 16:28:14 pid=12811 L vidit    piddirectory = /tmp
10Jan19 16:28:14 pid=12811 L vidit    #outputdirectory = /tmp
10Jan19 16:28:14 pid=12811 L vidit    distanceunit = kilometer
10Jan19 16:28:14 pid=12811 L vidit    altitudeunit = meter
10Jan19 16:28:14 pid=12811 L vidit    speedunit = kilometerph
10Jan19 16:28:14 pid=12811 L vidit    latitude = 49.9455248
10Jan19 16:28:14 pid=12811 L vidit    longitude = 7.9430989
10Jan19 16:28:14 pid=12811 L vidit    override = no
10Jan19 16:28:14 pid=12811 L vidit    timestamp = no
10Jan19 16:28:14 pid=12811 L vidit    sequencenumber = no
10Jan19 16:28:14 pid=12811 L vidit Section: [rangeview]
10Jan19 16:28:14 pid=12811 L vidit    maxaltitudemeter = 12000
10Jan19 16:28:14 pid=12811 L vidit    maxaltitudefeet = 36000
10Jan19 16:28:14 pid=12811 L vidit    minaltitude = 0
10Jan19 16:28:14 pid=12811 L vidit    numberofdirections = 1440
10Jan19 16:28:14 pid=12811 L vidit    numberofaltitudezones = 24
10Jan19 16:28:14 pid=12811 L vidit    outputdatafile = rangeview.kml
10Jan19 16:28:14 pid=12811 L vidit    #distanceunit = kilometer,kilometer
10Jan19 16:28:14 pid=12811 L vidit    #altitudeunit = meter,meter
10Jan19 16:28:14 pid=12811 L vidit    #filemask = dump*.txt
10Jan19 16:28:14 pid=12811 L vidit    #datadirectory = /tmp
10Jan19 16:28:14 pid=12811 L vidit    #logdirectory = /tmp
10Jan19 16:28:14 pid=12811 L vidit    #outputdirectory = /tmp
10Jan19 16:28:14 pid=12811 L vidit    #latitude = 52.085624
10Jan19 16:28:14 pid=12811 L vidit    #longitude = 5.0890591
10Jan19 16:28:14 pid=12811 L vidit    #override = no
10Jan19 16:28:14 pid=12811 L vidit    #timestamp = yes
10Jan19 16:28:14 pid=12811 L vidit    #sequencenumber = yes
10Jan19 16:28:14 pid=12811 I vidit Log file: './dump/rangeview-190110.log'
10Jan19 16:28:14 pid=12811 L vidit outputdirectory=./dump,outputdatafile=rangeview.kml(name=rangeview,extention=.kml),override=yes,timestamp=no,sequencenumber=no.
10Jan19 16:28:14 pid=12811 I vidit Output file: './dump/rangeview.kml'
10Jan19 16:28:14 pid=12811 I vidit The maximum altitude is 12000 meter.
10Jan19 16:28:14 pid=12811 I vidit The minimal altitude is 0 meter.
10Jan19 16:28:14 pid=12811 I vidit The number of compass directions (pie slices) is 1440.
10Jan19 16:28:14 pid=12811 I vidit The number of altitude zones is 24.
10Jan19 16:28:14 pid=12811 I vidit The latitude/longitude location of the antenna is: 49.9455248,7.9430989.
10Jan19 16:28:14 pid=12811 I vidit An altitude zone is 500 meter.
10Jan19 16:28:14 pid=12811 I vidit The following files fit with the filemask '*dump*.txt*':
10Jan19 16:28:14 pid=12811 I vidit     ./dump/dump1090-127_0_0_1-190110.txt
10Jan19 16:28:14 pid=12811 I vidit processing './dump/dump1090-127_0_0_1-190110.txt':
10Jan19 16:28:14 pid=12811 I vidit   -header units:altitude=meter,distance=kilometer,ground_speed=kilometerph, position 1- 1665 processed.
10Jan19 16:28:14 pid=12811 I vidit   -header units:altitude=meter,distance=kilometer,ground_speed=kilometerph, position 1666-20268. processed.
10Jan19 16:28:14 pid=12811 I vidit Number of files read: 1
10Jan19 16:28:14 pid=12811 I vidit Number of position processed: 20267 and positions within range processed: 18808
10Jan19 16:28:14 pid=12811 I vidit   1,Altitude zone:     0-   499,Directions:   19/ 1440,Positions processed:        20,Positions processed per direction: min:     1,max:     2,avg:     0,real avg:     1
10Jan19 16:28:14 pid=12811 I vidit   2,Altitude zone:   500-   999,Directions:   30/ 1440,Positions processed:        16,Positions processed per direction: min:     0,max:     1,avg:     0,real avg:     0
10Jan19 16:28:14 pid=12811 I vidit   3,Altitude zone:  1000-  1499,Directions: 1035/ 1440,Positions processed:      2644,Positions processed per direction: min:     1,max:    49,avg:     1,real avg:     2
10Jan19 16:28:14 pid=12811 I vidit   4,Altitude zone:  1500-  1999,Directions:  891/ 1440,Positions processed:      1858,Positions processed per direction: min:     0,max:    30,avg:     1,real avg:     2
10Jan19 16:28:14 pid=12811 I vidit   5,Altitude zone:  2000-  2499,Directions: 1062/ 1440,Positions processed:      1421,Positions processed per direction: min:     0,max:    21,avg:     0,real avg:     1
10Jan19 16:28:14 pid=12811 I vidit   6,Altitude zone:  2500-  2999,Directions:  932/ 1440,Positions processed:       921,Positions processed per direction: min:     0,max:    23,avg:     0,real avg:     0
10Jan19 16:28:14 pid=12811 I vidit   7,Altitude zone:  3000-  3499,Directions:  786/ 1440,Positions processed:       719,Positions processed per direction: min:     0,max:    25,avg:     0,real avg:     0
10Jan19 16:28:14 pid=12811 I vidit   8,Altitude zone:  3500-  3999,Directions:  712/ 1440,Positions processed:       226,Positions processed per direction: min:     0,max:    19,avg:     0,real avg:     0
10Jan19 16:28:14 pid=12811 I vidit   9,Altitude zone:  4000-  4499,Directions:  636/ 1440,Positions processed:        16,Positions processed per direction: min:     0,max:     1,avg:     0,real avg:     0
10Jan19 16:28:14 pid=12811 I vidit  10,Altitude zone:  4500-  4999,Directions:  705/ 1440,Positions processed:        91,Positions processed per direction: min:     0,max:     3,avg:     0,real avg:     0
10Jan19 16:28:14 pid=12811 I vidit  11,Altitude zone:  5000-  5499,Directions:  748/ 1440,Positions processed:       153,Positions processed per direction: min:     0,max:     4,avg:     0,real avg:     0
10Jan19 16:28:15 pid=12811 I vidit  12,Altitude zone:  5500-  5999,Directions:  798/ 1440,Positions processed:       276,Positions processed per direction: min:     0,max:     9,avg:     0,real avg:     0
10Jan19 16:28:15 pid=12811 I vidit  13,Altitude zone:  6000-  6499,Directions:  830/ 1440,Positions processed:       425,Positions processed per direction: min:     0,max:    11,avg:     0,real avg:     0
10Jan19 16:28:15 pid=12811 I vidit  14,Altitude zone:  6500-  6999,Directions:  816/ 1440,Positions processed:       463,Positions processed per direction: min:     0,max:    16,avg:     0,real avg:     0
10Jan19 16:28:15 pid=12811 I vidit  15,Altitude zone:  7000-  7499,Directions:  906/ 1440,Positions processed:       645,Positions processed per direction: min:     0,max:    22,avg:     0,real avg:     0
10Jan19 16:28:15 pid=12811 I vidit  16,Altitude zone:  7500-  7999,Directions:  658/ 1440,Positions processed:        65,Positions processed per direction: min:     0,max:     6,avg:     0,real avg:     0
10Jan19 16:28:15 pid=12811 I vidit  17,Altitude zone:  8000-  8499,Directions:  654/ 1440,Positions processed:        72,Positions processed per direction: min:     0,max:     7,avg:     0,real avg:     0
10Jan19 16:28:15 pid=12811 I vidit  18,Altitude zone:  8500-  8999,Directions:  688/ 1440,Positions processed:        67,Positions processed per direction: min:     0,max:     2,avg:     0,real avg:     0
10Jan19 16:28:15 pid=12811 I vidit  19,Altitude zone:  9000-  9499,Directions:  852/ 1440,Positions processed:       436,Positions processed per direction: min:     0,max:    11,avg:     0,real avg:     0
10Jan19 16:28:15 pid=12811 I vidit  20,Altitude zone:  9500-  9999,Directions:  707/ 1440,Positions processed:       125,Positions processed per direction: min:     0,max:    10,avg:     0,real avg:     0
10Jan19 16:28:15 pid=12811 I vidit  21,Altitude zone: 10000- 10499,Directions:  899/ 1440,Positions processed:       866,Positions processed per direction: min:     0,max:    12,avg:     0,real avg:     0
10Jan19 16:28:15 pid=12811 I vidit  22,Altitude zone: 10500- 10999,Directions:  979/ 1440,Positions processed:      1848,Positions processed per direction: min:     0,max:    29,avg:     1,real avg:     1
10Jan19 16:28:15 pid=12811 I vidit  23,Altitude zone: 11000- 11499,Directions: 1033/ 1440,Positions processed:      2727,Positions processed per direction: min:     0,max:    70,avg:     1,real avg:     2
10Jan19 16:28:15 pid=12811 I vidit  24,Altitude zone: 11500- 11999,Directions: 1041/ 1440,Positions processed:      2708,Positions processed per direction: min:     0,max:    72,avg:     1,real avg:     2
